[ 2018-06-01T07:33:10+08:00 ][ info ] [ LANG ] /var/www/html/swoole-live/thinkphp/lang/zh-cn.php
[ 2018-06-01T07:33:10+08:00 ][ info ] [ ROUTE ] array (
)
[ 2018-06-01T07:33:10+08:00 ][ info ] [ HEADER ] array (
)
[ 2018-06-01T07:33:10+08:00 ][ info ] [ PARAM ] array (
)
[ 2018-06-01T07:35:25+08:00 ][ info ] [ LANG ] /var/www/html/swoole-live/thinkphp/lang/zh-cn.php
[ info ] [ LOG ] INIT File
[ 2018-06-01T07:35:25+08:00 ][ info ] [ ROUTE ] array (
)
[ 2018-06-01T07:35:25+08:00 ][ info ] [ HEADER ] array (
)
[ 2018-06-01T07:35:25+08:00 ][ info ] [ PARAM ] array (
)
[ 2018-06-01T23:25:07+08:00 ][ info ] [ LANG ] /var/www/html/swoole-live/thinkphp/lang/zh-cn.php
[ 2018-06-01T23:25:07+08:00 ][ info ] [ ROUTE ] array (
)
[ 2018-06-01T23:25:07+08:00 ][ info ] [ HEADER ] array (
)
[ 2018-06-01T23:25:07+08:00 ][ info ] [ PARAM ] array (
)
[ 2018-06-01T23:27:23+08:00 ][ info ] [ LANG ] /var/www/html/swoole-live/thinkphp/lang/zh-cn.php
[ info ] [ LOG ] INIT File
[ 2018-06-01T23:27:23+08:00 ][ info ] [ ROUTE ] array (
)
[ 2018-06-01T23:27:23+08:00 ][ info ] [ HEADER ] array (
)
[ 2018-06-01T23:27:23+08:00 ][ info ] [ PARAM ] array (
)
[ 2018-06-01T23:27:24+08:00 ][ info ] [ LANG ] /var/www/html/swoole-live/thinkphp/lang/zh-cn.php
[ info ] [ LOG ] INIT File
[ 2018-06-01T23:27:24+08:00 ][ info ] [ ROUTE ] array (
)
[ 2018-06-01T23:27:24+08:00 ][ info ] [ HEADER ] array (
)
[ 2018-06-01T23:27:24+08:00 ][ info ] [ PARAM ] array (
)
