[ 2018-06-02T08:41:20+08:00 ][ info ] [ LANG ] /var/www/swoole-live/thinkphp/lang/zh-cn.php
[ 2018-06-02T08:41:20+08:00 ][ info ] [ ROUTE ] array (
)
[ 2018-06-02T08:41:20+08:00 ][ info ] [ HEADER ] array (
)
[ 2018-06-02T08:41:20+08:00 ][ info ] [ PARAM ] array (
)
[ 2018-06-02T08:43:35+08:00 ][ info ] [ LANG ] /var/www/swoole-live/thinkphp/lang/zh-cn.php
[ info ] [ LOG ] INIT File
[ 2018-06-02T08:43:35+08:00 ][ info ] [ ROUTE ] array (
)
[ 2018-06-02T08:43:35+08:00 ][ info ] [ HEADER ] array (
)
[ 2018-06-02T08:43:35+08:00 ][ info ] [ PARAM ] array (
)
[ 2018-06-02T19:35:36+08:00 ][ info ] [ LANG ] /var/www/swoole-live/thinkphp/lang/zh-cn.php
[ 2018-06-02T19:35:36+08:00 ][ info ] [ ROUTE ] array (
)
[ 2018-06-02T19:35:36+08:00 ][ info ] [ HEADER ] array (
)
[ 2018-06-02T19:35:36+08:00 ][ info ] [ PARAM ] array (
)
[ 2018-06-02T19:35:37+08:00 ][ info ] [ LANG ] /var/www/swoole-live/thinkphp/lang/zh-cn.php
[ 2018-06-02T19:35:37+08:00 ][ info ] [ ROUTE ] array (
)
[ 2018-06-02T19:35:37+08:00 ][ info ] [ HEADER ] array (
)
[ 2018-06-02T19:35:37+08:00 ][ info ] [ PARAM ] array (
)
[ 2018-06-02T19:37:52+08:00 ][ info ] [ LANG ] /var/www/swoole-live/thinkphp/lang/zh-cn.php
[ info ] [ LOG ] INIT File
[ 2018-06-02T19:37:52+08:00 ][ info ] [ ROUTE ] array (
)
[ 2018-06-02T19:37:52+08:00 ][ info ] [ HEADER ] array (
)
[ 2018-06-02T19:37:52+08:00 ][ info ] [ PARAM ] array (
)
[ 2018-06-02T19:37:53+08:00 ][ info ] [ LANG ] /var/www/swoole-live/thinkphp/lang/zh-cn.php
[ info ] [ LOG ] INIT File
[ 2018-06-02T19:37:53+08:00 ][ info ] [ ROUTE ] array (
)
[ 2018-06-02T19:37:53+08:00 ][ info ] [ HEADER ] array (
)
[ 2018-06-02T19:37:53+08:00 ][ info ] [ PARAM ] array (
)
[ 2018-06-02T21:11:17+08:00 ][ info ] [ LANG ] /var/www/swoole-live/thinkphp/lang/zh-cn.php
[ info ] [ LOG ] INIT File
[ 2018-06-02T21:11:17+08:00 ][ info ] [ ROUTE ] array (
)
[ 2018-06-02T21:11:17+08:00 ][ info ] [ HEADER ] array (
)
[ 2018-06-02T21:11:17+08:00 ][ info ] [ PARAM ] array (
)
[ 2018-06-02T21:11:17+08:00 ][ info ] [ LANG ] /var/www/swoole-live/thinkphp/lang/zh-cn.php
[ info ] [ LOG ] INIT File
[ 2018-06-02T21:11:17+08:00 ][ info ] [ ROUTE ] array (
)
[ 2018-06-02T21:11:17+08:00 ][ info ] [ HEADER ] array (
)
[ 2018-06-02T21:11:17+08:00 ][ info ] [ PARAM ] array (
)
[ 2018-06-02T21:14:28+08:00 ][ info ] [ LANG ] /var/www/swoole-live/thinkphp/lang/zh-cn.php
[ info ] [ LOG ] INIT File
[ 2018-06-02T21:14:28+08:00 ][ info ] [ LANG ] /var/www/swoole-live/thinkphp/lang/zh-cn.php
[ info ] [ LOG ] INIT File
[ 2018-06-02T21:14:28+08:00 ][ info ] [ ROUTE ] array (
)
[ 2018-06-02T21:14:28+08:00 ][ info ] [ HEADER ] array (
)
[ 2018-06-02T21:14:28+08:00 ][ info ] [ PARAM ] array (
)
[ 2018-06-02T21:14:28+08:00 ][ info ] [ ROUTE ] array (
)
[ 2018-06-02T21:14:28+08:00 ][ info ] [ HEADER ] array (
)
[ 2018-06-02T21:14:28+08:00 ][ info ] [ PARAM ] array (
)
[ 2018-06-02T21:16:15+08:00 ][ info ] [ LANG ] /var/www/swoole-live/thinkphp/lang/zh-cn.php
[ info ] [ LOG ] INIT File
[ 2018-06-02T21:16:15+08:00 ][ info ] [ LANG ] /var/www/swoole-live/thinkphp/lang/zh-cn.php
[ info ] [ LOG ] INIT File
[ 2018-06-02T21:16:15+08:00 ][ info ] [ LANG ] /var/www/swoole-live/thinkphp/lang/zh-cn.php
[ info ] [ LOG ] INIT File
[ 2018-06-02T21:16:15+08:00 ][ info ] [ LANG ] /var/www/swoole-live/thinkphp/lang/zh-cn.php
[ info ] [ LOG ] INIT File
[ 2018-06-02T21:16:15+08:00 ][ info ] [ LANG ] /var/www/swoole-live/thinkphp/lang/zh-cn.php
[ info ] [ LOG ] INIT File
[ 2018-06-02T21:16:15+08:00 ][ info ] [ LANG ] /var/www/swoole-live/thinkphp/lang/zh-cn.php
[ info ] [ LOG ] INIT File
[ 2018-06-02T21:16:15+08:00 ][ info ] [ ROUTE ] array (
)
[ 2018-06-02T21:16:15+08:00 ][ info ] [ HEADER ] array (
)
[ 2018-06-02T21:16:15+08:00 ][ info ] [ PARAM ] array (
)
[ 2018-06-02T21:16:15+08:00 ][ info ] [ LANG ] /var/www/swoole-live/thinkphp/lang/zh-cn.php
[ info ] [ LOG ] INIT File
[ 2018-06-02T21:16:15+08:00 ][ info ] [ ROUTE ] array (
)
[ 2018-06-02T21:16:15+08:00 ][ info ] [ HEADER ] array (
)
[ 2018-06-02T21:16:15+08:00 ][ info ] [ PARAM ] array (
)
[ 2018-06-02T21:16:15+08:00 ][ info ] [ LANG ] /var/www/swoole-live/thinkphp/lang/zh-cn.php
[ info ] [ LOG ] INIT File
[ 2018-06-02T21:16:15+08:00 ][ info ] [ ROUTE ] array (
)
[ 2018-06-02T21:16:15+08:00 ][ info ] [ HEADER ] array (
)
[ 2018-06-02T21:16:15+08:00 ][ info ] [ PARAM ] array (
)
[ 2018-06-02T21:16:15+08:00 ][ info ] [ ROUTE ] array (
)
[ 2018-06-02T21:16:15+08:00 ][ info ] [ HEADER ] array (
)
[ 2018-06-02T21:16:15+08:00 ][ info ] [ PARAM ] array (
)
[ 2018-06-02T21:16:15+08:00 ][ info ] [ LANG ] /var/www/swoole-live/thinkphp/lang/zh-cn.php
[ info ] [ LOG ] INIT File
[ 2018-06-02T21:16:15+08:00 ][ info ] [ ROUTE ] array (
)
[ 2018-06-02T21:16:15+08:00 ][ info ] [ HEADER ] array (
)
[ 2018-06-02T21:16:15+08:00 ][ info ] [ PARAM ] array (
)
[ 2018-06-02T21:16:15+08:00 ][ info ] [ ROUTE ] array (
)
[ 2018-06-02T21:16:15+08:00 ][ info ] [ HEADER ] array (
)
[ 2018-06-02T21:16:15+08:00 ][ info ] [ PARAM ] array (
)
[ 2018-06-02T21:16:15+08:00 ][ info ] [ ROUTE ] array (
)
[ 2018-06-02T21:16:15+08:00 ][ info ] [ HEADER ] array (
)
[ 2018-06-02T21:16:15+08:00 ][ info ] [ PARAM ] array (
)
[ 2018-06-02T21:16:15+08:00 ][ info ] [ ROUTE ] array (
)
[ 2018-06-02T21:16:15+08:00 ][ info ] [ HEADER ] array (
)
[ 2018-06-02T21:16:15+08:00 ][ info ] [ LANG ] /var/www/swoole-live/thinkphp/lang/zh-cn.php
[ info ] [ LOG ] INIT File
[ 2018-06-02T21:16:15+08:00 ][ info ] [ ROUTE ] array (
)
[ 2018-06-02T21:16:15+08:00 ][ info ] [ HEADER ] array (
)
[ 2018-06-02T21:16:15+08:00 ][ info ] [ PARAM ] array (
)
[ 2018-06-02T21:16:15+08:00 ][ info ] [ PARAM ] array (
)
[ 2018-06-02T21:16:15+08:00 ][ info ] [ ROUTE ] array (
)
[ 2018-06-02T21:16:15+08:00 ][ info ] [ HEADER ] array (
)
[ 2018-06-02T21:16:15+08:00 ][ info ] [ PARAM ] array (
)
[ 2018-06-02T21:16:43+08:00 ][ info ] [ LANG ] /var/www/swoole-live/thinkphp/lang/zh-cn.php
[ 2018-06-02T21:16:43+08:00 ][ info ] [ ROUTE ] array (
)
[ 2018-06-02T21:16:43+08:00 ][ info ] [ HEADER ] array (
)
[ 2018-06-02T21:16:43+08:00 ][ info ] [ PARAM ] array (
)
[ 2018-06-02T21:17:15+08:00 ][ info ] [ LANG ] /var/www/swoole-live/thinkphp/lang/zh-cn.php
[ 2018-06-02T21:17:15+08:00 ][ info ] [ ROUTE ] array (
)
[ 2018-06-02T21:17:15+08:00 ][ info ] [ HEADER ] array (
)
[ 2018-06-02T21:17:15+08:00 ][ info ] [ PARAM ] array (
)
[ 2018-06-02T21:17:51+08:00 ][ info ] [ LANG ] /var/www/swoole-live/thinkphp/lang/zh-cn.php
[ 2018-06-02T21:17:51+08:00 ][ info ] [ ROUTE ] array (
)
[ 2018-06-02T21:17:51+08:00 ][ info ] [ HEADER ] array (
)
[ 2018-06-02T21:17:51+08:00 ][ info ] [ PARAM ] array (
)
[ 2018-06-02T21:19:34+08:00 ][ info ] [ LANG ] /var/www/swoole-live/thinkphp/lang/zh-cn.php
[ info ] [ LOG ] INIT File
[ 2018-06-02T21:19:34+08:00 ][ info ] [ LANG ] /var/www/swoole-live/thinkphp/lang/zh-cn.php
[ info ] [ LOG ] INIT File
[ 2018-06-02T21:19:34+08:00 ][ info ] [ LANG ] /var/www/swoole-live/thinkphp/lang/zh-cn.php
[ info ] [ LOG ] INIT File
[ 2018-06-02T21:19:34+08:00 ][ info ] [ LANG ] /var/www/swoole-live/thinkphp/lang/zh-cn.php
[ info ] [ LOG ] INIT File
[ 2018-06-02T21:19:34+08:00 ][ info ] [ LANG ] /var/www/swoole-live/thinkphp/lang/zh-cn.php
[ info ] [ LOG ] INIT File
[ 2018-06-02T21:19:34+08:00 ][ info ] [ LANG ] /var/www/swoole-live/thinkphp/lang/zh-cn.php
[ info ] [ LOG ] INIT File
[ 2018-06-02T21:19:34+08:00 ][ info ] [ LANG ] /var/www/swoole-live/thinkphp/lang/zh-cn.php
[ info ] [ LOG ] INIT File
[ 2018-06-02T21:19:34+08:00 ][ info ] [ ROUTE ] array (
)
[ 2018-06-02T21:19:34+08:00 ][ info ] [ HEADER ] array (
)
[ 2018-06-02T21:19:34+08:00 ][ info ] [ PARAM ] array (
)
[ 2018-06-02T21:19:34+08:00 ][ info ] [ LANG ] /var/www/swoole-live/thinkphp/lang/zh-cn.php
[ info ] [ LOG ] INIT File
[ 2018-06-02T21:19:34+08:00 ][ info ] [ ROUTE ] array (
)
[ 2018-06-02T21:19:34+08:00 ][ info ] [ HEADER ] array (
)
[ 2018-06-02T21:19:34+08:00 ][ info ] [ PARAM ] array (
)
[ 2018-06-02T21:19:34+08:00 ][ info ] [ ROUTE ] array (
)
[ 2018-06-02T21:19:34+08:00 ][ info ] [ HEADER ] array (
)
[ 2018-06-02T21:19:34+08:00 ][ info ] [ PARAM ] array (
)
[ 2018-06-02T21:19:34+08:00 ][ info ] [ ROUTE ] array (
)
[ 2018-06-02T21:19:34+08:00 ][ info ] [ HEADER ] array (
)
[ 2018-06-02T21:19:34+08:00 ][ info ] [ PARAM ] array (
)
[ 2018-06-02T21:19:34+08:00 ][ info ] [ ROUTE ] array (
)
[ 2018-06-02T21:19:34+08:00 ][ info ] [ HEADER ] array (
)
[ 2018-06-02T21:19:34+08:00 ][ info ] [ PARAM ] array (
)
[ 2018-06-02T21:19:34+08:00 ][ info ] [ ROUTE ] array (
)
[ 2018-06-02T21:19:34+08:00 ][ info ] [ HEADER ] array (
)
[ 2018-06-02T21:19:34+08:00 ][ info ] [ PARAM ] array (
)
[ 2018-06-02T21:19:34+08:00 ][ info ] [ ROUTE ] array (
)
[ 2018-06-02T21:19:34+08:00 ][ info ] [ HEADER ] array (
)
[ 2018-06-02T21:19:34+08:00 ][ info ] [ PARAM ] array (
)
[ 2018-06-02T21:19:34+08:00 ][ info ] [ LANG ] /var/www/swoole-live/thinkphp/lang/zh-cn.php
[ info ] [ LOG ] INIT File
[ 2018-06-02T21:19:34+08:00 ][ info ] [ ROUTE ] array (
)
[ 2018-06-02T21:19:34+08:00 ][ info ] [ HEADER ] array (
)
[ 2018-06-02T21:19:34+08:00 ][ info ] [ PARAM ] array (
)
[ 2018-06-02T21:19:34+08:00 ][ info ] [ LANG ] /var/www/swoole-live/thinkphp/lang/zh-cn.php
[ info ] [ LOG ] INIT File
[ 2018-06-02T21:19:34+08:00 ][ info ] [ ROUTE ] array (
)
[ 2018-06-02T21:19:34+08:00 ][ info ] [ HEADER ] array (
)
[ 2018-06-02T21:19:34+08:00 ][ info ] [ PARAM ] array (
)
[ 2018-06-02T21:19:34+08:00 ][ info ] [ ROUTE ] array (
)
[ 2018-06-02T21:19:34+08:00 ][ info ] [ HEADER ] array (
)
[ 2018-06-02T21:19:34+08:00 ][ info ] [ PARAM ] array (
)
[ 2018-06-02T21:19:36+08:00 ][ info ] [ LANG ] /var/www/swoole-live/thinkphp/lang/zh-cn.php
[ 2018-06-02T21:19:36+08:00 ][ info ] [ ROUTE ] array (
)
[ 2018-06-02T21:19:36+08:00 ][ info ] [ HEADER ] array (
)
[ 2018-06-02T21:19:36+08:00 ][ info ] [ PARAM ] array (
)
[ 2018-06-02T21:19:36+08:00 ][ info ] [ LANG ] /var/www/swoole-live/thinkphp/lang/zh-cn.php
[ 2018-06-02T21:19:36+08:00 ][ info ] [ ROUTE ] array (
)
[ 2018-06-02T21:19:36+08:00 ][ info ] [ HEADER ] array (
)
[ 2018-06-02T21:19:36+08:00 ][ info ] [ PARAM ] array (
)
[ 2018-06-02T21:19:36+08:00 ][ info ] [ LANG ] /var/www/swoole-live/thinkphp/lang/zh-cn.php
[ 2018-06-02T21:19:36+08:00 ][ info ] [ ROUTE ] array (
)
[ 2018-06-02T21:19:36+08:00 ][ info ] [ HEADER ] array (
)
[ 2018-06-02T21:19:36+08:00 ][ info ] [ PARAM ] array (
)
[ 2018-06-02T21:19:38+08:00 ][ info ] [ LANG ] /var/www/swoole-live/thinkphp/lang/zh-cn.php
[ 2018-06-02T21:19:38+08:00 ][ info ] [ ROUTE ] array (
)
[ 2018-06-02T21:19:38+08:00 ][ info ] [ HEADER ] array (
)
[ 2018-06-02T21:19:38+08:00 ][ info ] [ PARAM ] array (
)
[ 2018-06-02T21:19:38+08:00 ][ info ] [ LANG ] /var/www/swoole-live/thinkphp/lang/zh-cn.php
[ 2018-06-02T21:19:38+08:00 ][ info ] [ ROUTE ] array (
)
[ 2018-06-02T21:19:38+08:00 ][ info ] [ HEADER ] array (
)
[ 2018-06-02T21:19:38+08:00 ][ info ] [ PARAM ] array (
)
[ 2018-06-02T21:19:38+08:00 ][ info ] [ LANG ] /var/www/swoole-live/thinkphp/lang/zh-cn.php
[ 2018-06-02T21:19:38+08:00 ][ info ] [ ROUTE ] array (
)
[ 2018-06-02T21:19:38+08:00 ][ info ] [ HEADER ] array (
)
[ 2018-06-02T21:19:38+08:00 ][ info ] [ PARAM ] array (
)
[ 2018-06-02T21:22:27+08:00 ][ info ] [ LANG ] /var/www/swoole-live/thinkphp/lang/zh-cn.php
[ info ] [ LOG ] INIT File
[ 2018-06-02T21:22:27+08:00 ][ info ] [ LANG ] /var/www/swoole-live/thinkphp/lang/zh-cn.php
[ info ] [ LOG ] INIT File
[ 2018-06-02T21:22:27+08:00 ][ info ] [ LANG ] /var/www/swoole-live/thinkphp/lang/zh-cn.php
[ info ] [ LOG ] INIT File
[ 2018-06-02T21:22:27+08:00 ][ info ] [ LANG ] /var/www/swoole-live/thinkphp/lang/zh-cn.php
[ info ] [ LOG ] INIT File
[ 2018-06-02T21:22:27+08:00 ][ info ] [ LANG ] /var/www/swoole-live/thinkphp/lang/zh-cn.php
[ info ] [ LOG ] INIT File
[ 2018-06-02T21:22:27+08:00 ][ info ] [ LANG ] /var/www/swoole-live/thinkphp/lang/zh-cn.php
[ info ] [ LOG ] INIT File
[ 2018-06-02T21:22:27+08:00 ][ info ] [ LANG ] /var/www/swoole-live/thinkphp/lang/zh-cn.php
[ info ] [ LOG ] INIT File
[ 2018-06-02T21:22:27+08:00 ][ info ] [ LANG ] /var/www/swoole-live/thinkphp/lang/zh-cn.php
[ info ] [ LOG ] INIT File
[ 2018-06-02T21:22:27+08:00 ][ info ] [ ROUTE ] array (
)
[ 2018-06-02T21:22:27+08:00 ][ info ] [ HEADER ] array (
)
[ 2018-06-02T21:22:27+08:00 ][ info ] [ PARAM ] array (
)
[ 2018-06-02T21:22:27+08:00 ][ info ] [ ROUTE ] array (
)
[ 2018-06-02T21:22:27+08:00 ][ info ] [ HEADER ] array (
)
[ 2018-06-02T21:22:27+08:00 ][ info ] [ PARAM ] array (
)
[ 2018-06-02T21:22:27+08:00 ][ info ] [ ROUTE ] array (
)
[ 2018-06-02T21:22:27+08:00 ][ info ] [ HEADER ] array (
)
[ 2018-06-02T21:22:27+08:00 ][ info ] [ PARAM ] array (
)
[ 2018-06-02T21:22:27+08:00 ][ info ] [ ROUTE ] array (
)
[ 2018-06-02T21:22:27+08:00 ][ info ] [ HEADER ] array (
)
[ 2018-06-02T21:22:27+08:00 ][ info ] [ PARAM ] array (
)
[ 2018-06-02T21:22:27+08:00 ][ info ] [ ROUTE ] array (
)
[ 2018-06-02T21:22:27+08:00 ][ info ] [ HEADER ] array (
)
[ 2018-06-02T21:22:27+08:00 ][ info ] [ PARAM ] array (
)
[ 2018-06-02T21:22:27+08:00 ][ info ] [ LANG ] /var/www/swoole-live/thinkphp/lang/zh-cn.php
[ info ] [ LOG ] INIT File
[ 2018-06-02T21:22:27+08:00 ][ info ] [ ROUTE ] array (
)
[ 2018-06-02T21:22:27+08:00 ][ info ] [ HEADER ] array (
)
[ 2018-06-02T21:22:27+08:00 ][ info ] [ PARAM ] array (
)
[ 2018-06-02T21:22:27+08:00 ][ info ] [ LANG ] /var/www/swoole-live/thinkphp/lang/zh-cn.php
[ info ] [ LOG ] INIT File
[ 2018-06-02T21:22:27+08:00 ][ info ] [ ROUTE ] array (
)
[ 2018-06-02T21:22:27+08:00 ][ info ] [ HEADER ] array (
)
[ 2018-06-02T21:22:27+08:00 ][ info ] [ PARAM ] array (
)
[ 2018-06-02T21:22:27+08:00 ][ info ] [ ROUTE ] array (
)
[ 2018-06-02T21:22:27+08:00 ][ info ] [ HEADER ] array (
)
[ 2018-06-02T21:22:27+08:00 ][ info ] [ PARAM ] array (
)
[ 2018-06-02T21:22:27+08:00 ][ info ] [ ROUTE ] array (
)
[ 2018-06-02T21:22:27+08:00 ][ info ] [ HEADER ] array (
)
[ 2018-06-02T21:22:27+08:00 ][ info ] [ PARAM ] array (
)
[ 2018-06-02T21:22:27+08:00 ][ info ] [ ROUTE ] array (
)
[ 2018-06-02T21:22:27+08:00 ][ info ] [ HEADER ] array (
)
[ 2018-06-02T21:22:27+08:00 ][ info ] [ PARAM ] array (
)
[ 2018-06-02T21:22:29+08:00 ][ info ] [ LANG ] /var/www/swoole-live/thinkphp/lang/zh-cn.php
[ 2018-06-02T21:22:29+08:00 ][ info ] [ ROUTE ] array (
)
[ 2018-06-02T21:22:29+08:00 ][ info ] [ HEADER ] array (
)
[ 2018-06-02T21:22:29+08:00 ][ info ] [ PARAM ] array (
)
[ 2018-06-02T21:22:30+08:00 ][ info ] [ LANG ] /var/www/swoole-live/thinkphp/lang/zh-cn.php
[ 2018-06-02T21:22:30+08:00 ][ info ] [ ROUTE ] array (
)
[ 2018-06-02T21:22:30+08:00 ][ info ] [ HEADER ] array (
)
[ 2018-06-02T21:22:30+08:00 ][ info ] [ PARAM ] array (
)
[ 2018-06-02T21:22:35+08:00 ][ info ] [ LANG ] /var/www/swoole-live/thinkphp/lang/zh-cn.php
[ 2018-06-02T21:22:35+08:00 ][ info ] [ ROUTE ] array (
)
[ 2018-06-02T21:22:35+08:00 ][ info ] [ HEADER ] array (
)
[ 2018-06-02T21:22:35+08:00 ][ info ] [ PARAM ] array (
)
[ 2018-06-02T21:22:36+08:00 ][ info ] [ LANG ] /var/www/swoole-live/thinkphp/lang/zh-cn.php
[ 2018-06-02T21:22:36+08:00 ][ info ] [ ROUTE ] array (
)
[ 2018-06-02T21:22:36+08:00 ][ info ] [ HEADER ] array (
)
[ 2018-06-02T21:22:36+08:00 ][ info ] [ PARAM ] array (
)
[ 2018-06-02T21:22:39+08:00 ][ info ] [ LANG ] /var/www/swoole-live/thinkphp/lang/zh-cn.php
[ 2018-06-02T21:22:39+08:00 ][ info ] [ ROUTE ] array (
)
[ 2018-06-02T21:22:39+08:00 ][ info ] [ HEADER ] array (
)
[ 2018-06-02T21:22:39+08:00 ][ info ] [ PARAM ] array (
)
[ 2018-06-02T21:22:58+08:00 ][ info ] [ LANG ] /var/www/swoole-live/thinkphp/lang/zh-cn.php
[ 2018-06-02T21:22:58+08:00 ][ info ] [ ROUTE ] array (
)
[ 2018-06-02T21:22:58+08:00 ][ info ] [ HEADER ] array (
)
[ 2018-06-02T21:22:58+08:00 ][ info ] [ PARAM ] array (
)
[ 2018-06-02T21:22:59+08:00 ][ info ] [ LANG ] /var/www/swoole-live/thinkphp/lang/zh-cn.php
[ 2018-06-02T21:22:59+08:00 ][ info ] [ ROUTE ] array (
)
[ 2018-06-02T21:22:59+08:00 ][ info ] [ HEADER ] array (
)
[ 2018-06-02T21:22:59+08:00 ][ info ] [ PARAM ] array (
)
[ 2018-06-02T21:23:24+08:00 ][ info ] [ LANG ] /var/www/swoole-live/thinkphp/lang/zh-cn.php
[ 2018-06-02T21:23:24+08:00 ][ info ] [ ROUTE ] array (
)
[ 2018-06-02T21:23:24+08:00 ][ info ] [ HEADER ] array (
)
[ 2018-06-02T21:23:24+08:00 ][ info ] [ PARAM ] array (
)
[ 2018-06-02T21:23:25+08:00 ][ info ] [ LANG ] /var/www/swoole-live/thinkphp/lang/zh-cn.php
[ 2018-06-02T21:23:25+08:00 ][ info ] [ ROUTE ] array (
)
[ 2018-06-02T21:23:25+08:00 ][ info ] [ HEADER ] array (
)
[ 2018-06-02T21:23:25+08:00 ][ info ] [ PARAM ] array (
)
[ 2018-06-02T21:23:25+08:00 ][ info ] [ LANG ] /var/www/swoole-live/thinkphp/lang/zh-cn.php
[ 2018-06-02T21:23:25+08:00 ][ info ] [ ROUTE ] array (
)
[ 2018-06-02T21:23:25+08:00 ][ info ] [ HEADER ] array (
)
[ 2018-06-02T21:23:25+08:00 ][ info ] [ PARAM ] array (
)
[ 2018-06-02T21:23:25+08:00 ][ info ] [ LANG ] /var/www/swoole-live/thinkphp/lang/zh-cn.php
[ 2018-06-02T21:23:25+08:00 ][ info ] [ ROUTE ] array (
)
[ 2018-06-02T21:23:25+08:00 ][ info ] [ HEADER ] array (
)
[ 2018-06-02T21:23:25+08:00 ][ info ] [ PARAM ] array (
)
[ 2018-06-02T21:23:29+08:00 ][ info ] [ LANG ] /var/www/swoole-live/thinkphp/lang/zh-cn.php
[ 2018-06-02T21:23:29+08:00 ][ info ] [ ROUTE ] array (
)
[ 2018-06-02T21:23:29+08:00 ][ info ] [ HEADER ] array (
)
[ 2018-06-02T21:23:29+08:00 ][ info ] [ PARAM ] array (
)
[ 2018-06-02T21:23:30+08:00 ][ info ] [ LANG ] /var/www/swoole-live/thinkphp/lang/zh-cn.php
[ 2018-06-02T21:23:30+08:00 ][ info ] [ ROUTE ] array (
)
[ 2018-06-02T21:23:30+08:00 ][ info ] [ HEADER ] array (
)
[ 2018-06-02T21:23:30+08:00 ][ info ] [ PARAM ] array (
)
[ 2018-06-02T21:23:31+08:00 ][ info ] [ LANG ] /var/www/swoole-live/thinkphp/lang/zh-cn.php
[ 2018-06-02T21:23:31+08:00 ][ info ] [ ROUTE ] array (
)
[ 2018-06-02T21:23:31+08:00 ][ info ] [ HEADER ] array (
)
[ 2018-06-02T21:23:31+08:00 ][ info ] [ PARAM ] array (
)
[ 2018-06-02T21:23:32+08:00 ][ info ] [ LANG ] /var/www/swoole-live/thinkphp/lang/zh-cn.php
[ 2018-06-02T21:23:32+08:00 ][ info ] [ ROUTE ] array (
)
[ 2018-06-02T21:23:32+08:00 ][ info ] [ HEADER ] array (
)
[ 2018-06-02T21:23:32+08:00 ][ info ] [ PARAM ] array (
)
[ 2018-06-02T21:23:41+08:00 ][ info ] [ LANG ] /var/www/swoole-live/thinkphp/lang/zh-cn.php
[ 2018-06-02T21:23:41+08:00 ][ info ] [ ROUTE ] array (
)
[ 2018-06-02T21:23:41+08:00 ][ info ] [ HEADER ] array (
)
[ 2018-06-02T21:23:41+08:00 ][ info ] [ PARAM ] array (
  'type' => '1',
  'team_id' => '0',
  'content' => '',
)
[ 2018-06-02T21:23:41+08:00 ][ error ] [1]Uncaught think\exception\HttpException: module not exists:admin in /var/www/swoole-live/thinkphp/library/think/route/dispatch/Module.php:68
Stack trace:
#0 /var/www/swoole-live/thinkphp/library/think/route/dispatch/Url.php(26): think\route\dispatch\Module->run()
#1 /var/www/swoole-live/thinkphp/library/think/App.php(309): think\route\dispatch\Url->run()
#2 /var/www/swoole-live/server/ws.php(69): think\App->run()
#3 {main}
  thrown[/var/www/swoole-live/thinkphp/library/think/route/dispatch/Module.php:68]
[ 2018-06-02T21:23:41+08:00 ][ info ] [ LANG ] /var/www/swoole-live/thinkphp/lang/zh-cn.php
[ info ] [ LOG ] INIT File
[ 2018-06-02T21:23:41+08:00 ][ info ] [ ROUTE ] array (
)
[ 2018-06-02T21:23:41+08:00 ][ info ] [ HEADER ] array (
)
[ 2018-06-02T21:23:41+08:00 ][ info ] [ PARAM ] array (
)
[ 2018-06-02T21:23:44+08:00 ][ info ] [ LANG ] /var/www/swoole-live/thinkphp/lang/zh-cn.php
[ 2018-06-02T21:23:44+08:00 ][ info ] [ ROUTE ] array (
)
[ 2018-06-02T21:23:44+08:00 ][ info ] [ HEADER ] array (
)
[ 2018-06-02T21:23:44+08:00 ][ info ] [ PARAM ] array (
)
[ 2018-06-02T21:23:45+08:00 ][ info ] [ LANG ] /var/www/swoole-live/thinkphp/lang/zh-cn.php
[ 2018-06-02T21:23:45+08:00 ][ info ] [ ROUTE ] array (
)
[ 2018-06-02T21:23:45+08:00 ][ info ] [ HEADER ] array (
)
[ 2018-06-02T21:23:45+08:00 ][ info ] [ PARAM ] array (
)
[ 2018-06-02T21:27:40+08:00 ][ info ] [ LANG ] /var/www/swoole-live/thinkphp/lang/zh-cn.php
[ info ] [ LOG ] INIT File
[ 2018-06-02T21:27:40+08:00 ][ info ] [ LANG ] /var/www/swoole-live/thinkphp/lang/zh-cn.php
[ info ] [ LOG ] INIT File
[ 2018-06-02T21:27:40+08:00 ][ info ] [ LANG ] /var/www/swoole-live/thinkphp/lang/zh-cn.php
[ info ] [ LOG ] INIT File
[ 2018-06-02T21:27:40+08:00 ][ info ] [ LANG ] /var/www/swoole-live/thinkphp/lang/zh-cn.php
[ info ] [ LOG ] INIT File
[ 2018-06-02T21:27:40+08:00 ][ info ] [ ROUTE ] array (
)
[ 2018-06-02T21:27:40+08:00 ][ info ] [ HEADER ] array (
)
[ 2018-06-02T21:27:40+08:00 ][ info ] [ PARAM ] array (
)
[ 2018-06-02T21:27:40+08:00 ][ info ] [ LANG ] /var/www/swoole-live/thinkphp/lang/zh-cn.php
[ info ] [ LOG ] INIT File
[ 2018-06-02T21:27:40+08:00 ][ info ] [ ROUTE ] array (
)
[ 2018-06-02T21:27:40+08:00 ][ info ] [ HEADER ] array (
)
[ 2018-06-02T21:27:40+08:00 ][ info ] [ PARAM ] array (
)
[ 2018-06-02T21:27:40+08:00 ][ info ] [ LANG ] /var/www/swoole-live/thinkphp/lang/zh-cn.php
[ info ] [ LOG ] INIT File
[ 2018-06-02T21:27:40+08:00 ][ info ] [ ROUTE ] array (
)
[ 2018-06-02T21:27:40+08:00 ][ info ] [ HEADER ] array (
)
[ 2018-06-02T21:27:40+08:00 ][ info ] [ PARAM ] array (
)
[ 2018-06-02T21:27:40+08:00 ][ info ] [ LANG ] /var/www/swoole-live/thinkphp/lang/zh-cn.php
[ info ] [ LOG ] INIT File
[ 2018-06-02T21:27:40+08:00 ][ info ] [ LANG ] /var/www/swoole-live/thinkphp/lang/zh-cn.php
[ info ] [ LOG ] INIT File
[ 2018-06-02T21:27:40+08:00 ][ info ] [ ROUTE ] array (
)
[ 2018-06-02T21:27:40+08:00 ][ info ] [ HEADER ] array (
)
[ 2018-06-02T21:27:40+08:00 ][ info ] [ PARAM ] array (
)
[ 2018-06-02T21:27:40+08:00 ][ info ] [ LANG ] /var/www/swoole-live/thinkphp/lang/zh-cn.php
[ info ] [ LOG ] INIT File
[ 2018-06-02T21:27:40+08:00 ][ info ] [ ROUTE ] array (
)
[ 2018-06-02T21:27:40+08:00 ][ info ] [ HEADER ] array (
)
[ 2018-06-02T21:27:40+08:00 ][ info ] [ PARAM ] array (
)
[ 2018-06-02T21:27:40+08:00 ][ info ] [ LANG ] /var/www/swoole-live/thinkphp/lang/zh-cn.php
[ info ] [ LOG ] INIT File
[ 2018-06-02T21:27:40+08:00 ][ info ] [ ROUTE ] array (
)
[ 2018-06-02T21:27:40+08:00 ][ info ] [ HEADER ] array (
)
[ 2018-06-02T21:27:40+08:00 ][ info ] [ PARAM ] array (
)
[ 2018-06-02T21:27:40+08:00 ][ info ] [ ROUTE ] array (
)
[ 2018-06-02T21:27:40+08:00 ][ info ] [ HEADER ] array (
)
[ 2018-06-02T21:27:40+08:00 ][ info ] [ PARAM ] array (
)
[ 2018-06-02T21:27:40+08:00 ][ info ] [ ROUTE ] array (
)
[ 2018-06-02T21:27:40+08:00 ][ info ] [ HEADER ] array (
)
[ 2018-06-02T21:27:40+08:00 ][ info ] [ PARAM ] array (
)
[ 2018-06-02T21:27:40+08:00 ][ info ] [ ROUTE ] array (
)
[ 2018-06-02T21:27:40+08:00 ][ info ] [ HEADER ] array (
)
[ 2018-06-02T21:27:40+08:00 ][ info ] [ PARAM ] array (
)
[ 2018-06-02T21:27:40+08:00 ][ info ] [ ROUTE ] array (
)
[ 2018-06-02T21:27:40+08:00 ][ info ] [ HEADER ] array (
)
[ 2018-06-02T21:27:40+08:00 ][ info ] [ PARAM ] array (
)
[ 2018-06-02T21:27:41+08:00 ][ info ] [ LANG ] /var/www/swoole-live/thinkphp/lang/zh-cn.php
[ 2018-06-02T21:27:41+08:00 ][ info ] [ ROUTE ] array (
)
[ 2018-06-02T21:27:41+08:00 ][ info ] [ HEADER ] array (
)
[ 2018-06-02T21:27:41+08:00 ][ info ] [ PARAM ] array (
)
[ 2018-06-02T21:27:41+08:00 ][ info ] [ LANG ] /var/www/swoole-live/thinkphp/lang/zh-cn.php
[ 2018-06-02T21:27:41+08:00 ][ info ] [ ROUTE ] array (
)
[ 2018-06-02T21:27:41+08:00 ][ info ] [ HEADER ] array (
)
[ 2018-06-02T21:27:41+08:00 ][ info ] [ PARAM ] array (
)
[ 2018-06-02T21:27:41+08:00 ][ info ] [ LANG ] /var/www/swoole-live/thinkphp/lang/zh-cn.php
[ 2018-06-02T21:27:41+08:00 ][ info ] [ ROUTE ] array (
)
[ 2018-06-02T21:27:41+08:00 ][ info ] [ HEADER ] array (
)
[ 2018-06-02T21:27:41+08:00 ][ info ] [ PARAM ] array (
)
[ 2018-06-02T21:27:49+08:00 ][ info ] [ LANG ] /var/www/swoole-live/thinkphp/lang/zh-cn.php
[ 2018-06-02T21:27:49+08:00 ][ info ] [ ROUTE ] array (
)
[ 2018-06-02T21:27:49+08:00 ][ info ] [ HEADER ] array (
)
[ 2018-06-02T21:27:49+08:00 ][ info ] [ PARAM ] array (
)
[ 2018-06-02T21:27:49+08:00 ][ info ] [ LANG ] /var/www/swoole-live/thinkphp/lang/zh-cn.php
[ 2018-06-02T21:27:49+08:00 ][ info ] [ ROUTE ] array (
)
[ 2018-06-02T21:27:49+08:00 ][ info ] [ HEADER ] array (
)
[ 2018-06-02T21:27:49+08:00 ][ info ] [ PARAM ] array (
)
[ 2018-06-02T21:27:49+08:00 ][ info ] [ LANG ] /var/www/swoole-live/thinkphp/lang/zh-cn.php
[ 2018-06-02T21:27:49+08:00 ][ info ] [ ROUTE ] array (
)
[ 2018-06-02T21:27:49+08:00 ][ info ] [ HEADER ] array (
)
[ 2018-06-02T21:27:49+08:00 ][ info ] [ PARAM ] array (
)
[ 2018-06-02T21:27:50+08:00 ][ info ] [ LANG ] /var/www/swoole-live/thinkphp/lang/zh-cn.php
[ 2018-06-02T21:27:50+08:00 ][ info ] [ ROUTE ] array (
)
[ 2018-06-02T21:27:50+08:00 ][ info ] [ HEADER ] array (
)
[ 2018-06-02T21:27:50+08:00 ][ info ] [ PARAM ] array (
)
[ 2018-06-02T21:27:50+08:00 ][ info ] [ LANG ] /var/www/swoole-live/thinkphp/lang/zh-cn.php
[ 2018-06-02T21:27:50+08:00 ][ info ] [ ROUTE ] array (
)
[ 2018-06-02T21:27:50+08:00 ][ info ] [ HEADER ] array (
)
[ 2018-06-02T21:27:50+08:00 ][ info ] [ PARAM ] array (
)
[ 2018-06-02T21:27:50+08:00 ][ info ] [ LANG ] /var/www/swoole-live/thinkphp/lang/zh-cn.php
[ 2018-06-02T21:27:50+08:00 ][ info ] [ ROUTE ] array (
)
[ 2018-06-02T21:27:50+08:00 ][ info ] [ HEADER ] array (
)
[ 2018-06-02T21:27:50+08:00 ][ info ] [ PARAM ] array (
)
[ 2018-06-02T21:28:19+08:00 ][ info ] [ LANG ] /var/www/swoole-live/thinkphp/lang/zh-cn.php
[ 2018-06-02T21:28:19+08:00 ][ info ] [ ROUTE ] array (
)
[ 2018-06-02T21:28:19+08:00 ][ info ] [ HEADER ] array (
)
[ 2018-06-02T21:28:19+08:00 ][ info ] [ PARAM ] array (
)
[ 2018-06-02T21:28:20+08:00 ][ info ] [ LANG ] /var/www/swoole-live/thinkphp/lang/zh-cn.php
[ 2018-06-02T21:28:20+08:00 ][ info ] [ ROUTE ] array (
)
[ 2018-06-02T21:28:20+08:00 ][ info ] [ HEADER ] array (
)
[ 2018-06-02T21:28:20+08:00 ][ info ] [ PARAM ] array (
)
[ 2018-06-02T21:28:23+08:00 ][ info ] [ LANG ] /var/www/swoole-live/thinkphp/lang/zh-cn.php
[ 2018-06-02T21:28:23+08:00 ][ info ] [ ROUTE ] array (
)
[ 2018-06-02T21:28:23+08:00 ][ info ] [ HEADER ] array (
)
[ 2018-06-02T21:28:23+08:00 ][ info ] [ PARAM ] array (
)
[ 2018-06-02T21:28:30+08:00 ][ info ] [ LANG ] /var/www/swoole-live/thinkphp/lang/zh-cn.php
[ 2018-06-02T21:28:30+08:00 ][ info ] [ ROUTE ] array (
)
[ 2018-06-02T21:28:30+08:00 ][ info ] [ HEADER ] array (
)
[ 2018-06-02T21:28:30+08:00 ][ info ] [ PARAM ] array (
)
[ 2018-06-02T21:28:31+08:00 ][ info ] [ LANG ] /var/www/swoole-live/thinkphp/lang/zh-cn.php
[ 2018-06-02T21:28:31+08:00 ][ info ] [ ROUTE ] array (
)
[ 2018-06-02T21:28:31+08:00 ][ info ] [ HEADER ] array (
)
[ 2018-06-02T21:28:31+08:00 ][ info ] [ PARAM ] array (
)
[ 2018-06-02T21:30:04+08:00 ][ info ] [ LANG ] /var/www/swoole-live/thinkphp/lang/zh-cn.php
[ info ] [ LOG ] INIT File
[ 2018-06-02T21:30:04+08:00 ][ info ] [ LANG ] /var/www/swoole-live/thinkphp/lang/zh-cn.php
[ info ] [ LOG ] INIT File
[ 2018-06-02T21:30:04+08:00 ][ info ] [ ROUTE ] array (
)
[ 2018-06-02T21:30:04+08:00 ][ info ] [ HEADER ] array (
)
[ 2018-06-02T21:30:04+08:00 ][ info ] [ PARAM ] array (
)
[ 2018-06-02T21:30:04+08:00 ][ info ] [ LANG ] /var/www/swoole-live/thinkphp/lang/zh-cn.php
[ info ] [ LOG ] INIT File
[ 2018-06-02T21:30:04+08:00 ][ info ] [ ROUTE ] array (
)
[ 2018-06-02T21:30:04+08:00 ][ info ] [ HEADER ] array (
)
[ 2018-06-02T21:30:04+08:00 ][ info ] [ PARAM ] array (
)
[ 2018-06-02T21:30:04+08:00 ][ info ] [ LANG ] /var/www/swoole-live/thinkphp/lang/zh-cn.php
[ info ] [ LOG ] INIT File
[ 2018-06-02T21:30:04+08:00 ][ info ] [ LANG ] /var/www/swoole-live/thinkphp/lang/zh-cn.php
[ info ] [ LOG ] INIT File
[ 2018-06-02T21:30:04+08:00 ][ info ] [ ROUTE ] array (
)
[ 2018-06-02T21:30:04+08:00 ][ info ] [ HEADER ] array (
)
[ 2018-06-02T21:30:04+08:00 ][ info ] [ PARAM ] array (
)
[ 2018-06-02T21:30:04+08:00 ][ info ] [ LANG ] /var/www/swoole-live/thinkphp/lang/zh-cn.php
[ info ] [ LOG ] INIT File
[ 2018-06-02T21:30:04+08:00 ][ info ] [ ROUTE ] array (
)
[ 2018-06-02T21:30:04+08:00 ][ info ] [ HEADER ] array (
)
[ 2018-06-02T21:30:04+08:00 ][ info ] [ PARAM ] array (
)
[ 2018-06-02T21:30:04+08:00 ][ info ] [ LANG ] /var/www/swoole-live/thinkphp/lang/zh-cn.php
[ info ] [ LOG ] INIT File
[ 2018-06-02T21:30:04+08:00 ][ info ] [ ROUTE ] array (
)
[ 2018-06-02T21:30:04+08:00 ][ info ] [ HEADER ] array (
)
[ 2018-06-02T21:30:04+08:00 ][ info ] [ PARAM ] array (
)
[ 2018-06-02T21:30:04+08:00 ][ info ] [ LANG ] /var/www/swoole-live/thinkphp/lang/zh-cn.php
[ info ] [ LOG ] INIT File
[ 2018-06-02T21:30:04+08:00 ][ info ] [ ROUTE ] array (
)
[ 2018-06-02T21:30:04+08:00 ][ info ] [ HEADER ] array (
)
[ 2018-06-02T21:30:04+08:00 ][ info ] [ PARAM ] array (
)
[ 2018-06-02T21:30:04+08:00 ][ info ] [ ROUTE ] array (
)
[ 2018-06-02T21:30:04+08:00 ][ info ] [ HEADER ] array (
)
[ 2018-06-02T21:30:04+08:00 ][ info ] [ PARAM ] array (
)
[ 2018-06-02T21:30:04+08:00 ][ info ] [ LANG ] /var/www/swoole-live/thinkphp/lang/zh-cn.php
[ info ] [ LOG ] INIT File
[ 2018-06-02T21:30:04+08:00 ][ info ] [ ROUTE ] array (
)
[ 2018-06-02T21:30:04+08:00 ][ info ] [ HEADER ] array (
)
[ 2018-06-02T21:30:04+08:00 ][ info ] [ PARAM ] array (
)
[ 2018-06-02T21:30:04+08:00 ][ info ] [ LANG ] /var/www/swoole-live/thinkphp/lang/zh-cn.php
[ info ] [ LOG ] INIT File
[ 2018-06-02T21:30:04+08:00 ][ info ] [ ROUTE ] array (
)
[ 2018-06-02T21:30:04+08:00 ][ info ] [ HEADER ] array (
)
[ 2018-06-02T21:30:04+08:00 ][ info ] [ PARAM ] array (
)
[ 2018-06-02T21:30:04+08:00 ][ info ] [ ROUTE ] array (
)
[ 2018-06-02T21:30:04+08:00 ][ info ] [ HEADER ] array (
)
[ 2018-06-02T21:30:04+08:00 ][ info ] [ PARAM ] array (
)
[ 2018-06-02T21:30:07+08:00 ][ info ] [ LANG ] /var/www/swoole-live/thinkphp/lang/zh-cn.php
[ 2018-06-02T21:30:07+08:00 ][ info ] [ ROUTE ] array (
)
[ 2018-06-02T21:30:07+08:00 ][ info ] [ HEADER ] array (
)
[ 2018-06-02T21:30:07+08:00 ][ info ] [ PARAM ] array (
)
[ 2018-06-02T21:33:40+08:00 ][ info ] [ LANG ] /var/www/swoole-live/thinkphp/lang/zh-cn.php
[ info ] [ LOG ] INIT File
[ 2018-06-02T21:33:40+08:00 ][ info ] [ LANG ] /var/www/swoole-live/thinkphp/lang/zh-cn.php
[ info ] [ LOG ] INIT File
[ 2018-06-02T21:33:40+08:00 ][ info ] [ LANG ] /var/www/swoole-live/thinkphp/lang/zh-cn.php
[ info ] [ LOG ] INIT File
[ 2018-06-02T21:33:40+08:00 ][ info ] [ ROUTE ] array (
)
[ 2018-06-02T21:33:40+08:00 ][ info ] [ HEADER ] array (
)
[ 2018-06-02T21:33:40+08:00 ][ info ] [ PARAM ] array (
)
[ 2018-06-02T21:33:40+08:00 ][ info ] [ LANG ] /var/www/swoole-live/thinkphp/lang/zh-cn.php
[ info ] [ LOG ] INIT File
[ 2018-06-02T21:33:40+08:00 ][ info ] [ ROUTE ] array (
)
[ 2018-06-02T21:33:40+08:00 ][ info ] [ HEADER ] array (
)
[ 2018-06-02T21:33:40+08:00 ][ info ] [ PARAM ] array (
)
[ 2018-06-02T21:33:40+08:00 ][ info ] [ LANG ] /var/www/swoole-live/thinkphp/lang/zh-cn.php
[ info ] [ LOG ] INIT File
[ 2018-06-02T21:33:40+08:00 ][ info ] [ LANG ] /var/www/swoole-live/thinkphp/lang/zh-cn.php
[ info ] [ LOG ] INIT File
[ 2018-06-02T21:33:40+08:00 ][ info ] [ ROUTE ] array (
)
[ 2018-06-02T21:33:40+08:00 ][ info ] [ HEADER ] array (
)
[ 2018-06-02T21:33:40+08:00 ][ info ] [ PARAM ] array (
)
[ 2018-06-02T21:33:40+08:00 ][ info ] [ LANG ] /var/www/swoole-live/thinkphp/lang/zh-cn.php
[ info ] [ LOG ] INIT File
[ 2018-06-02T21:33:40+08:00 ][ info ] [ ROUTE ] array (
)
[ 2018-06-02T21:33:40+08:00 ][ info ] [ HEADER ] array (
)
[ 2018-06-02T21:33:40+08:00 ][ info ] [ PARAM ] array (
)
[ 2018-06-02T21:33:40+08:00 ][ info ] [ ROUTE ] array (
)
[ 2018-06-02T21:33:40+08:00 ][ info ] [ HEADER ] array (
)
[ 2018-06-02T21:33:40+08:00 ][ info ] [ PARAM ] array (
)
[ 2018-06-02T21:33:40+08:00 ][ info ] [ LANG ] /var/www/swoole-live/thinkphp/lang/zh-cn.php
[ info ] [ LOG ] INIT File
[ 2018-06-02T21:33:40+08:00 ][ info ] [ ROUTE ] array (
)
[ 2018-06-02T21:33:40+08:00 ][ info ] [ HEADER ] array (
)
[ 2018-06-02T21:33:40+08:00 ][ info ] [ PARAM ] array (
)
[ 2018-06-02T21:33:40+08:00 ][ info ] [ LANG ] /var/www/swoole-live/thinkphp/lang/zh-cn.php
[ info ] [ LOG ] INIT File
[ 2018-06-02T21:33:40+08:00 ][ info ] [ ROUTE ] array (
)
[ 2018-06-02T21:33:40+08:00 ][ info ] [ HEADER ] array (
)
[ 2018-06-02T21:33:40+08:00 ][ info ] [ PARAM ] array (
)
[ 2018-06-02T21:33:40+08:00 ][ info ] [ ROUTE ] array (
)
[ 2018-06-02T21:33:40+08:00 ][ info ] [ HEADER ] array (
)
[ 2018-06-02T21:33:40+08:00 ][ info ] [ PARAM ] array (
)
[ 2018-06-02T21:33:40+08:00 ][ info ] [ LANG ] /var/www/swoole-live/thinkphp/lang/zh-cn.php
[ info ] [ LOG ] INIT File
[ 2018-06-02T21:33:40+08:00 ][ info ] [ ROUTE ] array (
)
[ 2018-06-02T21:33:40+08:00 ][ info ] [ HEADER ] array (
)
[ 2018-06-02T21:33:40+08:00 ][ info ] [ PARAM ] array (
)
[ 2018-06-02T21:33:40+08:00 ][ info ] [ ROUTE ] array (
)
[ 2018-06-02T21:33:40+08:00 ][ info ] [ HEADER ] array (
)
[ 2018-06-02T21:33:40+08:00 ][ info ] [ PARAM ] array (
)
[ 2018-06-02T21:33:42+08:00 ][ info ] [ LANG ] /var/www/swoole-live/thinkphp/lang/zh-cn.php
[ 2018-06-02T21:33:42+08:00 ][ info ] [ ROUTE ] array (
)
[ 2018-06-02T21:33:42+08:00 ][ info ] [ HEADER ] array (
)
[ 2018-06-02T21:33:42+08:00 ][ info ] [ PARAM ] array (
)
[ 2018-06-02T21:33:50+08:00 ][ info ] [ LANG ] /var/www/swoole-live/thinkphp/lang/zh-cn.php
[ 2018-06-02T21:33:50+08:00 ][ info ] [ ROUTE ] array (
)
[ 2018-06-02T21:33:50+08:00 ][ info ] [ HEADER ] array (
)
[ 2018-06-02T21:33:50+08:00 ][ info ] [ PARAM ] array (
)
[ 2018-06-02T21:33:53+08:00 ][ info ] [ LANG ] /var/www/swoole-live/thinkphp/lang/zh-cn.php
[ 2018-06-02T21:33:53+08:00 ][ info ] [ ROUTE ] array (
)
[ 2018-06-02T21:33:53+08:00 ][ info ] [ HEADER ] array (
)
[ 2018-06-02T21:33:53+08:00 ][ info ] [ PARAM ] array (
)
[ 2018-06-02T21:34:39+08:00 ][ info ] [ LANG ] /var/www/swoole-live/thinkphp/lang/zh-cn.php
[ 2018-06-02T21:34:39+08:00 ][ info ] [ ROUTE ] array (
)
[ 2018-06-02T21:34:39+08:00 ][ info ] [ HEADER ] array (
)
[ 2018-06-02T21:34:39+08:00 ][ info ] [ PARAM ] array (
)
[ 2018-06-02T21:35:36+08:00 ][ info ] [ LANG ] /var/www/swoole-live/thinkphp/lang/zh-cn.php
[ 2018-06-02T21:35:36+08:00 ][ info ] [ ROUTE ] array (
)
[ 2018-06-02T21:35:36+08:00 ][ info ] [ HEADER ] array (
)
[ 2018-06-02T21:35:36+08:00 ][ info ] [ PARAM ] array (
)
[ 2018-06-02T21:35:37+08:00 ][ info ] [ LANG ] /var/www/swoole-live/thinkphp/lang/zh-cn.php
[ 2018-06-02T21:35:37+08:00 ][ info ] [ ROUTE ] array (
)
[ 2018-06-02T21:35:37+08:00 ][ info ] [ HEADER ] array (
)
[ 2018-06-02T21:35:37+08:00 ][ info ] [ PARAM ] array (
)
[ 2018-06-02T21:35:40+08:00 ][ info ] [ LANG ] /var/www/swoole-live/thinkphp/lang/zh-cn.php
[ info ] [ LOG ] INIT File
[ 2018-06-02T21:35:40+08:00 ][ info ] [ LANG ] /var/www/swoole-live/thinkphp/lang/zh-cn.php
[ info ] [ LOG ] INIT File
[ 2018-06-02T21:35:40+08:00 ][ info ] [ LANG ] /var/www/swoole-live/thinkphp/lang/zh-cn.php
[ info ] [ LOG ] INIT File
[ 2018-06-02T21:35:40+08:00 ][ info ] [ ROUTE ] array (
)
[ 2018-06-02T21:35:40+08:00 ][ info ] [ HEADER ] array (
)
[ 2018-06-02T21:35:40+08:00 ][ info ] [ PARAM ] array (
)
[ 2018-06-02T21:35:40+08:00 ][ info ] [ LANG ] /var/www/swoole-live/thinkphp/lang/zh-cn.php
[ info ] [ LOG ] INIT File
[ 2018-06-02T21:35:40+08:00 ][ info ] [ ROUTE ] array (
)
[ 2018-06-02T21:35:40+08:00 ][ info ] [ HEADER ] array (
)
[ 2018-06-02T21:35:40+08:00 ][ info ] [ PARAM ] array (
)
[ 2018-06-02T21:35:40+08:00 ][ info ] [ LANG ] /var/www/swoole-live/thinkphp/lang/zh-cn.php
[ info ] [ LOG ] INIT File
[ 2018-06-02T21:35:40+08:00 ][ info ] [ ROUTE ] array (
)
[ 2018-06-02T21:35:40+08:00 ][ info ] [ HEADER ] array (
)
[ 2018-06-02T21:35:40+08:00 ][ info ] [ PARAM ] array (
)
[ 2018-06-02T21:35:40+08:00 ][ info ] [ LANG ] /var/www/swoole-live/thinkphp/lang/zh-cn.php
[ info ] [ LOG ] INIT File
[ 2018-06-02T21:35:40+08:00 ][ info ] [ ROUTE ] array (
)
[ 2018-06-02T21:35:40+08:00 ][ info ] [ HEADER ] array (
)
[ 2018-06-02T21:35:40+08:00 ][ info ] [ PARAM ] array (
)
[ 2018-06-02T21:35:40+08:00 ][ info ] [ LANG ] /var/www/swoole-live/thinkphp/lang/zh-cn.php
[ info ] [ LOG ] INIT File
[ 2018-06-02T21:35:40+08:00 ][ info ] [ ROUTE ] array (
)
[ 2018-06-02T21:35:40+08:00 ][ info ] [ HEADER ] array (
)
[ 2018-06-02T21:35:40+08:00 ][ info ] [ PARAM ] array (
)
[ 2018-06-02T21:35:40+08:00 ][ info ] [ LANG ] /var/www/swoole-live/thinkphp/lang/zh-cn.php
[ info ] [ LOG ] INIT File
[ 2018-06-02T21:35:40+08:00 ][ info ] [ ROUTE ] array (
)
[ 2018-06-02T21:35:40+08:00 ][ info ] [ HEADER ] array (
)
[ 2018-06-02T21:35:40+08:00 ][ info ] [ PARAM ] array (
)
[ 2018-06-02T21:35:40+08:00 ][ info ] [ LANG ] /var/www/swoole-live/thinkphp/lang/zh-cn.php
[ info ] [ LOG ] INIT File
[ 2018-06-02T21:35:40+08:00 ][ info ] [ ROUTE ] array (
)
[ 2018-06-02T21:35:40+08:00 ][ info ] [ HEADER ] array (
)
[ 2018-06-02T21:35:40+08:00 ][ info ] [ PARAM ] array (
)
[ 2018-06-02T21:35:40+08:00 ][ info ] [ LANG ] /var/www/swoole-live/thinkphp/lang/zh-cn.php
[ info ] [ LOG ] INIT File
[ 2018-06-02T21:35:40+08:00 ][ info ] [ ROUTE ] array (
)
[ 2018-06-02T21:35:40+08:00 ][ info ] [ HEADER ] array (
)
[ 2018-06-02T21:35:40+08:00 ][ info ] [ PARAM ] array (
)
[ 2018-06-02T21:35:40+08:00 ][ info ] [ ROUTE ] array (
)
[ 2018-06-02T21:35:40+08:00 ][ info ] [ HEADER ] array (
)
[ 2018-06-02T21:35:40+08:00 ][ info ] [ PARAM ] array (
)
[ 2018-06-02T21:35:40+08:00 ][ info ] [ ROUTE ] array (
)
[ 2018-06-02T21:35:40+08:00 ][ info ] [ HEADER ] array (
)
[ 2018-06-02T21:35:40+08:00 ][ info ] [ PARAM ] array (
)
[ 2018-06-02T21:35:41+08:00 ][ info ] [ LANG ] /var/www/swoole-live/thinkphp/lang/zh-cn.php
[ 2018-06-02T21:35:41+08:00 ][ info ] [ ROUTE ] array (
)
[ 2018-06-02T21:35:41+08:00 ][ info ] [ HEADER ] array (
)
[ 2018-06-02T21:35:41+08:00 ][ info ] [ PARAM ] array (
)
[ 2018-06-02T21:35:47+08:00 ][ info ] [ LANG ] /var/www/swoole-live/thinkphp/lang/zh-cn.php
[ 2018-06-02T21:35:47+08:00 ][ info ] [ ROUTE ] array (
)
[ 2018-06-02T21:35:47+08:00 ][ info ] [ HEADER ] array (
)
[ 2018-06-02T21:35:47+08:00 ][ info ] [ PARAM ] array (
)
[ 2018-06-02T21:35:48+08:00 ][ info ] [ LANG ] /var/www/swoole-live/thinkphp/lang/zh-cn.php
[ 2018-06-02T21:35:48+08:00 ][ info ] [ ROUTE ] array (
)
[ 2018-06-02T21:35:48+08:00 ][ info ] [ HEADER ] array (
)
[ 2018-06-02T21:35:48+08:00 ][ info ] [ PARAM ] array (
)
[ 2018-06-02T21:35:49+08:00 ][ info ] [ LANG ] /var/www/swoole-live/thinkphp/lang/zh-cn.php
[ 2018-06-02T21:35:49+08:00 ][ info ] [ ROUTE ] array (
)
[ 2018-06-02T21:35:49+08:00 ][ info ] [ HEADER ] array (
)
[ 2018-06-02T21:35:49+08:00 ][ info ] [ PARAM ] array (
)
[ 2018-06-02T21:36:00+08:00 ][ info ] [ LANG ] /var/www/swoole-live/thinkphp/lang/zh-cn.php
[ 2018-06-02T21:36:00+08:00 ][ info ] [ ROUTE ] array (
)
[ 2018-06-02T21:36:00+08:00 ][ info ] [ HEADER ] array (
)
[ 2018-06-02T21:36:00+08:00 ][ info ] [ PARAM ] array (
)
[ 2018-06-02T21:36:02+08:00 ][ info ] [ LANG ] /var/www/swoole-live/thinkphp/lang/zh-cn.php
[ info ] [ LOG ] INIT File
[ 2018-06-02T21:36:02+08:00 ][ info ] [ LANG ] /var/www/swoole-live/thinkphp/lang/zh-cn.php
[ info ] [ LOG ] INIT File
[ 2018-06-02T21:36:02+08:00 ][ info ] [ LANG ] /var/www/swoole-live/thinkphp/lang/zh-cn.php
[ info ] [ LOG ] INIT File
[ 2018-06-02T21:36:02+08:00 ][ info ] [ LANG ] /var/www/swoole-live/thinkphp/lang/zh-cn.php
[ info ] [ LOG ] INIT File
[ 2018-06-02T21:36:02+08:00 ][ info ] [ ROUTE ] array (
)
[ 2018-06-02T21:36:02+08:00 ][ info ] [ LANG ] /var/www/swoole-live/thinkphp/lang/zh-cn.php
[ info ] [ LOG ] INIT File
[ 2018-06-02T21:36:02+08:00 ][ info ] [ ROUTE ] array (
)
[ 2018-06-02T21:36:02+08:00 ][ info ] [ HEADER ] array (
)
[ 2018-06-02T21:36:02+08:00 ][ info ] [ PARAM ] array (
)
[ 2018-06-02T21:36:02+08:00 ][ info ] [ ROUTE ] array (
)
[ 2018-06-02T21:36:02+08:00 ][ info ] [ HEADER ] array (
)
[ 2018-06-02T21:36:02+08:00 ][ info ] [ PARAM ] array (
)
[ 2018-06-02T21:36:02+08:00 ][ info ] [ LANG ] /var/www/swoole-live/thinkphp/lang/zh-cn.php
[ info ] [ LOG ] INIT File
[ 2018-06-02T21:36:02+08:00 ][ info ] [ ROUTE ] array (
)
[ 2018-06-02T21:36:02+08:00 ][ info ] [ HEADER ] array (
)
[ 2018-06-02T21:36:02+08:00 ][ info ] [ PARAM ] array (
)
[ 2018-06-02T21:36:02+08:00 ][ info ] [ LANG ] /var/www/swoole-live/thinkphp/lang/zh-cn.php
[ info ] [ LOG ] INIT File
[ 2018-06-02T21:36:02+08:00 ][ info ] [ ROUTE ] array (
)
[ 2018-06-02T21:36:02+08:00 ][ info ] [ HEADER ] array (
)
[ 2018-06-02T21:36:02+08:00 ][ info ] [ PARAM ] array (
)
[ 2018-06-02T21:36:02+08:00 ][ info ] [ LANG ] /var/www/swoole-live/thinkphp/lang/zh-cn.php
[ info ] [ LOG ] INIT File
[ 2018-06-02T21:36:02+08:00 ][ info ] [ ROUTE ] array (
)
[ 2018-06-02T21:36:02+08:00 ][ info ] [ HEADER ] array (
)
[ 2018-06-02T21:36:02+08:00 ][ info ] [ PARAM ] array (
)
[ 2018-06-02T21:36:02+08:00 ][ info ] [ ROUTE ] array (
)
[ 2018-06-02T21:36:02+08:00 ][ info ] [ HEADER ] array (
)
[ 2018-06-02T21:36:02+08:00 ][ info ] [ PARAM ] array (
)
[ 2018-06-02T21:36:02+08:00 ][ info ] [ LANG ] /var/www/swoole-live/thinkphp/lang/zh-cn.php
[ info ] [ LOG ] INIT File
[ 2018-06-02T21:36:02+08:00 ][ info ] [ ROUTE ] array (
)
[ 2018-06-02T21:36:02+08:00 ][ info ] [ HEADER ] array (
)
[ 2018-06-02T21:36:02+08:00 ][ info ] [ PARAM ] array (
)
[ 2018-06-02T21:36:02+08:00 ][ info ] [ LANG ] /var/www/swoole-live/thinkphp/lang/zh-cn.php
[ info ] [ LOG ] INIT File
[ 2018-06-02T21:36:02+08:00 ][ info ] [ ROUTE ] array (
)
[ 2018-06-02T21:36:02+08:00 ][ info ] [ HEADER ] array (
)
[ 2018-06-02T21:36:02+08:00 ][ info ] [ PARAM ] array (
)
[ 2018-06-02T21:36:02+08:00 ][ info ] [ ROUTE ] array (
)
[ 2018-06-02T21:36:02+08:00 ][ info ] [ HEADER ] array (
)
[ 2018-06-02T21:36:02+08:00 ][ info ] [ PARAM ] array (
)
[ 2018-06-02T21:36:02+08:00 ][ info ] [ HEADER ] array (
)
[ 2018-06-02T21:36:02+08:00 ][ info ] [ PARAM ] array (
)
[ 2018-06-02T21:36:56+08:00 ][ info ] [ LANG ] /var/www/swoole-live/thinkphp/lang/zh-cn.php
[ info ] [ LOG ] INIT File
[ 2018-06-02T21:36:56+08:00 ][ info ] [ LANG ] /var/www/swoole-live/thinkphp/lang/zh-cn.php
[ info ] [ LOG ] INIT File
[ 2018-06-02T21:36:56+08:00 ][ info ] [ LANG ] /var/www/swoole-live/thinkphp/lang/zh-cn.php
[ info ] [ LOG ] INIT File
[ 2018-06-02T21:36:56+08:00 ][ info ] [ LANG ] /var/www/swoole-live/thinkphp/lang/zh-cn.php
[ info ] [ LOG ] INIT File
[ 2018-06-02T21:36:56+08:00 ][ info ] [ LANG ] /var/www/swoole-live/thinkphp/lang/zh-cn.php
[ info ] [ LOG ] INIT File
[ 2018-06-02T21:36:56+08:00 ][ info ] [ LANG ] /var/www/swoole-live/thinkphp/lang/zh-cn.php
[ info ] [ LOG ] INIT File
[ 2018-06-02T21:36:56+08:00 ][ info ] [ LANG ] /var/www/swoole-live/thinkphp/lang/zh-cn.php
[ info ] [ LOG ] INIT File
[ 2018-06-02T21:36:56+08:00 ][ info ] [ LANG ] /var/www/swoole-live/thinkphp/lang/zh-cn.php
[ info ] [ LOG ] INIT File
[ 2018-06-02T21:36:56+08:00 ][ info ] [ LANG ] /var/www/swoole-live/thinkphp/lang/zh-cn.php
[ info ] [ LOG ] INIT File
[ 2018-06-02T21:36:56+08:00 ][ info ] [ LANG ] /var/www/swoole-live/thinkphp/lang/zh-cn.php
[ info ] [ LOG ] INIT File
[ 2018-06-02T21:36:56+08:00 ][ info ] [ ROUTE ] array (
)
[ 2018-06-02T21:36:56+08:00 ][ info ] [ HEADER ] array (
)
[ 2018-06-02T21:36:56+08:00 ][ info ] [ PARAM ] array (
)
[ 2018-06-02T21:36:56+08:00 ][ info ] [ ROUTE ] array (
)
[ 2018-06-02T21:36:56+08:00 ][ info ] [ HEADER ] array (
)
[ 2018-06-02T21:36:56+08:00 ][ info ] [ PARAM ] array (
)
[ 2018-06-02T21:36:56+08:00 ][ info ] [ ROUTE ] array (
)
[ 2018-06-02T21:36:56+08:00 ][ info ] [ HEADER ] array (
)
[ 2018-06-02T21:36:56+08:00 ][ info ] [ PARAM ] array (
)
[ 2018-06-02T21:36:56+08:00 ][ info ] [ ROUTE ] array (
)
[ 2018-06-02T21:36:56+08:00 ][ info ] [ HEADER ] array (
)
[ 2018-06-02T21:36:56+08:00 ][ info ] [ PARAM ] array (
)
[ 2018-06-02T21:36:56+08:00 ][ info ] [ ROUTE ] array (
)
[ 2018-06-02T21:36:56+08:00 ][ info ] [ HEADER ] array (
)
[ 2018-06-02T21:36:56+08:00 ][ info ] [ PARAM ] array (
)
[ 2018-06-02T21:36:56+08:00 ][ info ] [ ROUTE ] array (
)
[ 2018-06-02T21:36:56+08:00 ][ info ] [ HEADER ] array (
)
[ 2018-06-02T21:36:56+08:00 ][ info ] [ PARAM ] array (
)
[ 2018-06-02T21:36:56+08:00 ][ info ] [ ROUTE ] array (
)
[ 2018-06-02T21:36:56+08:00 ][ info ] [ HEADER ] array (
)
[ 2018-06-02T21:36:56+08:00 ][ info ] [ PARAM ] array (
)
[ 2018-06-02T21:36:56+08:00 ][ info ] [ ROUTE ] array (
)
[ 2018-06-02T21:36:56+08:00 ][ info ] [ HEADER ] array (
)
[ 2018-06-02T21:36:56+08:00 ][ info ] [ PARAM ] array (
)
[ 2018-06-02T21:36:56+08:00 ][ info ] [ ROUTE ] array (
)
[ 2018-06-02T21:36:56+08:00 ][ info ] [ HEADER ] array (
)
[ 2018-06-02T21:36:56+08:00 ][ info ] [ PARAM ] array (
)
[ 2018-06-02T21:36:56+08:00 ][ info ] [ ROUTE ] array (
)
[ 2018-06-02T21:36:56+08:00 ][ info ] [ HEADER ] array (
)
[ 2018-06-02T21:36:56+08:00 ][ info ] [ PARAM ] array (
)
[ 2018-06-02T21:36:59+08:00 ][ info ] [ LANG ] /var/www/swoole-live/thinkphp/lang/zh-cn.php
[ 2018-06-02T21:36:59+08:00 ][ info ] [ ROUTE ] array (
)
[ 2018-06-02T21:36:59+08:00 ][ info ] [ HEADER ] array (
)
[ 2018-06-02T21:36:59+08:00 ][ info ] [ PARAM ] array (
)
[ 2018-06-02T21:37:04+08:00 ][ info ] [ LANG ] /var/www/swoole-live/thinkphp/lang/zh-cn.php
[ 2018-06-02T21:37:04+08:00 ][ info ] [ ROUTE ] array (
)
[ 2018-06-02T21:37:04+08:00 ][ info ] [ HEADER ] array (
)
[ 2018-06-02T21:37:04+08:00 ][ info ] [ PARAM ] array (
)
[ 2018-06-02T21:37:43+08:00 ][ info ] [ LANG ] /var/www/swoole-live/thinkphp/lang/zh-cn.php
[ info ] [ LOG ] INIT File
[ 2018-06-02T21:37:43+08:00 ][ info ] [ LANG ] /var/www/swoole-live/thinkphp/lang/zh-cn.php
[ info ] [ LOG ] INIT File
[ 2018-06-02T21:37:43+08:00 ][ info ] [ ROUTE ] array (
)
[ 2018-06-02T21:37:43+08:00 ][ info ] [ HEADER ] array (
)
[ 2018-06-02T21:37:43+08:00 ][ info ] [ LANG ] /var/www/swoole-live/thinkphp/lang/zh-cn.php
[ info ] [ LOG ] INIT File
[ 2018-06-02T21:37:43+08:00 ][ info ] [ ROUTE ] array (
)
[ 2018-06-02T21:37:43+08:00 ][ info ] [ HEADER ] array (
)
[ 2018-06-02T21:37:43+08:00 ][ info ] [ PARAM ] array (
)
[ 2018-06-02T21:37:43+08:00 ][ info ] [ LANG ] /var/www/swoole-live/thinkphp/lang/zh-cn.php
[ info ] [ LOG ] INIT File
[ 2018-06-02T21:37:43+08:00 ][ info ] [ LANG ] /var/www/swoole-live/thinkphp/lang/zh-cn.php
[ info ] [ LOG ] INIT File
[ 2018-06-02T21:37:43+08:00 ][ info ] [ ROUTE ] array (
)
[ 2018-06-02T21:37:43+08:00 ][ info ] [ HEADER ] array (
)
[ 2018-06-02T21:37:43+08:00 ][ info ] [ PARAM ] array (
)
[ 2018-06-02T21:37:43+08:00 ][ info ] [ LANG ] /var/www/swoole-live/thinkphp/lang/zh-cn.php
[ info ] [ LOG ] INIT File
[ 2018-06-02T21:37:43+08:00 ][ info ] [ ROUTE ] array (
)
[ 2018-06-02T21:37:43+08:00 ][ info ] [ HEADER ] array (
)
[ 2018-06-02T21:37:43+08:00 ][ info ] [ PARAM ] array (
)
[ 2018-06-02T21:37:43+08:00 ][ info ] [ LANG ] /var/www/swoole-live/thinkphp/lang/zh-cn.php
[ info ] [ LOG ] INIT File
[ 2018-06-02T21:37:43+08:00 ][ info ] [ ROUTE ] array (
)
[ 2018-06-02T21:37:43+08:00 ][ info ] [ HEADER ] array (
)
[ 2018-06-02T21:37:43+08:00 ][ info ] [ PARAM ] array (
)
[ 2018-06-02T21:37:43+08:00 ][ info ] [ ROUTE ] array (
)
[ 2018-06-02T21:37:43+08:00 ][ info ] [ HEADER ] array (
)
[ 2018-06-02T21:37:43+08:00 ][ info ] [ PARAM ] array (
)
[ 2018-06-02T21:37:43+08:00 ][ info ] [ LANG ] /var/www/swoole-live/thinkphp/lang/zh-cn.php
[ info ] [ LOG ] INIT File
[ 2018-06-02T21:37:43+08:00 ][ info ] [ ROUTE ] array (
)
[ 2018-06-02T21:37:43+08:00 ][ info ] [ HEADER ] array (
)
[ 2018-06-02T21:37:43+08:00 ][ info ] [ LANG ] /var/www/swoole-live/thinkphp/lang/zh-cn.php
[ info ] [ LOG ] INIT File
[ 2018-06-02T21:37:43+08:00 ][ info ] [ ROUTE ] array (
)
[ 2018-06-02T21:37:43+08:00 ][ info ] [ HEADER ] array (
)
[ 2018-06-02T21:37:43+08:00 ][ info ] [ PARAM ] array (
)
[ 2018-06-02T21:37:43+08:00 ][ info ] [ PARAM ] array (
)
[ 2018-06-02T21:37:43+08:00 ][ info ] [ LANG ] /var/www/swoole-live/thinkphp/lang/zh-cn.php
[ info ] [ LOG ] INIT File
[ 2018-06-02T21:37:43+08:00 ][ info ] [ ROUTE ] array (
)
[ 2018-06-02T21:37:43+08:00 ][ info ] [ HEADER ] array (
)
[ 2018-06-02T21:37:43+08:00 ][ info ] [ PARAM ] array (
)
[ 2018-06-02T21:37:43+08:00 ][ info ] [ PARAM ] array (
)
[ 2018-06-02T21:37:43+08:00 ][ info ] [ ROUTE ] array (
)
[ 2018-06-02T21:37:43+08:00 ][ info ] [ HEADER ] array (
)
[ 2018-06-02T21:37:43+08:00 ][ info ] [ PARAM ] array (
)
[ 2018-06-02T21:37:45+08:00 ][ info ] [ LANG ] /var/www/swoole-live/thinkphp/lang/zh-cn.php
[ 2018-06-02T21:37:45+08:00 ][ info ] [ ROUTE ] array (
)
[ 2018-06-02T21:37:45+08:00 ][ info ] [ HEADER ] array (
)
[ 2018-06-02T21:37:45+08:00 ][ info ] [ PARAM ] array (
)
[ 2018-06-02T21:37:46+08:00 ][ info ] [ LANG ] /var/www/swoole-live/thinkphp/lang/zh-cn.php
[ 2018-06-02T21:37:46+08:00 ][ info ] [ ROUTE ] array (
)
[ 2018-06-02T21:37:46+08:00 ][ info ] [ HEADER ] array (
)
[ 2018-06-02T21:37:46+08:00 ][ info ] [ PARAM ] array (
)
[ 2018-06-02T21:39:55+08:00 ][ info ] [ LANG ] /var/www/swoole-live/thinkphp/lang/zh-cn.php
[ 2018-06-02T21:39:55+08:00 ][ info ] [ ROUTE ] array (
)
[ 2018-06-02T21:39:55+08:00 ][ info ] [ HEADER ] array (
)
[ 2018-06-02T21:39:55+08:00 ][ info ] [ PARAM ] array (
)
[ 2018-06-02T21:39:57+08:00 ][ info ] [ LANG ] /var/www/swoole-live/thinkphp/lang/zh-cn.php
[ 2018-06-02T21:39:57+08:00 ][ info ] [ ROUTE ] array (
)
[ 2018-06-02T21:39:57+08:00 ][ info ] [ HEADER ] array (
)
[ 2018-06-02T21:39:57+08:00 ][ info ] [ PARAM ] array (
)
[ 2018-06-02T21:40:03+08:00 ][ info ] [ LANG ] /var/www/swoole-live/thinkphp/lang/zh-cn.php
[ info ] [ LOG ] INIT File
[ 2018-06-02T21:40:03+08:00 ][ info ] [ LANG ] /var/www/swoole-live/thinkphp/lang/zh-cn.php
[ info ] [ LOG ] INIT File
[ 2018-06-02T21:40:03+08:00 ][ info ] [ LANG ] /var/www/swoole-live/thinkphp/lang/zh-cn.php
[ info ] [ LOG ] INIT File
[ 2018-06-02T21:40:03+08:00 ][ info ] [ LANG ] /var/www/swoole-live/thinkphp/lang/zh-cn.php
[ info ] [ LOG ] INIT File
[ 2018-06-02T21:40:03+08:00 ][ info ] [ LANG ] /var/www/swoole-live/thinkphp/lang/zh-cn.php
[ info ] [ LOG ] INIT File
[ 2018-06-02T21:40:03+08:00 ][ info ] [ LANG ] /var/www/swoole-live/thinkphp/lang/zh-cn.php
[ info ] [ LOG ] INIT File
[ 2018-06-02T21:40:03+08:00 ][ info ] [ LANG ] /var/www/swoole-live/thinkphp/lang/zh-cn.php
[ info ] [ LOG ] INIT File
[ 2018-06-02T21:40:03+08:00 ][ info ] [ LANG ] /var/www/swoole-live/thinkphp/lang/zh-cn.php
[ info ] [ LOG ] INIT File
[ 2018-06-02T21:40:03+08:00 ][ info ] [ ROUTE ] array (
)
[ 2018-06-02T21:40:03+08:00 ][ info ] [ HEADER ] array (
)
[ 2018-06-02T21:40:03+08:00 ][ info ] [ PARAM ] array (
)
[ 2018-06-02T21:40:03+08:00 ][ info ] [ LANG ] /var/www/swoole-live/thinkphp/lang/zh-cn.php
[ info ] [ LOG ] INIT File
[ 2018-06-02T21:40:03+08:00 ][ info ] [ ROUTE ] array (
)
[ 2018-06-02T21:40:03+08:00 ][ info ] [ HEADER ] array (
)
[ 2018-06-02T21:40:03+08:00 ][ info ] [ PARAM ] array (
)
[ 2018-06-02T21:40:03+08:00 ][ info ] [ ROUTE ] array (
)
[ 2018-06-02T21:40:03+08:00 ][ info ] [ HEADER ] array (
)
[ 2018-06-02T21:40:03+08:00 ][ info ] [ PARAM ] array (
)
[ 2018-06-02T21:40:03+08:00 ][ info ] [ ROUTE ] array (
)
[ 2018-06-02T21:40:03+08:00 ][ info ] [ HEADER ] array (
)
[ 2018-06-02T21:40:03+08:00 ][ info ] [ PARAM ] array (
)
[ 2018-06-02T21:40:03+08:00 ][ info ] [ LANG ] /var/www/swoole-live/thinkphp/lang/zh-cn.php
[ info ] [ LOG ] INIT File
[ 2018-06-02T21:40:03+08:00 ][ info ] [ ROUTE ] array (
)
[ 2018-06-02T21:40:03+08:00 ][ info ] [ HEADER ] array (
)
[ 2018-06-02T21:40:03+08:00 ][ info ] [ PARAM ] array (
)
[ 2018-06-02T21:40:03+08:00 ][ info ] [ ROUTE ] array (
)
[ 2018-06-02T21:40:03+08:00 ][ info ] [ HEADER ] array (
)
[ 2018-06-02T21:40:03+08:00 ][ info ] [ PARAM ] array (
)
[ 2018-06-02T21:40:03+08:00 ][ info ] [ ROUTE ] array (
)
[ 2018-06-02T21:40:03+08:00 ][ info ] [ HEADER ] array (
)
[ 2018-06-02T21:40:03+08:00 ][ info ] [ PARAM ] array (
)
[ 2018-06-02T21:40:03+08:00 ][ info ] [ ROUTE ] array (
)
[ 2018-06-02T21:40:03+08:00 ][ info ] [ HEADER ] array (
)
[ 2018-06-02T21:40:03+08:00 ][ info ] [ PARAM ] array (
)
[ 2018-06-02T21:40:03+08:00 ][ info ] [ ROUTE ] array (
)
[ 2018-06-02T21:40:03+08:00 ][ info ] [ HEADER ] array (
)
[ 2018-06-02T21:40:03+08:00 ][ info ] [ PARAM ] array (
)
[ 2018-06-02T21:40:03+08:00 ][ info ] [ ROUTE ] array (
)
[ 2018-06-02T21:40:03+08:00 ][ info ] [ HEADER ] array (
)
[ 2018-06-02T21:40:03+08:00 ][ info ] [ PARAM ] array (
)
[ 2018-06-02T21:40:05+08:00 ][ info ] [ LANG ] /var/www/swoole-live/thinkphp/lang/zh-cn.php
[ 2018-06-02T21:40:05+08:00 ][ info ] [ ROUTE ] array (
)
[ 2018-06-02T21:40:05+08:00 ][ info ] [ HEADER ] array (
)
[ 2018-06-02T21:40:05+08:00 ][ info ] [ PARAM ] array (
)
[ 2018-06-02T21:40:07+08:00 ][ info ] [ LANG ] /var/www/swoole-live/thinkphp/lang/zh-cn.php
[ 2018-06-02T21:40:07+08:00 ][ info ] [ ROUTE ] array (
)
[ 2018-06-02T21:40:07+08:00 ][ info ] [ HEADER ] array (
)
[ 2018-06-02T21:40:07+08:00 ][ info ] [ PARAM ] array (
)
[ 2018-06-02T21:41:49+08:00 ][ info ] [ LANG ] /var/www/swoole-live/thinkphp/lang/zh-cn.php
[ info ] [ LOG ] INIT File
[ 2018-06-02T21:41:49+08:00 ][ info ] [ LANG ] /var/www/swoole-live/thinkphp/lang/zh-cn.php
[ info ] [ LOG ] INIT File
[ 2018-06-02T21:41:49+08:00 ][ info ] [ LANG ] /var/www/swoole-live/thinkphp/lang/zh-cn.php
[ info ] [ LOG ] INIT File
[ 2018-06-02T21:41:49+08:00 ][ info ] [ LANG ] /var/www/swoole-live/thinkphp/lang/zh-cn.php
[ info ] [ LOG ] INIT File
[ 2018-06-02T21:41:49+08:00 ][ info ] [ LANG ] /var/www/swoole-live/thinkphp/lang/zh-cn.php
[ info ] [ LOG ] INIT File
[ 2018-06-02T21:41:49+08:00 ][ info ] [ LANG ] /var/www/swoole-live/thinkphp/lang/zh-cn.php
[ info ] [ LOG ] INIT File
[ 2018-06-02T21:41:49+08:00 ][ info ] [ ROUTE ] array (
)
[ 2018-06-02T21:41:49+08:00 ][ info ] [ HEADER ] array (
)
[ 2018-06-02T21:41:49+08:00 ][ info ] [ PARAM ] array (
)
[ 2018-06-02T21:41:49+08:00 ][ info ] [ LANG ] /var/www/swoole-live/thinkphp/lang/zh-cn.php
[ info ] [ LOG ] INIT File
[ 2018-06-02T21:41:49+08:00 ][ info ] [ ROUTE ] array (
)
[ 2018-06-02T21:41:49+08:00 ][ info ] [ HEADER ] array (
)
[ 2018-06-02T21:41:49+08:00 ][ info ] [ PARAM ] array (
)
[ 2018-06-02T21:41:49+08:00 ][ info ] [ LANG ] /var/www/swoole-live/thinkphp/lang/zh-cn.php
[ info ] [ LOG ] INIT File
[ 2018-06-02T21:41:50+08:00 ][ info ] [ LANG ] /var/www/swoole-live/thinkphp/lang/zh-cn.php
[ info ] [ LOG ] INIT File
[ 2018-06-02T21:41:50+08:00 ][ info ] [ ROUTE ] array (
)
[ 2018-06-02T21:41:50+08:00 ][ info ] [ HEADER ] array (
)
[ 2018-06-02T21:41:50+08:00 ][ info ] [ PARAM ] array (
)
[ 2018-06-02T21:41:50+08:00 ][ info ] [ ROUTE ] array (
)
[ 2018-06-02T21:41:50+08:00 ][ info ] [ HEADER ] array (
)
[ 2018-06-02T21:41:50+08:00 ][ info ] [ PARAM ] array (
)
[ 2018-06-02T21:41:50+08:00 ][ info ] [ ROUTE ] array (
)
[ 2018-06-02T21:41:50+08:00 ][ info ] [ HEADER ] array (
)
[ 2018-06-02T21:41:50+08:00 ][ info ] [ PARAM ] array (
)
[ 2018-06-02T21:41:50+08:00 ][ info ] [ LANG ] /var/www/swoole-live/thinkphp/lang/zh-cn.php
[ info ] [ LOG ] INIT File
[ 2018-06-02T21:41:50+08:00 ][ info ] [ ROUTE ] array (
)
[ 2018-06-02T21:41:50+08:00 ][ info ] [ HEADER ] array (
)
[ 2018-06-02T21:41:50+08:00 ][ info ] [ PARAM ] array (
)
[ 2018-06-02T21:41:50+08:00 ][ info ] [ ROUTE ] array (
)
[ 2018-06-02T21:41:50+08:00 ][ info ] [ HEADER ] array (
)
[ 2018-06-02T21:41:50+08:00 ][ info ] [ PARAM ] array (
)
[ 2018-06-02T21:41:50+08:00 ][ info ] [ ROUTE ] array (
)
[ 2018-06-02T21:41:50+08:00 ][ info ] [ HEADER ] array (
)
[ 2018-06-02T21:41:50+08:00 ][ info ] [ PARAM ] array (
)
[ 2018-06-02T21:41:50+08:00 ][ info ] [ ROUTE ] array (
)
[ 2018-06-02T21:41:50+08:00 ][ info ] [ HEADER ] array (
)
[ 2018-06-02T21:41:50+08:00 ][ info ] [ PARAM ] array (
)
[ 2018-06-02T21:41:50+08:00 ][ info ] [ ROUTE ] array (
)
[ 2018-06-02T21:41:50+08:00 ][ info ] [ HEADER ] array (
)
[ 2018-06-02T21:41:50+08:00 ][ info ] [ PARAM ] array (
)
[ 2018-06-02T21:41:51+08:00 ][ info ] [ LANG ] /var/www/swoole-live/thinkphp/lang/zh-cn.php
[ 2018-06-02T21:41:51+08:00 ][ info ] [ ROUTE ] array (
)
[ 2018-06-02T21:41:51+08:00 ][ info ] [ HEADER ] array (
)
[ 2018-06-02T21:41:51+08:00 ][ info ] [ PARAM ] array (
)
[ 2018-06-02T21:41:53+08:00 ][ info ] [ LANG ] /var/www/swoole-live/thinkphp/lang/zh-cn.php
[ 2018-06-02T21:41:53+08:00 ][ info ] [ ROUTE ] array (
)
[ 2018-06-02T21:41:53+08:00 ][ info ] [ HEADER ] array (
)
[ 2018-06-02T21:41:53+08:00 ][ info ] [ PARAM ] array (
)
[ 2018-06-02T21:43:00+08:00 ][ info ] [ LANG ] /var/www/swoole-live/thinkphp/lang/zh-cn.php
[ info ] [ LOG ] INIT File
[ 2018-06-02T21:43:00+08:00 ][ info ] [ LANG ] /var/www/swoole-live/thinkphp/lang/zh-cn.php
[ info ] [ LOG ] INIT File
[ 2018-06-02T21:43:00+08:00 ][ info ] [ ROUTE ] array (
)
[ 2018-06-02T21:43:00+08:00 ][ info ] [ HEADER ] array (
)
[ 2018-06-02T21:43:00+08:00 ][ info ] [ PARAM ] array (
)
[ 2018-06-02T21:43:00+08:00 ][ info ] [ LANG ] /var/www/swoole-live/thinkphp/lang/zh-cn.php
[ info ] [ LOG ] INIT File
[ 2018-06-02T21:43:00+08:00 ][ info ] [ ROUTE ] array (
)
[ 2018-06-02T21:43:00+08:00 ][ info ] [ HEADER ] array (
)
[ 2018-06-02T21:43:00+08:00 ][ info ] [ PARAM ] array (
)
[ 2018-06-02T21:43:00+08:00 ][ info ] [ LANG ] /var/www/swoole-live/thinkphp/lang/zh-cn.php
[ info ] [ LOG ] INIT File
[ 2018-06-02T21:43:00+08:00 ][ info ] [ ROUTE ] array (
)
[ 2018-06-02T21:43:00+08:00 ][ info ] [ HEADER ] array (
)
[ 2018-06-02T21:43:00+08:00 ][ info ] [ PARAM ] array (
)
[ 2018-06-02T21:43:00+08:00 ][ info ] [ LANG ] /var/www/swoole-live/thinkphp/lang/zh-cn.php
[ info ] [ LOG ] INIT File
[ 2018-06-02T21:43:00+08:00 ][ info ] [ ROUTE ] array (
)
[ 2018-06-02T21:43:00+08:00 ][ info ] [ HEADER ] array (
)
[ 2018-06-02T21:43:00+08:00 ][ info ] [ PARAM ] array (
)
[ 2018-06-02T21:43:00+08:00 ][ info ] [ LANG ] /var/www/swoole-live/thinkphp/lang/zh-cn.php
[ info ] [ LOG ] INIT File
[ 2018-06-02T21:43:00+08:00 ][ info ] [ ROUTE ] array (
)
[ 2018-06-02T21:43:00+08:00 ][ info ] [ HEADER ] array (
)
[ 2018-06-02T21:43:00+08:00 ][ info ] [ PARAM ] array (
)
[ 2018-06-02T21:43:00+08:00 ][ info ] [ LANG ] /var/www/swoole-live/thinkphp/lang/zh-cn.php
[ info ] [ LOG ] INIT File
[ 2018-06-02T21:43:00+08:00 ][ info ] [ ROUTE ] array (
)
[ 2018-06-02T21:43:00+08:00 ][ info ] [ HEADER ] array (
)
[ 2018-06-02T21:43:00+08:00 ][ info ] [ PARAM ] array (
)
[ 2018-06-02T21:43:00+08:00 ][ info ] [ LANG ] /var/www/swoole-live/thinkphp/lang/zh-cn.php
[ info ] [ LOG ] INIT File
[ 2018-06-02T21:43:00+08:00 ][ info ] [ ROUTE ] array (
)
[ 2018-06-02T21:43:00+08:00 ][ info ] [ HEADER ] array (
)
[ 2018-06-02T21:43:00+08:00 ][ info ] [ PARAM ] array (
)
[ 2018-06-02T21:43:00+08:00 ][ info ] [ LANG ] /var/www/swoole-live/thinkphp/lang/zh-cn.php
[ info ] [ LOG ] INIT File
[ 2018-06-02T21:43:00+08:00 ][ info ] [ ROUTE ] array (
)
[ 2018-06-02T21:43:00+08:00 ][ info ] [ HEADER ] array (
)
[ 2018-06-02T21:43:00+08:00 ][ info ] [ PARAM ] array (
)
[ 2018-06-02T21:43:00+08:00 ][ info ] [ LANG ] /var/www/swoole-live/thinkphp/lang/zh-cn.php
[ info ] [ LOG ] INIT File
[ 2018-06-02T21:43:00+08:00 ][ info ] [ ROUTE ] array (
)
[ 2018-06-02T21:43:00+08:00 ][ info ] [ HEADER ] array (
)
[ 2018-06-02T21:43:00+08:00 ][ info ] [ PARAM ] array (
)
[ 2018-06-02T21:43:00+08:00 ][ info ] [ ROUTE ] array (
)
[ 2018-06-02T21:43:00+08:00 ][ info ] [ HEADER ] array (
)
[ 2018-06-02T21:43:00+08:00 ][ info ] [ PARAM ] array (
)
[ 2018-06-02T21:43:03+08:00 ][ info ] [ LANG ] /var/www/swoole-live/thinkphp/lang/zh-cn.php
[ 2018-06-02T21:43:03+08:00 ][ info ] [ ROUTE ] array (
)
[ 2018-06-02T21:43:03+08:00 ][ info ] [ HEADER ] array (
)
[ 2018-06-02T21:43:03+08:00 ][ info ] [ PARAM ] array (
)
[ 2018-06-02T21:43:05+08:00 ][ info ] [ LANG ] /var/www/swoole-live/thinkphp/lang/zh-cn.php
[ 2018-06-02T21:43:05+08:00 ][ info ] [ ROUTE ] array (
)
[ 2018-06-02T21:43:05+08:00 ][ info ] [ HEADER ] array (
)
[ 2018-06-02T21:43:05+08:00 ][ info ] [ PARAM ] array (
)
[ 2018-06-02T21:49:08+08:00 ][ info ] [ LANG ] /var/www/swoole-live/thinkphp/lang/zh-cn.php
[ info ] [ LOG ] INIT File
[ 2018-06-02T21:49:08+08:00 ][ info ] [ LANG ] /var/www/swoole-live/thinkphp/lang/zh-cn.php
[ info ] [ LOG ] INIT File
[ 2018-06-02T21:49:08+08:00 ][ info ] [ LANG ] /var/www/swoole-live/thinkphp/lang/zh-cn.php
[ info ] [ LOG ] INIT File
[ 2018-06-02T21:49:08+08:00 ][ info ] [ LANG ] /var/www/swoole-live/thinkphp/lang/zh-cn.php
[ info ] [ LOG ] INIT File
[ 2018-06-02T21:49:08+08:00 ][ info ] [ LANG ] /var/www/swoole-live/thinkphp/lang/zh-cn.php
[ info ] [ LOG ] INIT File
[ 2018-06-02T21:49:08+08:00 ][ info ] [ ROUTE ] array (
)
[ 2018-06-02T21:49:08+08:00 ][ info ] [ HEADER ] array (
)
[ 2018-06-02T21:49:08+08:00 ][ info ] [ PARAM ] array (
)
[ 2018-06-02T21:49:08+08:00 ][ info ] [ ROUTE ] array (
)
[ 2018-06-02T21:49:08+08:00 ][ info ] [ HEADER ] array (
)
[ 2018-06-02T21:49:08+08:00 ][ info ] [ PARAM ] array (
)
[ 2018-06-02T21:49:08+08:00 ][ info ] [ ROUTE ] array (
)
[ 2018-06-02T21:49:08+08:00 ][ info ] [ HEADER ] array (
)
[ 2018-06-02T21:49:08+08:00 ][ info ] [ PARAM ] array (
)
[ 2018-06-02T21:49:08+08:00 ][ info ] [ LANG ] /var/www/swoole-live/thinkphp/lang/zh-cn.php
[ info ] [ LOG ] INIT File
[ 2018-06-02T21:49:08+08:00 ][ info ] [ ROUTE ] array (
)
[ 2018-06-02T21:49:08+08:00 ][ info ] [ HEADER ] array (
)
[ 2018-06-02T21:49:08+08:00 ][ info ] [ PARAM ] array (
)
[ 2018-06-02T21:49:08+08:00 ][ info ] [ LANG ] /var/www/swoole-live/thinkphp/lang/zh-cn.php
[ info ] [ LOG ] INIT File
[ 2018-06-02T21:49:08+08:00 ][ info ] [ ROUTE ] array (
)
[ 2018-06-02T21:49:08+08:00 ][ info ] [ HEADER ] array (
)
[ 2018-06-02T21:49:08+08:00 ][ info ] [ PARAM ] array (
)
[ 2018-06-02T21:49:08+08:00 ][ info ] [ LANG ] /var/www/swoole-live/thinkphp/lang/zh-cn.php
[ info ] [ LOG ] INIT File
[ 2018-06-02T21:49:08+08:00 ][ info ] [ ROUTE ] array (
)
[ 2018-06-02T21:49:08+08:00 ][ info ] [ HEADER ] array (
)
[ 2018-06-02T21:49:08+08:00 ][ info ] [ PARAM ] array (
)
[ 2018-06-02T21:49:08+08:00 ][ info ] [ LANG ] /var/www/swoole-live/thinkphp/lang/zh-cn.php
[ info ] [ LOG ] INIT File
[ 2018-06-02T21:49:08+08:00 ][ info ] [ ROUTE ] array (
)
[ 2018-06-02T21:49:08+08:00 ][ info ] [ HEADER ] array (
)
[ 2018-06-02T21:49:08+08:00 ][ info ] [ PARAM ] array (
)
[ 2018-06-02T21:49:08+08:00 ][ info ] [ ROUTE ] array (
)
[ 2018-06-02T21:49:08+08:00 ][ info ] [ HEADER ] array (
)
[ 2018-06-02T21:49:08+08:00 ][ info ] [ PARAM ] array (
)
[ 2018-06-02T21:49:08+08:00 ][ info ] [ LANG ] /var/www/swoole-live/thinkphp/lang/zh-cn.php
[ info ] [ LOG ] INIT File
[ 2018-06-02T21:49:08+08:00 ][ info ] [ ROUTE ] array (
)
[ 2018-06-02T21:49:08+08:00 ][ info ] [ HEADER ] array (
)
[ 2018-06-02T21:49:08+08:00 ][ info ] [ PARAM ] array (
)
[ 2018-06-02T21:49:08+08:00 ][ info ] [ ROUTE ] array (
)
[ 2018-06-02T21:49:08+08:00 ][ info ] [ HEADER ] array (
)
[ 2018-06-02T21:49:08+08:00 ][ info ] [ PARAM ] array (
)
[ 2018-06-02T21:49:15+08:00 ][ info ] [ LANG ] /var/www/swoole-live/thinkphp/lang/zh-cn.php
[ 2018-06-02T21:49:15+08:00 ][ info ] [ ROUTE ] array (
)
[ 2018-06-02T21:49:15+08:00 ][ info ] [ HEADER ] array (
)
[ 2018-06-02T21:49:15+08:00 ][ info ] [ PARAM ] array (
)
[ 2018-06-02T21:49:16+08:00 ][ info ] [ LANG ] /var/www/swoole-live/thinkphp/lang/zh-cn.php
[ 2018-06-02T21:49:16+08:00 ][ info ] [ ROUTE ] array (
)
[ 2018-06-02T21:49:16+08:00 ][ info ] [ HEADER ] array (
)
[ 2018-06-02T21:49:16+08:00 ][ info ] [ PARAM ] array (
)
[ 2018-06-02T21:51:44+08:00 ][ info ] [ LANG ] /var/www/swoole-live/thinkphp/lang/zh-cn.php
[ info ] [ LOG ] INIT File
[ 2018-06-02T21:51:44+08:00 ][ info ] [ LANG ] /var/www/swoole-live/thinkphp/lang/zh-cn.php
[ info ] [ LOG ] INIT File
[ 2018-06-02T21:51:44+08:00 ][ info ] [ LANG ] /var/www/swoole-live/thinkphp/lang/zh-cn.php
[ info ] [ LOG ] INIT File
[ 2018-06-02T21:51:44+08:00 ][ info ] [ LANG ] /var/www/swoole-live/thinkphp/lang/zh-cn.php
[ info ] [ LOG ] INIT File
[ 2018-06-02T21:51:44+08:00 ][ info ] [ LANG ] /var/www/swoole-live/thinkphp/lang/zh-cn.php
[ info ] [ LOG ] INIT File
[ 2018-06-02T21:51:44+08:00 ][ info ] [ ROUTE ] array (
)
[ 2018-06-02T21:51:44+08:00 ][ info ] [ HEADER ] array (
)
[ 2018-06-02T21:51:44+08:00 ][ info ] [ PARAM ] array (
)
[ 2018-06-02T21:51:44+08:00 ][ info ] [ ROUTE ] array (
)
[ 2018-06-02T21:51:44+08:00 ][ info ] [ HEADER ] array (
)
[ 2018-06-02T21:51:44+08:00 ][ info ] [ PARAM ] array (
)
[ 2018-06-02T21:51:44+08:00 ][ info ] [ LANG ] /var/www/swoole-live/thinkphp/lang/zh-cn.php
[ info ] [ LOG ] INIT File
[ 2018-06-02T21:51:44+08:00 ][ info ] [ ROUTE ] array (
)
[ 2018-06-02T21:51:44+08:00 ][ info ] [ HEADER ] array (
)
[ 2018-06-02T21:51:44+08:00 ][ info ] [ PARAM ] array (
)
[ 2018-06-02T21:51:44+08:00 ][ info ] [ LANG ] /var/www/swoole-live/thinkphp/lang/zh-cn.php
[ info ] [ LOG ] INIT File
[ 2018-06-02T21:51:44+08:00 ][ info ] [ ROUTE ] array (
)
[ 2018-06-02T21:51:44+08:00 ][ info ] [ HEADER ] array (
)
[ 2018-06-02T21:51:44+08:00 ][ info ] [ PARAM ] array (
)
[ 2018-06-02T21:51:44+08:00 ][ info ] [ LANG ] /var/www/swoole-live/thinkphp/lang/zh-cn.php
[ info ] [ LOG ] INIT File
[ 2018-06-02T21:51:44+08:00 ][ info ] [ ROUTE ] array (
)
[ 2018-06-02T21:51:44+08:00 ][ info ] [ HEADER ] array (
)
[ 2018-06-02T21:51:44+08:00 ][ info ] [ PARAM ] array (
)
[ 2018-06-02T21:51:44+08:00 ][ info ] [ ROUTE ] array (
)
[ 2018-06-02T21:51:44+08:00 ][ info ] [ HEADER ] array (
)
[ 2018-06-02T21:51:44+08:00 ][ info ] [ PARAM ] array (
)
[ 2018-06-02T21:51:44+08:00 ][ info ] [ ROUTE ] array (
)
[ 2018-06-02T21:51:44+08:00 ][ info ] [ HEADER ] array (
)
[ 2018-06-02T21:51:44+08:00 ][ info ] [ PARAM ] array (
)
[ 2018-06-02T21:51:44+08:00 ][ info ] [ LANG ] /var/www/swoole-live/thinkphp/lang/zh-cn.php
[ info ] [ LOG ] INIT File
[ 2018-06-02T21:51:44+08:00 ][ info ] [ ROUTE ] array (
)
[ 2018-06-02T21:51:44+08:00 ][ info ] [ HEADER ] array (
)
[ 2018-06-02T21:51:44+08:00 ][ info ] [ PARAM ] array (
)
[ 2018-06-02T21:51:44+08:00 ][ info ] [ ROUTE ] array (
)
[ 2018-06-02T21:51:44+08:00 ][ info ] [ HEADER ] array (
)
[ 2018-06-02T21:51:44+08:00 ][ info ] [ PARAM ] array (
)
[ 2018-06-02T21:51:44+08:00 ][ info ] [ LANG ] /var/www/swoole-live/thinkphp/lang/zh-cn.php
[ info ] [ LOG ] INIT File
[ 2018-06-02T21:51:44+08:00 ][ info ] [ ROUTE ] array (
)
[ 2018-06-02T21:51:44+08:00 ][ info ] [ HEADER ] array (
)
[ 2018-06-02T21:51:44+08:00 ][ info ] [ PARAM ] array (
)
[ 2018-06-02T21:51:46+08:00 ][ info ] [ LANG ] /var/www/swoole-live/thinkphp/lang/zh-cn.php
[ 2018-06-02T21:51:46+08:00 ][ info ] [ ROUTE ] array (
)
[ 2018-06-02T21:51:46+08:00 ][ info ] [ HEADER ] array (
)
[ 2018-06-02T21:51:46+08:00 ][ info ] [ PARAM ] array (
)
[ 2018-06-02T21:51:48+08:00 ][ info ] [ LANG ] /var/www/swoole-live/thinkphp/lang/zh-cn.php
[ 2018-06-02T21:51:48+08:00 ][ info ] [ ROUTE ] array (
)
[ 2018-06-02T21:51:48+08:00 ][ info ] [ HEADER ] array (
)
[ 2018-06-02T21:51:48+08:00 ][ info ] [ PARAM ] array (
)
[ 2018-06-02T21:55:05+08:00 ][ info ] [ LANG ] /var/www/swoole-live/thinkphp/lang/zh-cn.php
[ info ] [ LOG ] INIT File
[ 2018-06-02T21:55:05+08:00 ][ info ] [ LANG ] /var/www/swoole-live/thinkphp/lang/zh-cn.php
[ info ] [ LOG ] INIT File
[ 2018-06-02T21:55:05+08:00 ][ info ] [ LANG ] /var/www/swoole-live/thinkphp/lang/zh-cn.php
[ info ] [ LOG ] INIT File
[ 2018-06-02T21:55:05+08:00 ][ info ] [ LANG ] /var/www/swoole-live/thinkphp/lang/zh-cn.php
[ info ] [ LOG ] INIT File
[ 2018-06-02T21:55:05+08:00 ][ info ] [ LANG ] /var/www/swoole-live/thinkphp/lang/zh-cn.php
[ info ] [ LOG ] INIT File
[ 2018-06-02T21:55:05+08:00 ][ info ] [ LANG ] /var/www/swoole-live/thinkphp/lang/zh-cn.php
[ info ] [ LOG ] INIT File
[ 2018-06-02T21:55:05+08:00 ][ info ] [ ROUTE ] array (
)
[ 2018-06-02T21:55:05+08:00 ][ info ] [ HEADER ] array (
)
[ 2018-06-02T21:55:05+08:00 ][ info ] [ PARAM ] array (
)
[ 2018-06-02T21:55:05+08:00 ][ info ] [ LANG ] /var/www/swoole-live/thinkphp/lang/zh-cn.php
[ info ] [ LOG ] INIT File
[ 2018-06-02T21:55:05+08:00 ][ info ] [ ROUTE ] array (
)
[ 2018-06-02T21:55:05+08:00 ][ info ] [ HEADER ] array (
)
[ 2018-06-02T21:55:05+08:00 ][ info ] [ PARAM ] array (
)
[ 2018-06-02T21:55:05+08:00 ][ info ] [ ROUTE ] array (
)
[ 2018-06-02T21:55:05+08:00 ][ info ] [ HEADER ] array (
)
[ 2018-06-02T21:55:05+08:00 ][ info ] [ PARAM ] array (
)
[ 2018-06-02T21:55:05+08:00 ][ info ] [ ROUTE ] array (
)
[ 2018-06-02T21:55:05+08:00 ][ info ] [ HEADER ] array (
)
[ 2018-06-02T21:55:05+08:00 ][ info ] [ PARAM ] array (
)
[ 2018-06-02T21:55:05+08:00 ][ info ] [ LANG ] /var/www/swoole-live/thinkphp/lang/zh-cn.php
[ info ] [ LOG ] INIT File
[ 2018-06-02T21:55:05+08:00 ][ info ] [ ROUTE ] array (
)
[ 2018-06-02T21:55:05+08:00 ][ info ] [ HEADER ] array (
)
[ 2018-06-02T21:55:05+08:00 ][ info ] [ PARAM ] array (
)
[ 2018-06-02T21:55:05+08:00 ][ info ] [ ROUTE ] array (
)
[ 2018-06-02T21:55:05+08:00 ][ info ] [ HEADER ] array (
)
[ 2018-06-02T21:55:05+08:00 ][ info ] [ PARAM ] array (
)
[ 2018-06-02T21:55:05+08:00 ][ info ] [ LANG ] /var/www/swoole-live/thinkphp/lang/zh-cn.php
[ info ] [ LOG ] INIT File
[ 2018-06-02T21:55:05+08:00 ][ info ] [ ROUTE ] array (
)
[ 2018-06-02T21:55:05+08:00 ][ info ] [ HEADER ] array (
)
[ 2018-06-02T21:55:05+08:00 ][ info ] [ PARAM ] array (
)
[ 2018-06-02T21:55:05+08:00 ][ info ] [ LANG ] /var/www/swoole-live/thinkphp/lang/zh-cn.php
[ info ] [ LOG ] INIT File
[ 2018-06-02T21:55:05+08:00 ][ info ] [ ROUTE ] array (
)
[ 2018-06-02T21:55:05+08:00 ][ info ] [ HEADER ] array (
)
[ 2018-06-02T21:55:05+08:00 ][ info ] [ PARAM ] array (
)
[ 2018-06-02T21:55:05+08:00 ][ info ] [ ROUTE ] array (
)
[ 2018-06-02T21:55:05+08:00 ][ info ] [ HEADER ] array (
)
[ 2018-06-02T21:55:05+08:00 ][ info ] [ PARAM ] array (
)
[ 2018-06-02T21:55:05+08:00 ][ info ] [ ROUTE ] array (
)
[ 2018-06-02T21:55:05+08:00 ][ info ] [ HEADER ] array (
)
[ 2018-06-02T21:55:05+08:00 ][ info ] [ PARAM ] array (
)
[ 2018-06-02T21:55:07+08:00 ][ info ] [ LANG ] /var/www/swoole-live/thinkphp/lang/zh-cn.php
[ 2018-06-02T21:55:07+08:00 ][ info ] [ ROUTE ] array (
)
[ 2018-06-02T21:55:07+08:00 ][ info ] [ HEADER ] array (
)
[ 2018-06-02T21:55:07+08:00 ][ info ] [ PARAM ] array (
)
[ 2018-06-02T21:55:08+08:00 ][ info ] [ LANG ] /var/www/swoole-live/thinkphp/lang/zh-cn.php
[ 2018-06-02T21:55:08+08:00 ][ info ] [ ROUTE ] array (
)
[ 2018-06-02T21:55:08+08:00 ][ info ] [ HEADER ] array (
)
[ 2018-06-02T21:55:08+08:00 ][ info ] [ PARAM ] array (
)
[ 2018-06-02T22:00:29+08:00 ][ info ] [ LANG ] /var/www/swoole-live/thinkphp/lang/zh-cn.php
[ info ] [ LOG ] INIT File
[ 2018-06-02T22:00:29+08:00 ][ info ] [ LANG ] /var/www/swoole-live/thinkphp/lang/zh-cn.php
[ info ] [ LOG ] INIT File
[ 2018-06-02T22:00:29+08:00 ][ info ] [ LANG ] /var/www/swoole-live/thinkphp/lang/zh-cn.php
[ info ] [ LOG ] INIT File
[ 2018-06-02T22:00:29+08:00 ][ info ] [ LANG ] /var/www/swoole-live/thinkphp/lang/zh-cn.php
[ info ] [ LOG ] INIT File
[ 2018-06-02T22:00:29+08:00 ][ info ] [ ROUTE ] array (
)
[ 2018-06-02T22:00:29+08:00 ][ info ] [ HEADER ] array (
)
[ 2018-06-02T22:00:29+08:00 ][ info ] [ PARAM ] array (
)
[ 2018-06-02T22:00:29+08:00 ][ info ] [ LANG ] /var/www/swoole-live/thinkphp/lang/zh-cn.php
[ info ] [ LOG ] INIT File
[ 2018-06-02T22:00:29+08:00 ][ info ] [ ROUTE ] array (
)
[ 2018-06-02T22:00:29+08:00 ][ info ] [ HEADER ] array (
)
[ 2018-06-02T22:00:29+08:00 ][ info ] [ PARAM ] array (
)
[ 2018-06-02T22:00:29+08:00 ][ info ] [ LANG ] /var/www/swoole-live/thinkphp/lang/zh-cn.php
[ info ] [ LOG ] INIT File
[ 2018-06-02T22:00:29+08:00 ][ info ] [ LANG ] /var/www/swoole-live/thinkphp/lang/zh-cn.php
[ info ] [ LOG ] INIT File
[ 2018-06-02T22:00:29+08:00 ][ info ] [ ROUTE ] array (
)
[ 2018-06-02T22:00:29+08:00 ][ info ] [ HEADER ] array (
)
[ 2018-06-02T22:00:29+08:00 ][ info ] [ PARAM ] array (
)
[ 2018-06-02T22:00:29+08:00 ][ info ] [ LANG ] /var/www/swoole-live/thinkphp/lang/zh-cn.php
[ info ] [ LOG ] INIT File
[ 2018-06-02T22:00:29+08:00 ][ info ] [ ROUTE ] array (
)
[ 2018-06-02T22:00:29+08:00 ][ info ] [ HEADER ] array (
)
[ 2018-06-02T22:00:29+08:00 ][ info ] [ PARAM ] array (
)
[ 2018-06-02T22:00:29+08:00 ][ info ] [ ROUTE ] array (
)
[ 2018-06-02T22:00:29+08:00 ][ info ] [ HEADER ] array (
)
[ 2018-06-02T22:00:29+08:00 ][ info ] [ PARAM ] array (
)
[ 2018-06-02T22:00:29+08:00 ][ info ] [ LANG ] /var/www/swoole-live/thinkphp/lang/zh-cn.php
[ info ] [ LOG ] INIT File
[ 2018-06-02T22:00:29+08:00 ][ info ] [ ROUTE ] array (
)
[ 2018-06-02T22:00:29+08:00 ][ info ] [ HEADER ] array (
)
[ 2018-06-02T22:00:29+08:00 ][ info ] [ PARAM ] array (
)
[ 2018-06-02T22:00:29+08:00 ][ info ] [ ROUTE ] array (
)
[ 2018-06-02T22:00:29+08:00 ][ info ] [ HEADER ] array (
)
[ 2018-06-02T22:00:29+08:00 ][ info ] [ PARAM ] array (
)
[ 2018-06-02T22:00:29+08:00 ][ info ] [ ROUTE ] array (
)
[ 2018-06-02T22:00:29+08:00 ][ info ] [ HEADER ] array (
)
[ 2018-06-02T22:00:29+08:00 ][ info ] [ PARAM ] array (
)
[ 2018-06-02T22:00:29+08:00 ][ info ] [ LANG ] /var/www/swoole-live/thinkphp/lang/zh-cn.php
[ info ] [ LOG ] INIT File
[ 2018-06-02T22:00:29+08:00 ][ info ] [ ROUTE ] array (
)
[ 2018-06-02T22:00:29+08:00 ][ info ] [ HEADER ] array (
)
[ 2018-06-02T22:00:29+08:00 ][ info ] [ PARAM ] array (
)
[ 2018-06-02T22:00:29+08:00 ][ info ] [ ROUTE ] array (
)
[ 2018-06-02T22:00:29+08:00 ][ info ] [ HEADER ] array (
)
[ 2018-06-02T22:00:29+08:00 ][ info ] [ PARAM ] array (
)
[ 2018-06-02T22:00:31+08:00 ][ info ] [ LANG ] /var/www/swoole-live/thinkphp/lang/zh-cn.php
[ 2018-06-02T22:00:31+08:00 ][ info ] [ ROUTE ] array (
)
[ 2018-06-02T22:00:31+08:00 ][ info ] [ HEADER ] array (
)
[ 2018-06-02T22:00:31+08:00 ][ info ] [ PARAM ] array (
)
[ 2018-06-02T22:01:58+08:00 ][ info ] [ LANG ] /var/www/swoole-live/thinkphp/lang/zh-cn.php
[ info ] [ LOG ] INIT File
[ 2018-06-02T22:01:58+08:00 ][ info ] [ LANG ] /var/www/swoole-live/thinkphp/lang/zh-cn.php
[ info ] [ LOG ] INIT File
[ 2018-06-02T22:01:58+08:00 ][ info ] [ LANG ] /var/www/swoole-live/thinkphp/lang/zh-cn.php
[ info ] [ LOG ] INIT File
[ 2018-06-02T22:01:58+08:00 ][ info ] [ LANG ] /var/www/swoole-live/thinkphp/lang/zh-cn.php
[ info ] [ LOG ] INIT File
[ 2018-06-02T22:01:58+08:00 ][ info ] [ ROUTE ] array (
)
[ 2018-06-02T22:01:58+08:00 ][ info ] [ HEADER ] array (
)
[ 2018-06-02T22:01:58+08:00 ][ info ] [ PARAM ] array (
)
[ 2018-06-02T22:01:58+08:00 ][ info ] [ LANG ] /var/www/swoole-live/thinkphp/lang/zh-cn.php
[ info ] [ LOG ] INIT File
[ 2018-06-02T22:01:58+08:00 ][ info ] [ LANG ] /var/www/swoole-live/thinkphp/lang/zh-cn.php
[ info ] [ LOG ] INIT File
[ 2018-06-02T22:01:58+08:00 ][ info ] [ ROUTE ] array (
)
[ 2018-06-02T22:01:58+08:00 ][ info ] [ HEADER ] array (
)
[ 2018-06-02T22:01:58+08:00 ][ info ] [ PARAM ] array (
)
[ 2018-06-02T22:01:58+08:00 ][ info ] [ LANG ] /var/www/swoole-live/thinkphp/lang/zh-cn.php
[ info ] [ LOG ] INIT File
[ 2018-06-02T22:01:58+08:00 ][ info ] [ ROUTE ] array (
)
[ 2018-06-02T22:01:58+08:00 ][ info ] [ HEADER ] array (
)
[ 2018-06-02T22:01:58+08:00 ][ info ] [ PARAM ] array (
)
[ 2018-06-02T22:01:58+08:00 ][ info ] [ LANG ] /var/www/swoole-live/thinkphp/lang/zh-cn.php
[ info ] [ LOG ] INIT File
[ 2018-06-02T22:01:58+08:00 ][ info ] [ ROUTE ] array (
)
[ 2018-06-02T22:01:58+08:00 ][ info ] [ HEADER ] array (
)
[ 2018-06-02T22:01:58+08:00 ][ info ] [ PARAM ] array (
)
[ 2018-06-02T22:01:58+08:00 ][ info ] [ ROUTE ] array (
)
[ 2018-06-02T22:01:58+08:00 ][ info ] [ HEADER ] array (
)
[ 2018-06-02T22:01:58+08:00 ][ info ] [ PARAM ] array (
)
[ 2018-06-02T22:01:58+08:00 ][ info ] [ LANG ] /var/www/swoole-live/thinkphp/lang/zh-cn.php
[ info ] [ LOG ] INIT File
[ 2018-06-02T22:01:58+08:00 ][ info ] [ ROUTE ] array (
)
[ 2018-06-02T22:01:58+08:00 ][ info ] [ HEADER ] array (
)
[ 2018-06-02T22:01:58+08:00 ][ info ] [ PARAM ] array (
)
[ 2018-06-02T22:01:58+08:00 ][ info ] [ ROUTE ] array (
)
[ 2018-06-02T22:01:58+08:00 ][ info ] [ HEADER ] array (
)
[ 2018-06-02T22:01:58+08:00 ][ info ] [ PARAM ] array (
)
[ 2018-06-02T22:01:58+08:00 ][ info ] [ LANG ] /var/www/swoole-live/thinkphp/lang/zh-cn.php
[ info ] [ LOG ] INIT File
[ 2018-06-02T22:01:58+08:00 ][ info ] [ ROUTE ] array (
)
[ 2018-06-02T22:01:58+08:00 ][ info ] [ HEADER ] array (
)
[ 2018-06-02T22:01:58+08:00 ][ info ] [ PARAM ] array (
)
[ 2018-06-02T22:01:58+08:00 ][ info ] [ ROUTE ] array (
)
[ 2018-06-02T22:01:58+08:00 ][ info ] [ HEADER ] array (
)
[ 2018-06-02T22:01:58+08:00 ][ info ] [ PARAM ] array (
)
[ 2018-06-02T22:01:58+08:00 ][ info ] [ ROUTE ] array (
)
[ 2018-06-02T22:01:58+08:00 ][ info ] [ HEADER ] array (
)
[ 2018-06-02T22:01:58+08:00 ][ info ] [ PARAM ] array (
)
