[ 2018-06-03T00:07:17+08:00 ][ info ] [ LANG ] /var/www/swoole-live/thinkphp/lang/zh-cn.php
[ info ] [ LOG ] INIT File
[ 2018-06-03T00:07:17+08:00 ][ info ] [ ROUTE ] array (
)
[ 2018-06-03T00:07:17+08:00 ][ info ] [ HEADER ] array (
)
[ 2018-06-03T00:07:17+08:00 ][ info ] [ PARAM ] array (
)
[ 2018-06-03T00:07:27+08:00 ][ info ] [ LANG ] /var/www/swoole-live/thinkphp/lang/zh-cn.php
[ 2018-06-03T00:07:27+08:00 ][ info ] [ ROUTE ] array (
)
[ 2018-06-03T00:07:27+08:00 ][ info ] [ HEADER ] array (
)
[ 2018-06-03T00:07:27+08:00 ][ info ] [ PARAM ] array (
)
[ 2018-06-03T00:07:27+08:00 ][ info ] [ LANG ] /var/www/swoole-live/thinkphp/lang/zh-cn.php
[ info ] [ LOG ] INIT File
[ 2018-06-03T00:07:27+08:00 ][ info ] [ ROUTE ] array (
)
[ 2018-06-03T00:07:27+08:00 ][ info ] [ HEADER ] array (
)
[ 2018-06-03T00:07:27+08:00 ][ info ] [ PARAM ] array (
)
[ 2018-06-03T00:07:27+08:00 ][ info ] [ LANG ] /var/www/swoole-live/thinkphp/lang/zh-cn.php
[ info ] [ LOG ] INIT File
[ 2018-06-03T00:07:27+08:00 ][ info ] [ ROUTE ] array (
)
[ 2018-06-03T00:07:27+08:00 ][ info ] [ HEADER ] array (
)
[ 2018-06-03T00:07:27+08:00 ][ info ] [ PARAM ] array (
)
[ 2018-06-03T00:07:32+08:00 ][ info ] [ LANG ] /var/www/swoole-live/thinkphp/lang/zh-cn.php
[ info ] [ LOG ] INIT File
[ 2018-06-03T00:07:32+08:00 ][ info ] [ ROUTE ] array (
)
[ 2018-06-03T00:07:32+08:00 ][ info ] [ HEADER ] array (
)
[ 2018-06-03T00:07:32+08:00 ][ info ] [ PARAM ] array (
)
[ 2018-06-03T00:07:37+08:00 ][ info ] [ LANG ] /var/www/swoole-live/thinkphp/lang/zh-cn.php
[ 2018-06-03T00:07:37+08:00 ][ info ] [ ROUTE ] array (
)
[ 2018-06-03T00:07:37+08:00 ][ info ] [ HEADER ] array (
)
[ 2018-06-03T00:07:37+08:00 ][ info ] [ PARAM ] array (
)
[ 2018-06-03T00:07:37+08:00 ][ info ] [ LANG ] /var/www/swoole-live/thinkphp/lang/zh-cn.php
[ info ] [ LOG ] INIT File
[ 2018-06-03T00:07:37+08:00 ][ info ] [ ROUTE ] array (
)
[ 2018-06-03T00:07:37+08:00 ][ info ] [ HEADER ] array (
)
[ 2018-06-03T00:07:37+08:00 ][ info ] [ PARAM ] array (
)
[ 2018-06-03T00:07:37+08:00 ][ info ] [ LANG ] /var/www/swoole-live/thinkphp/lang/zh-cn.php
[ info ] [ LOG ] INIT File
[ 2018-06-03T00:07:37+08:00 ][ info ] [ ROUTE ] array (
)
[ 2018-06-03T00:07:37+08:00 ][ info ] [ HEADER ] array (
)
[ 2018-06-03T00:07:37+08:00 ][ info ] [ PARAM ] array (
)
