[ 2018-06-04T13:07:36+08:00 ][ info ] [ LANG ] /var/www/html/swoole-live/thinkphp/lang/zh-cn.php
[ info ] [ LOG ] INIT File
[ 2018-06-04T13:07:36+08:00 ][ info ] [ LANG ] /var/www/html/swoole-live/thinkphp/lang/zh-cn.php
[ info ] [ LOG ] INIT File
[ 2018-06-04T13:07:36+08:00 ][ info ] [ LANG ] /var/www/html/swoole-live/thinkphp/lang/zh-cn.php
[ info ] [ LOG ] INIT File
[ 2018-06-04T13:07:36+08:00 ][ info ] [ LANG ] /var/www/html/swoole-live/thinkphp/lang/zh-cn.php
[ info ] [ LOG ] INIT File
[ 2018-06-04T13:07:36+08:00 ][ info ] [ ROUTE ] array (
)
[ 2018-06-04T13:07:36+08:00 ][ info ] [ HEADER ] array (
)
[ 2018-06-04T13:07:36+08:00 ][ info ] [ PARAM ] array (
)
[ 2018-06-04T13:07:36+08:00 ][ info ] [ LANG ] /var/www/html/swoole-live/thinkphp/lang/zh-cn.php
[ info ] [ LOG ] INIT File
[ 2018-06-04T13:07:36+08:00 ][ info ] [ ROUTE ] array (
)
[ 2018-06-04T13:07:36+08:00 ][ info ] [ HEADER ] array (
)
[ 2018-06-04T13:07:36+08:00 ][ info ] [ PARAM ] array (
)
[ 2018-06-04T13:07:36+08:00 ][ info ] [ LANG ] /var/www/html/swoole-live/thinkphp/lang/zh-cn.php
[ info ] [ LOG ] INIT File
[ 2018-06-04T13:07:36+08:00 ][ info ] [ ROUTE ] array (
)
[ 2018-06-04T13:07:36+08:00 ][ info ] [ HEADER ] array (
)
[ 2018-06-04T13:07:36+08:00 ][ info ] [ PARAM ] array (
)
[ 2018-06-04T13:07:36+08:00 ][ info ] [ LANG ] /var/www/html/swoole-live/thinkphp/lang/zh-cn.php
[ info ] [ LOG ] INIT File
[ 2018-06-04T13:07:36+08:00 ][ info ] [ ROUTE ] array (
)
[ 2018-06-04T13:07:36+08:00 ][ info ] [ HEADER ] array (
)
[ 2018-06-04T13:07:36+08:00 ][ info ] [ PARAM ] array (
)
[ 2018-06-04T13:07:36+08:00 ][ info ] [ LANG ] /var/www/html/swoole-live/thinkphp/lang/zh-cn.php
[ info ] [ LOG ] INIT File
[ 2018-06-04T13:07:36+08:00 ][ info ] [ ROUTE ] array (
)
[ 2018-06-04T13:07:36+08:00 ][ info ] [ HEADER ] array (
)
[ 2018-06-04T13:07:36+08:00 ][ info ] [ PARAM ] array (
)
[ 2018-06-04T13:07:36+08:00 ][ info ] [ LANG ] /var/www/html/swoole-live/thinkphp/lang/zh-cn.php
[ info ] [ LOG ] INIT File
[ 2018-06-04T13:07:36+08:00 ][ info ] [ ROUTE ] array (
)
[ 2018-06-04T13:07:36+08:00 ][ info ] [ HEADER ] array (
)
[ 2018-06-04T13:07:36+08:00 ][ info ] [ PARAM ] array (
)
[ 2018-06-04T13:07:36+08:00 ][ info ] [ ROUTE ] array (
)
[ 2018-06-04T13:07:36+08:00 ][ info ] [ HEADER ] array (
)
[ 2018-06-04T13:07:36+08:00 ][ info ] [ PARAM ] array (
)
[ 2018-06-04T13:07:36+08:00 ][ info ] [ LANG ] /var/www/html/swoole-live/thinkphp/lang/zh-cn.php
[ info ] [ LOG ] INIT File
[ 2018-06-04T13:07:36+08:00 ][ info ] [ ROUTE ] array (
)
[ 2018-06-04T13:07:36+08:00 ][ info ] [ HEADER ] array (
)
[ 2018-06-04T13:07:36+08:00 ][ info ] [ PARAM ] array (
)
[ 2018-06-04T13:07:36+08:00 ][ info ] [ ROUTE ] array (
)
[ 2018-06-04T13:07:36+08:00 ][ info ] [ HEADER ] array (
)
[ 2018-06-04T13:07:36+08:00 ][ info ] [ PARAM ] array (
)
[ 2018-06-04T13:07:36+08:00 ][ info ] [ ROUTE ] array (
)
[ 2018-06-04T13:07:36+08:00 ][ info ] [ HEADER ] array (
)
[ 2018-06-04T13:07:36+08:00 ][ info ] [ PARAM ] array (
)
[ 2018-06-04T13:07:41+08:00 ][ info ] [ LANG ] /var/www/html/swoole-live/thinkphp/lang/zh-cn.php
[ 2018-06-04T13:07:41+08:00 ][ info ] [ ROUTE ] array (
)
[ 2018-06-04T13:07:41+08:00 ][ info ] [ HEADER ] array (
)
[ 2018-06-04T13:07:41+08:00 ][ info ] [ PARAM ] array (
)
[ 2018-06-04T13:07:41+08:00 ][ info ] [ LANG ] /var/www/html/swoole-live/thinkphp/lang/zh-cn.php
[ 2018-06-04T13:07:41+08:00 ][ info ] [ ROUTE ] array (
)
[ 2018-06-04T13:07:41+08:00 ][ info ] [ HEADER ] array (
)
[ 2018-06-04T13:07:41+08:00 ][ info ] [ PARAM ] array (
)
[ 2018-06-04T13:07:51+08:00 ][ info ] [ LANG ] /var/www/html/swoole-live/thinkphp/lang/zh-cn.php
[ 2018-06-04T13:07:51+08:00 ][ info ] [ ROUTE ] array (
)
[ 2018-06-04T13:07:51+08:00 ][ info ] [ HEADER ] array (
)
[ 2018-06-04T13:07:51+08:00 ][ info ] [ PARAM ] array (
)
[ 2018-06-04T13:32:49+08:00 ][ info ] [ LANG ] /var/www/html/swoole-live/thinkphp/lang/zh-cn.php
[ info ] [ LOG ] INIT File
[ 2018-06-04T13:32:49+08:00 ][ info ] [ LANG ] /var/www/html/swoole-live/thinkphp/lang/zh-cn.php
[ info ] [ LOG ] INIT File
[ 2018-06-04T13:32:49+08:00 ][ info ] [ LANG ] /var/www/html/swoole-live/thinkphp/lang/zh-cn.php
[ info ] [ LOG ] INIT File
[ 2018-06-04T13:32:49+08:00 ][ info ] [ ROUTE ] array (
)
[ 2018-06-04T13:32:49+08:00 ][ info ] [ HEADER ] array (
)
[ 2018-06-04T13:32:49+08:00 ][ info ] [ PARAM ] array (
)
[ 2018-06-04T13:32:49+08:00 ][ info ] [ LANG ] /var/www/html/swoole-live/thinkphp/lang/zh-cn.php
[ info ] [ LOG ] INIT File
[ 2018-06-04T13:32:49+08:00 ][ info ] [ ROUTE ] array (
)
[ 2018-06-04T13:32:49+08:00 ][ info ] [ HEADER ] array (
)
[ 2018-06-04T13:32:49+08:00 ][ info ] [ PARAM ] array (
)
[ 2018-06-04T13:32:49+08:00 ][ info ] [ LANG ] /var/www/html/swoole-live/thinkphp/lang/zh-cn.php
[ info ] [ LOG ] INIT File
[ 2018-06-04T13:32:49+08:00 ][ info ] [ ROUTE ] array (
)
[ 2018-06-04T13:32:49+08:00 ][ info ] [ HEADER ] array (
)
[ 2018-06-04T13:32:49+08:00 ][ info ] [ PARAM ] array (
)
[ 2018-06-04T13:32:49+08:00 ][ info ] [ LANG ] /var/www/html/swoole-live/thinkphp/lang/zh-cn.php
[ info ] [ LOG ] INIT File
[ 2018-06-04T13:32:49+08:00 ][ info ] [ ROUTE ] array (
)
[ 2018-06-04T13:32:49+08:00 ][ info ] [ HEADER ] array (
)
[ 2018-06-04T13:32:49+08:00 ][ info ] [ LANG ] /var/www/html/swoole-live/thinkphp/lang/zh-cn.php
[ info ] [ LOG ] INIT File
[ 2018-06-04T13:32:49+08:00 ][ info ] [ ROUTE ] array (
)
[ 2018-06-04T13:32:49+08:00 ][ info ] [ HEADER ] array (
)
[ 2018-06-04T13:32:49+08:00 ][ info ] [ PARAM ] array (
)
[ 2018-06-04T13:32:49+08:00 ][ info ] [ PARAM ] array (
)
[ 2018-06-04T13:32:49+08:00 ][ info ] [ LANG ] /var/www/html/swoole-live/thinkphp/lang/zh-cn.php
[ info ] [ LOG ] INIT File
[ 2018-06-04T13:32:49+08:00 ][ info ] [ ROUTE ] array (
)
[ 2018-06-04T13:32:49+08:00 ][ info ] [ HEADER ] array (
)
[ 2018-06-04T13:32:49+08:00 ][ info ] [ PARAM ] array (
)
[ 2018-06-04T13:32:49+08:00 ][ info ] [ LANG ] /var/www/html/swoole-live/thinkphp/lang/zh-cn.php
[ info ] [ LOG ] INIT File
[ 2018-06-04T13:32:49+08:00 ][ info ] [ ROUTE ] array (
)
[ 2018-06-04T13:32:49+08:00 ][ info ] [ HEADER ] array (
)
[ 2018-06-04T13:32:49+08:00 ][ info ] [ PARAM ] array (
)
[ 2018-06-04T13:32:49+08:00 ][ info ] [ LANG ] /var/www/html/swoole-live/thinkphp/lang/zh-cn.php
[ info ] [ LOG ] INIT File
[ 2018-06-04T13:32:49+08:00 ][ info ] [ ROUTE ] array (
)
[ 2018-06-04T13:32:49+08:00 ][ info ] [ HEADER ] array (
)
[ 2018-06-04T13:32:49+08:00 ][ info ] [ PARAM ] array (
)
[ 2018-06-04T13:32:49+08:00 ][ info ] [ ROUTE ] array (
)
[ 2018-06-04T13:32:49+08:00 ][ info ] [ HEADER ] array (
)
[ 2018-06-04T13:32:49+08:00 ][ info ] [ PARAM ] array (
)
[ 2018-06-04T13:32:49+08:00 ][ info ] [ ROUTE ] array (
)
[ 2018-06-04T13:32:49+08:00 ][ info ] [ HEADER ] array (
)
[ 2018-06-04T13:32:49+08:00 ][ info ] [ PARAM ] array (
)
[ 2018-06-04T13:33:45+08:00 ][ info ] [ LANG ] /var/www/html/swoole-live/thinkphp/lang/zh-cn.php
[ 2018-06-04T13:33:45+08:00 ][ info ] [ ROUTE ] array (
)
[ 2018-06-04T13:33:45+08:00 ][ info ] [ HEADER ] array (
)
[ 2018-06-04T13:33:45+08:00 ][ info ] [ PARAM ] array (
)
[ 2018-06-04T13:33:55+08:00 ][ info ] [ LANG ] /var/www/html/swoole-live/thinkphp/lang/zh-cn.php
[ 2018-06-04T13:33:55+08:00 ][ info ] [ ROUTE ] array (
)
[ 2018-06-04T13:33:55+08:00 ][ info ] [ HEADER ] array (
)
[ 2018-06-04T13:33:55+08:00 ][ info ] [ PARAM ] array (
  'type' => '1',
  'team_id' => '1',
  'content' => '34',
)
[ 2018-06-04T13:33:55+08:00 ][ error ] [1]Uncaught think\exception\ErrorException: Undefined index: http_server in /var/www/html/swoole-live/application/admin/controller/Live.php:13
Stack trace:
#0 /var/www/html/swoole-live/application/admin/controller/Live.php(13): think\Error::appError(8, 'Undefined index...', '/var/www/swoole...', 13, Array)
#1 [internal function]: app\admin\controller\Live->push()
#2 /var/www/html/swoole-live/thinkphp/library/think/Container.php(186): ReflectionMethod->invokeArgs(Object(app\admin\controller\Live), Array)
#3 /var/www/html/swoole-live/thinkphp/library/think/route/dispatch/Module.php(126): think\Container->invokeMethod(Array, Array)
#4 /var/www/html/swoole-live/thinkphp/library/think/route/dispatch/Url.php(26): think\route\dispatch\Module->run()
#5 /var/www/html/swoole-live/thinkphp/library/think/App.php(309): think\route\dispatch\Url->run()
#6 /var/www/html/swoole-live/server/ws.php(75): think\App->run()
#7 {main}
  thrown[/var/www/html/swoole-live/application/admin/controller/Live.php:13]
[ 2018-06-04T13:33:55+08:00 ][ info ] [ LANG ] /var/www/html/swoole-live/thinkphp/lang/zh-cn.php
[ info ] [ LOG ] INIT File
[ 2018-06-04T13:33:55+08:00 ][ info ] [ ROUTE ] array (
)
[ 2018-06-04T13:33:55+08:00 ][ info ] [ HEADER ] array (
)
[ 2018-06-04T13:33:55+08:00 ][ info ] [ PARAM ] array (
)
[ 2018-06-04T13:34:11+08:00 ][ info ] [ LANG ] /var/www/html/swoole-live/thinkphp/lang/zh-cn.php
[ 2018-06-04T13:34:11+08:00 ][ info ] [ ROUTE ] array (
)
[ 2018-06-04T13:34:11+08:00 ][ info ] [ HEADER ] array (
)
[ 2018-06-04T13:34:11+08:00 ][ info ] [ PARAM ] array (
  'type' => '1',
  'team_id' => '1',
  'content' => '34',
)
[ 2018-06-04T13:34:11+08:00 ][ error ] [1]Uncaught think\exception\ErrorException: Undefined index: http_server in /var/www/html/swoole-live/application/admin/controller/Live.php:13
Stack trace:
#0 /var/www/html/swoole-live/application/admin/controller/Live.php(13): think\Error::appError(8, 'Undefined index...', '/var/www/swoole...', 13, Array)
#1 [internal function]: app\admin\controller\Live->push()
#2 /var/www/html/swoole-live/thinkphp/library/think/Container.php(186): ReflectionMethod->invokeArgs(Object(app\admin\controller\Live), Array)
#3 /var/www/html/swoole-live/thinkphp/library/think/route/dispatch/Module.php(126): think\Container->invokeMethod(Array, Array)
#4 /var/www/html/swoole-live/thinkphp/library/think/route/dispatch/Url.php(26): think\route\dispatch\Module->run()
#5 /var/www/html/swoole-live/thinkphp/library/think/App.php(309): think\route\dispatch\Url->run()
#6 /var/www/html/swoole-live/server/ws.php(75): think\App->run()
#7 {main}
  thrown[/var/www/html/swoole-live/application/admin/controller/Live.php:13]
[ 2018-06-04T13:34:11+08:00 ][ info ] [ LANG ] /var/www/html/swoole-live/thinkphp/lang/zh-cn.php
[ info ] [ LOG ] INIT File
[ 2018-06-04T13:34:11+08:00 ][ info ] [ ROUTE ] array (
)
[ 2018-06-04T13:34:11+08:00 ][ info ] [ HEADER ] array (
)
[ 2018-06-04T13:34:11+08:00 ][ info ] [ PARAM ] array (
)
[ 2018-06-04T13:34:12+08:00 ][ info ] [ LANG ] /var/www/html/swoole-live/thinkphp/lang/zh-cn.php
[ 2018-06-04T13:34:12+08:00 ][ info ] [ ROUTE ] array (
)
[ 2018-06-04T13:34:12+08:00 ][ info ] [ HEADER ] array (
)
[ 2018-06-04T13:34:12+08:00 ][ info ] [ PARAM ] array (
)
[ 2018-06-04T13:34:28+08:00 ][ info ] [ LANG ] /var/www/html/swoole-live/thinkphp/lang/zh-cn.php
[ 2018-06-04T13:34:28+08:00 ][ info ] [ ROUTE ] array (
)
[ 2018-06-04T13:34:28+08:00 ][ info ] [ HEADER ] array (
)
[ 2018-06-04T13:34:28+08:00 ][ info ] [ PARAM ] array (
  'type' => '1',
  'team_id' => '1',
  'content' => '234',
)
[ 2018-06-04T13:34:28+08:00 ][ error ] [1]Uncaught think\exception\ErrorException: Undefined index: http_server in /var/www/html/swoole-live/application/admin/controller/Live.php:13
Stack trace:
#0 /var/www/html/swoole-live/application/admin/controller/Live.php(13): think\Error::appError(8, 'Undefined index...', '/var/www/swoole...', 13, Array)
#1 [internal function]: app\admin\controller\Live->push()
#2 /var/www/html/swoole-live/thinkphp/library/think/Container.php(186): ReflectionMethod->invokeArgs(Object(app\admin\controller\Live), Array)
#3 /var/www/html/swoole-live/thinkphp/library/think/route/dispatch/Module.php(126): think\Container->invokeMethod(Array, Array)
#4 /var/www/html/swoole-live/thinkphp/library/think/route/dispatch/Url.php(26): think\route\dispatch\Module->run()
#5 /var/www/html/swoole-live/thinkphp/library/think/App.php(309): think\route\dispatch\Url->run()
#6 /var/www/html/swoole-live/server/ws.php(75): think\App->run()
#7 {main}
  thrown[/var/www/html/swoole-live/application/admin/controller/Live.php:13]
[ 2018-06-04T13:34:28+08:00 ][ info ] [ LANG ] /var/www/html/swoole-live/thinkphp/lang/zh-cn.php
[ info ] [ LOG ] INIT File
[ 2018-06-04T13:34:28+08:00 ][ info ] [ ROUTE ] array (
)
[ 2018-06-04T13:34:28+08:00 ][ info ] [ HEADER ] array (
)
[ 2018-06-04T13:34:28+08:00 ][ info ] [ PARAM ] array (
)
[ 2018-06-04T13:34:51+08:00 ][ info ] [ LANG ] /var/www/html/swoole-live/thinkphp/lang/zh-cn.php
[ 2018-06-04T13:34:51+08:00 ][ info ] [ ROUTE ] array (
)
[ 2018-06-04T13:34:51+08:00 ][ info ] [ HEADER ] array (
)
[ 2018-06-04T13:34:51+08:00 ][ info ] [ PARAM ] array (
  'type' => '1',
  'team_id' => '1',
  'content' => '234',
)
[ 2018-06-04T13:34:51+08:00 ][ error ] [1]Uncaught think\exception\ErrorException: Undefined index: http_server in /var/www/html/swoole-live/application/admin/controller/Live.php:13
Stack trace:
#0 /var/www/html/swoole-live/application/admin/controller/Live.php(13): think\Error::appError(8, 'Undefined index...', '/var/www/swoole...', 13, Array)
#1 [internal function]: app\admin\controller\Live->push()
#2 /var/www/html/swoole-live/thinkphp/library/think/Container.php(186): ReflectionMethod->invokeArgs(Object(app\admin\controller\Live), Array)
#3 /var/www/html/swoole-live/thinkphp/library/think/route/dispatch/Module.php(126): think\Container->invokeMethod(Array, Array)
#4 /var/www/html/swoole-live/thinkphp/library/think/route/dispatch/Url.php(26): think\route\dispatch\Module->run()
#5 /var/www/html/swoole-live/thinkphp/library/think/App.php(309): think\route\dispatch\Url->run()
#6 /var/www/html/swoole-live/server/ws.php(75): think\App->run()
#7 {main}
  thrown[/var/www/html/swoole-live/application/admin/controller/Live.php:13]
[ 2018-06-04T13:34:51+08:00 ][ info ] [ LANG ] /var/www/html/swoole-live/thinkphp/lang/zh-cn.php
[ info ] [ LOG ] INIT File
[ 2018-06-04T13:34:51+08:00 ][ info ] [ ROUTE ] array (
)
[ 2018-06-04T13:34:51+08:00 ][ info ] [ HEADER ] array (
)
[ 2018-06-04T13:34:51+08:00 ][ info ] [ PARAM ] array (
)
[ 2018-06-04T13:34:53+08:00 ][ info ] [ LANG ] /var/www/html/swoole-live/thinkphp/lang/zh-cn.php
[ 2018-06-04T13:34:53+08:00 ][ info ] [ ROUTE ] array (
)
[ 2018-06-04T13:34:53+08:00 ][ info ] [ HEADER ] array (
)
[ 2018-06-04T13:34:53+08:00 ][ info ] [ PARAM ] array (
  'type' => '1',
  'team_id' => '1',
  'content' => '234',
)
[ 2018-06-04T13:34:53+08:00 ][ error ] [1]Uncaught think\exception\ErrorException: Undefined index: http_server in /var/www/html/swoole-live/application/admin/controller/Live.php:13
Stack trace:
#0 /var/www/html/swoole-live/application/admin/controller/Live.php(13): think\Error::appError(8, 'Undefined index...', '/var/www/swoole...', 13, Array)
#1 [internal function]: app\admin\controller\Live->push()
#2 /var/www/html/swoole-live/thinkphp/library/think/Container.php(186): ReflectionMethod->invokeArgs(Object(app\admin\controller\Live), Array)
#3 /var/www/html/swoole-live/thinkphp/library/think/route/dispatch/Module.php(126): think\Container->invokeMethod(Array, Array)
#4 /var/www/html/swoole-live/thinkphp/library/think/route/dispatch/Url.php(26): think\route\dispatch\Module->run()
#5 /var/www/html/swoole-live/thinkphp/library/think/App.php(309): think\route\dispatch\Url->run()
#6 /var/www/html/swoole-live/server/ws.php(75): think\App->run()
#7 {main}
  thrown[/var/www/html/swoole-live/application/admin/controller/Live.php:13]
[ 2018-06-04T13:34:53+08:00 ][ info ] [ LANG ] /var/www/html/swoole-live/thinkphp/lang/zh-cn.php
[ info ] [ LOG ] INIT File
[ 2018-06-04T13:34:53+08:00 ][ info ] [ ROUTE ] array (
)
[ 2018-06-04T13:34:53+08:00 ][ info ] [ HEADER ] array (
)
[ 2018-06-04T13:34:53+08:00 ][ info ] [ PARAM ] array (
)
[ 2018-06-04T13:37:57+08:00 ][ info ] [ LANG ] /var/www/html/swoole-live/thinkphp/lang/zh-cn.php
[ info ] [ LOG ] INIT File
[ 2018-06-04T13:37:57+08:00 ][ info ] [ LANG ] /var/www/html/swoole-live/thinkphp/lang/zh-cn.php
[ info ] [ LOG ] INIT File
[ 2018-06-04T13:37:57+08:00 ][ info ] [ ROUTE ] array (
)
[ 2018-06-04T13:37:57+08:00 ][ info ] [ HEADER ] array (
)
[ 2018-06-04T13:37:57+08:00 ][ info ] [ PARAM ] array (
)
[ 2018-06-04T13:37:57+08:00 ][ info ] [ LANG ] /var/www/html/swoole-live/thinkphp/lang/zh-cn.php
[ info ] [ LOG ] INIT File
[ 2018-06-04T13:37:57+08:00 ][ info ] [ ROUTE ] array (
)
[ 2018-06-04T13:37:57+08:00 ][ info ] [ HEADER ] array (
)
[ 2018-06-04T13:37:57+08:00 ][ info ] [ PARAM ] array (
)
[ 2018-06-04T13:37:57+08:00 ][ info ] [ LANG ] /var/www/html/swoole-live/thinkphp/lang/zh-cn.php
[ info ] [ LOG ] INIT File
[ 2018-06-04T13:37:57+08:00 ][ info ] [ ROUTE ] array (
)
[ 2018-06-04T13:37:57+08:00 ][ info ] [ HEADER ] array (
)
[ 2018-06-04T13:37:57+08:00 ][ info ] [ PARAM ] array (
)
[ 2018-06-04T13:37:57+08:00 ][ info ] [ LANG ] /var/www/html/swoole-live/thinkphp/lang/zh-cn.php
[ info ] [ LOG ] INIT File
[ 2018-06-04T13:37:57+08:00 ][ info ] [ ROUTE ] array (
)
[ 2018-06-04T13:37:57+08:00 ][ info ] [ HEADER ] array (
)
[ 2018-06-04T13:37:57+08:00 ][ info ] [ PARAM ] array (
)
[ 2018-06-04T13:37:57+08:00 ][ info ] [ LANG ] /var/www/html/swoole-live/thinkphp/lang/zh-cn.php
[ info ] [ LOG ] INIT File
[ 2018-06-04T13:37:57+08:00 ][ info ] [ ROUTE ] array (
)
[ 2018-06-04T13:37:57+08:00 ][ info ] [ HEADER ] array (
)
[ 2018-06-04T13:37:57+08:00 ][ info ] [ PARAM ] array (
)
[ 2018-06-04T13:37:57+08:00 ][ info ] [ LANG ] /var/www/html/swoole-live/thinkphp/lang/zh-cn.php
[ info ] [ LOG ] INIT File
[ 2018-06-04T13:37:57+08:00 ][ info ] [ ROUTE ] array (
)
[ 2018-06-04T13:37:57+08:00 ][ info ] [ HEADER ] array (
)
[ 2018-06-04T13:37:57+08:00 ][ info ] [ PARAM ] array (
)
[ 2018-06-04T13:37:57+08:00 ][ info ] [ LANG ] /var/www/html/swoole-live/thinkphp/lang/zh-cn.php
[ info ] [ LOG ] INIT File
[ 2018-06-04T13:37:57+08:00 ][ info ] [ ROUTE ] array (
)
[ 2018-06-04T13:37:57+08:00 ][ info ] [ HEADER ] array (
)
[ 2018-06-04T13:37:57+08:00 ][ info ] [ PARAM ] array (
)
[ 2018-06-04T13:37:57+08:00 ][ info ] [ LANG ] /var/www/html/swoole-live/thinkphp/lang/zh-cn.php
[ info ] [ LOG ] INIT File
[ 2018-06-04T13:37:57+08:00 ][ info ] [ ROUTE ] array (
)
[ 2018-06-04T13:37:57+08:00 ][ info ] [ HEADER ] array (
)
[ 2018-06-04T13:37:57+08:00 ][ info ] [ PARAM ] array (
)
[ 2018-06-04T13:37:57+08:00 ][ info ] [ LANG ] /var/www/html/swoole-live/thinkphp/lang/zh-cn.php
[ info ] [ LOG ] INIT File
[ 2018-06-04T13:37:57+08:00 ][ info ] [ ROUTE ] array (
)
[ 2018-06-04T13:37:57+08:00 ][ info ] [ HEADER ] array (
)
[ 2018-06-04T13:37:57+08:00 ][ info ] [ PARAM ] array (
)
[ 2018-06-04T13:37:57+08:00 ][ info ] [ ROUTE ] array (
)
[ 2018-06-04T13:37:57+08:00 ][ info ] [ HEADER ] array (
)
[ 2018-06-04T13:37:57+08:00 ][ info ] [ PARAM ] array (
)
[ 2018-06-04T13:37:59+08:00 ][ info ] [ LANG ] /var/www/html/swoole-live/thinkphp/lang/zh-cn.php
[ 2018-06-04T13:37:59+08:00 ][ info ] [ ROUTE ] array (
)
[ 2018-06-04T13:37:59+08:00 ][ info ] [ HEADER ] array (
)
[ 2018-06-04T13:37:59+08:00 ][ info ] [ PARAM ] array (
)
[ 2018-06-04T13:38:13+08:00 ][ info ] [ LANG ] /var/www/html/swoole-live/thinkphp/lang/zh-cn.php
[ 2018-06-04T13:38:13+08:00 ][ info ] [ ROUTE ] array (
)
[ 2018-06-04T13:38:13+08:00 ][ info ] [ HEADER ] array (
)
[ 2018-06-04T13:38:13+08:00 ][ info ] [ PARAM ] array (
)
[ 2018-06-04T13:38:21+08:00 ][ info ] [ LANG ] /var/www/html/swoole-live/thinkphp/lang/zh-cn.php
[ 2018-06-04T13:38:21+08:00 ][ info ] [ ROUTE ] array (
)
[ 2018-06-04T13:38:21+08:00 ][ info ] [ HEADER ] array (
)
[ 2018-06-04T13:38:21+08:00 ][ info ] [ PARAM ] array (
  'type' => '1',
  'team_id' => '1',
  'content' => '345',
)
[ 2018-06-04T13:38:21+08:00 ][ error ] [1]Uncaught think\exception\ErrorException: Swoole\WebSocket\Server::push(): the connected client of connection[2] is not a websocket client. in /var/www/html/swoole-live/application/admin/controller/Live.php:13
Stack trace:
#0 [internal function]: think\Error::appError(2, 'Swoole\\WebSocke...', '/var/www/swoole...', 13, Array)
#1 /var/www/html/swoole-live/application/admin/controller/Live.php(13): Swoole\WebSocket\Server->push(2, 'hello, push dat...')
#2 [internal function]: app\admin\controller\Live->push()
#3 /var/www/html/swoole-live/thinkphp/library/think/Container.php(186): ReflectionMethod->invokeArgs(Object(app\admin\controller\Live), Array)
#4 /var/www/html/swoole-live/thinkphp/library/think/route/dispatch/Module.php(126): think\Container->invokeMethod(Array, Array)
#5 /var/www/html/swoole-live/thinkphp/library/think/route/dispatch/Url.php(26): think\route\dispatch\Module->run()
#6 /var/www/html/swoole-live/thinkphp/library/think/App.php(309): think\route\dispatch\Url->run()
#7 /var/www/html/swoole-live/server/ws.php(75): think\App->run([/var/www/html/swoole-live/application/admin/controller/Live.php:13]
[ 2018-06-04T13:38:21+08:00 ][ info ] [ LANG ] /var/www/html/swoole-live/thinkphp/lang/zh-cn.php
[ info ] [ LOG ] INIT File
[ 2018-06-04T13:38:21+08:00 ][ info ] [ ROUTE ] array (
)
[ 2018-06-04T13:38:21+08:00 ][ info ] [ HEADER ] array (
)
[ 2018-06-04T13:38:21+08:00 ][ info ] [ PARAM ] array (
)
[ 2018-06-04T13:38:42+08:00 ][ info ] [ LANG ] /var/www/html/swoole-live/thinkphp/lang/zh-cn.php
[ 2018-06-04T13:38:42+08:00 ][ info ] [ ROUTE ] array (
)
[ 2018-06-04T13:38:42+08:00 ][ info ] [ HEADER ] array (
)
[ 2018-06-04T13:38:42+08:00 ][ info ] [ PARAM ] array (
)
[ 2018-06-04T13:38:45+08:00 ][ info ] [ LANG ] /var/www/html/swoole-live/thinkphp/lang/zh-cn.php
[ 2018-06-04T13:38:45+08:00 ][ info ] [ ROUTE ] array (
)
[ 2018-06-04T13:38:45+08:00 ][ info ] [ HEADER ] array (
)
[ 2018-06-04T13:38:45+08:00 ][ info ] [ PARAM ] array (
  'type' => '1',
  'team_id' => '0',
  'content' => '',
)
[ 2018-06-04T13:38:45+08:00 ][ error ] [1]Uncaught think\exception\ErrorException: Swoole\WebSocket\Server::push(): the connected client of connection[2] is not a websocket client. in /var/www/html/swoole-live/application/admin/controller/Live.php:13
Stack trace:
#0 [internal function]: think\Error::appError(2, 'Swoole\\WebSocke...', '/var/www/swoole...', 13, Array)
#1 /var/www/html/swoole-live/application/admin/controller/Live.php(13): Swoole\WebSocket\Server->push(2, 'hello, push dat...')
#2 [internal function]: app\admin\controller\Live->push()
#3 /var/www/html/swoole-live/thinkphp/library/think/Container.php(186): ReflectionMethod->invokeArgs(Object(app\admin\controller\Live), Array)
#4 /var/www/html/swoole-live/thinkphp/library/think/route/dispatch/Module.php(126): think\Container->invokeMethod(Array, Array)
#5 /var/www/html/swoole-live/thinkphp/library/think/route/dispatch/Url.php(26): think\route\dispatch\Module->run()
#6 /var/www/html/swoole-live/thinkphp/library/think/App.php(309): think\route\dispatch\Url->run()
#7 /var/www/html/swoole-live/server/ws.php(75): think\App->run([/var/www/html/swoole-live/application/admin/controller/Live.php:13]
[ 2018-06-04T13:38:45+08:00 ][ info ] [ LANG ] /var/www/html/swoole-live/thinkphp/lang/zh-cn.php
[ info ] [ LOG ] INIT File
[ 2018-06-04T13:38:45+08:00 ][ info ] [ ROUTE ] array (
)
[ 2018-06-04T13:38:45+08:00 ][ info ] [ HEADER ] array (
)
[ 2018-06-04T13:38:45+08:00 ][ info ] [ PARAM ] array (
)
[ 2018-06-04T13:40:47+08:00 ][ info ] [ LANG ] /var/www/html/swoole-live/thinkphp/lang/zh-cn.php
[ 2018-06-04T13:40:47+08:00 ][ info ] [ ROUTE ] array (
)
[ 2018-06-04T13:40:47+08:00 ][ info ] [ HEADER ] array (
)
[ 2018-06-04T13:40:47+08:00 ][ info ] [ PARAM ] array (
)
[ 2018-06-04T13:40:48+08:00 ][ info ] [ LANG ] /var/www/html/swoole-live/thinkphp/lang/zh-cn.php
[ 2018-06-04T13:40:48+08:00 ][ info ] [ ROUTE ] array (
)
[ 2018-06-04T13:40:48+08:00 ][ info ] [ HEADER ] array (
)
[ 2018-06-04T13:40:48+08:00 ][ info ] [ PARAM ] array (
)
[ 2018-06-04T13:40:49+08:00 ][ info ] [ LANG ] /var/www/html/swoole-live/thinkphp/lang/zh-cn.php
[ 2018-06-04T13:40:49+08:00 ][ info ] [ ROUTE ] array (
)
[ 2018-06-04T13:40:49+08:00 ][ info ] [ HEADER ] array (
)
[ 2018-06-04T13:40:49+08:00 ][ info ] [ PARAM ] array (
)
[ 2018-06-04T13:40:52+08:00 ][ info ] [ LANG ] /var/www/html/swoole-live/thinkphp/lang/zh-cn.php
[ 2018-06-04T13:40:52+08:00 ][ info ] [ ROUTE ] array (
)
[ 2018-06-04T13:40:52+08:00 ][ info ] [ HEADER ] array (
)
[ 2018-06-04T13:40:52+08:00 ][ info ] [ PARAM ] array (
  'type' => '1',
  'team_id' => '0',
  'content' => '345',
)
[ 2018-06-04T13:40:52+08:00 ][ error ] [1]Uncaught think\exception\ErrorException: Swoole\WebSocket\Server::push(): the connected client of connection[2] is not a websocket client. in /var/www/html/swoole-live/application/admin/controller/Live.php:13
Stack trace:
#0 [internal function]: think\Error::appError(2, 'Swoole\\WebSocke...', '/var/www/swoole...', 13, Array)
#1 /var/www/html/swoole-live/application/admin/controller/Live.php(13): Swoole\WebSocket\Server->push(2, 'hello, push dat...')
#2 [internal function]: app\admin\controller\Live->push()
#3 /var/www/html/swoole-live/thinkphp/library/think/Container.php(186): ReflectionMethod->invokeArgs(Object(app\admin\controller\Live), Array)
#4 /var/www/html/swoole-live/thinkphp/library/think/route/dispatch/Module.php(126): think\Container->invokeMethod(Array, Array)
#5 /var/www/html/swoole-live/thinkphp/library/think/route/dispatch/Url.php(26): think\route\dispatch\Module->run()
#6 /var/www/html/swoole-live/thinkphp/library/think/App.php(309): think\route\dispatch\Url->run()
#7 /var/www/html/swoole-live/server/ws.php(75): think\App->run([/var/www/html/swoole-live/application/admin/controller/Live.php:13]
[ 2018-06-04T13:40:52+08:00 ][ info ] [ LANG ] /var/www/html/swoole-live/thinkphp/lang/zh-cn.php
[ info ] [ LOG ] INIT File
[ 2018-06-04T13:40:52+08:00 ][ info ] [ ROUTE ] array (
)
[ 2018-06-04T13:40:52+08:00 ][ info ] [ HEADER ] array (
)
[ 2018-06-04T13:40:52+08:00 ][ info ] [ PARAM ] array (
)
[ 2018-06-04T13:41:13+08:00 ][ info ] [ LANG ] /var/www/html/swoole-live/thinkphp/lang/zh-cn.php
[ 2018-06-04T13:41:13+08:00 ][ info ] [ ROUTE ] array (
)
[ 2018-06-04T13:41:13+08:00 ][ info ] [ HEADER ] array (
)
[ 2018-06-04T13:41:13+08:00 ][ info ] [ PARAM ] array (
  'type' => '1',
  'team_id' => '0',
  'content' => '345',
)
[ 2018-06-04T13:41:13+08:00 ][ error ] [1]Uncaught think\exception\ErrorException: Swoole\WebSocket\Server::push(): the connected client of connection[2] is not a websocket client. in /var/www/html/swoole-live/application/admin/controller/Live.php:13
Stack trace:
#0 [internal function]: think\Error::appError(2, 'Swoole\\WebSocke...', '/var/www/swoole...', 13, Array)
#1 /var/www/html/swoole-live/application/admin/controller/Live.php(13): Swoole\WebSocket\Server->push(2, 'hello, push dat...')
#2 [internal function]: app\admin\controller\Live->push()
#3 /var/www/html/swoole-live/thinkphp/library/think/Container.php(186): ReflectionMethod->invokeArgs(Object(app\admin\controller\Live), Array)
#4 /var/www/html/swoole-live/thinkphp/library/think/route/dispatch/Module.php(126): think\Container->invokeMethod(Array, Array)
#5 /var/www/html/swoole-live/thinkphp/library/think/route/dispatch/Url.php(26): think\route\dispatch\Module->run()
#6 /var/www/html/swoole-live/thinkphp/library/think/App.php(309): think\route\dispatch\Url->run()
#7 /var/www/html/swoole-live/server/ws.php(75): think\App->run([/var/www/html/swoole-live/application/admin/controller/Live.php:13]
[ 2018-06-04T13:41:13+08:00 ][ info ] [ LANG ] /var/www/html/swoole-live/thinkphp/lang/zh-cn.php
[ info ] [ LOG ] INIT File
[ 2018-06-04T13:41:13+08:00 ][ info ] [ ROUTE ] array (
)
[ 2018-06-04T13:41:13+08:00 ][ info ] [ HEADER ] array (
)
[ 2018-06-04T13:41:13+08:00 ][ info ] [ PARAM ] array (
)
[ 2018-06-04T13:41:15+08:00 ][ info ] [ LANG ] /var/www/html/swoole-live/thinkphp/lang/zh-cn.php
[ info ] [ LOG ] INIT File
[ 2018-06-04T13:41:15+08:00 ][ info ] [ LANG ] /var/www/html/swoole-live/thinkphp/lang/zh-cn.php
[ info ] [ LOG ] INIT File
[ 2018-06-04T13:41:15+08:00 ][ info ] [ LANG ] /var/www/html/swoole-live/thinkphp/lang/zh-cn.php
[ info ] [ LOG ] INIT File
[ 2018-06-04T13:41:15+08:00 ][ info ] [ LANG ] /var/www/html/swoole-live/thinkphp/lang/zh-cn.php
[ info ] [ LOG ] INIT File
[ 2018-06-04T13:41:15+08:00 ][ info ] [ LANG ] /var/www/html/swoole-live/thinkphp/lang/zh-cn.php
[ info ] [ LOG ] INIT File
[ 2018-06-04T13:41:15+08:00 ][ info ] [ LANG ] /var/www/html/swoole-live/thinkphp/lang/zh-cn.php
[ info ] [ LOG ] INIT File
[ 2018-06-04T13:41:15+08:00 ][ info ] [ ROUTE ] array (
)
[ 2018-06-04T13:41:15+08:00 ][ info ] [ HEADER ] array (
)
[ 2018-06-04T13:41:15+08:00 ][ info ] [ PARAM ] array (
)
[ 2018-06-04T13:41:15+08:00 ][ info ] [ LANG ] /var/www/html/swoole-live/thinkphp/lang/zh-cn.php
[ info ] [ LOG ] INIT File
[ 2018-06-04T13:41:15+08:00 ][ info ] [ ROUTE ] array (
)
[ 2018-06-04T13:41:15+08:00 ][ info ] [ HEADER ] array (
)
[ 2018-06-04T13:41:15+08:00 ][ info ] [ PARAM ] array (
)
[ 2018-06-04T13:41:15+08:00 ][ info ] [ LANG ] /var/www/html/swoole-live/thinkphp/lang/zh-cn.php
[ info ] [ LOG ] INIT File
[ 2018-06-04T13:41:15+08:00 ][ info ] [ ROUTE ] array (
)
[ 2018-06-04T13:41:15+08:00 ][ info ] [ HEADER ] array (
)
[ 2018-06-04T13:41:15+08:00 ][ info ] [ PARAM ] array (
)
[ 2018-06-04T13:41:15+08:00 ][ info ] [ ROUTE ] array (
)
[ 2018-06-04T13:41:15+08:00 ][ info ] [ HEADER ] array (
)
[ 2018-06-04T13:41:15+08:00 ][ info ] [ PARAM ] array (
)
[ 2018-06-04T13:41:15+08:00 ][ info ] [ ROUTE ] array (
)
[ 2018-06-04T13:41:15+08:00 ][ info ] [ HEADER ] array (
)
[ 2018-06-04T13:41:15+08:00 ][ info ] [ PARAM ] array (
)
[ 2018-06-04T13:41:15+08:00 ][ info ] [ LANG ] /var/www/html/swoole-live/thinkphp/lang/zh-cn.php
[ info ] [ LOG ] INIT File
[ 2018-06-04T13:41:15+08:00 ][ info ] [ ROUTE ] array (
)
[ 2018-06-04T13:41:15+08:00 ][ info ] [ HEADER ] array (
)
[ 2018-06-04T13:41:15+08:00 ][ info ] [ PARAM ] array (
)
[ 2018-06-04T13:41:15+08:00 ][ info ] [ ROUTE ] array (
)
[ 2018-06-04T13:41:15+08:00 ][ info ] [ HEADER ] array (
)
[ 2018-06-04T13:41:15+08:00 ][ info ] [ PARAM ] array (
)
[ 2018-06-04T13:41:15+08:00 ][ info ] [ LANG ] /var/www/html/swoole-live/thinkphp/lang/zh-cn.php
[ 2018-06-04T13:41:15+08:00 ][ info ] [ ROUTE ] array (
)
[ 2018-06-04T13:41:15+08:00 ][ info ] [ HEADER ] array (
)
[ 2018-06-04T13:41:15+08:00 ][ info ] [ PARAM ] array (
  'type' => '1',
  'team_id' => '0',
  'content' => '345',
)
[ 2018-06-04T13:41:15+08:00 ][ info ] [ LANG ] /var/www/html/swoole-live/thinkphp/lang/zh-cn.php
[ info ] [ LOG ] INIT File
[ 2018-06-04T13:41:15+08:00 ][ info ] [ ROUTE ] array (
)
[ 2018-06-04T13:41:15+08:00 ][ info ] [ HEADER ] array (
)
[ 2018-06-04T13:41:15+08:00 ][ info ] [ PARAM ] array (
)
[ 2018-06-04T13:41:15+08:00 ][ info ] [ ROUTE ] array (
)
[ 2018-06-04T13:41:15+08:00 ][ info ] [ HEADER ] array (
)
[ 2018-06-04T13:41:15+08:00 ][ info ] [ PARAM ] array (
)
[ 2018-06-04T13:41:15+08:00 ][ error ] [1]Uncaught think\exception\ErrorException: Undefined index: http_server in /var/www/html/swoole-live/application/admin/controller/Live.php:13
Stack trace:
#0 /var/www/html/swoole-live/application/admin/controller/Live.php(13): think\Error::appError(8, 'Undefined index...', '/var/www/swoole...', 13, Array)
#1 [internal function]: app\admin\controller\Live->push()
#2 /var/www/html/swoole-live/thinkphp/library/think/Container.php(186): ReflectionMethod->invokeArgs(Object(app\admin\controller\Live), Array)
#3 /var/www/html/swoole-live/thinkphp/library/think/route/dispatch/Module.php(126): think\Container->invokeMethod(Array, Array)
#4 /var/www/html/swoole-live/thinkphp/library/think/route/dispatch/Url.php(26): think\route\dispatch\Module->run()
#5 /var/www/html/swoole-live/thinkphp/library/think/App.php(309): think\route\dispatch\Url->run()
#6 /var/www/html/swoole-live/server/ws.php(75): think\App->run()
#7 {main}
  thrown[/var/www/html/swoole-live/application/admin/controller/Live.php:13]
[ 2018-06-04T13:41:15+08:00 ][ info ] [ ROUTE ] array (
)
[ 2018-06-04T13:41:15+08:00 ][ info ] [ HEADER ] array (
)
[ 2018-06-04T13:41:15+08:00 ][ info ] [ PARAM ] array (
)
[ 2018-06-04T13:41:15+08:00 ][ info ] [ LANG ] /var/www/html/swoole-live/thinkphp/lang/zh-cn.php
[ info ] [ LOG ] INIT File
[ 2018-06-04T13:41:15+08:00 ][ info ] [ ROUTE ] array (
)
[ 2018-06-04T13:41:15+08:00 ][ info ] [ HEADER ] array (
)
[ 2018-06-04T13:41:15+08:00 ][ info ] [ PARAM ] array (
)
[ 2018-06-04T13:43:16+08:00 ][ info ] [ LANG ] /var/www/html/swoole-live/thinkphp/lang/zh-cn.php
[ info ] [ LOG ] INIT File
[ 2018-06-04T13:43:16+08:00 ][ info ] [ LANG ] /var/www/html/swoole-live/thinkphp/lang/zh-cn.php
[ info ] [ LOG ] INIT File
[ 2018-06-04T13:43:16+08:00 ][ info ] [ ROUTE ] array (
)
[ 2018-06-04T13:43:16+08:00 ][ info ] [ HEADER ] array (
)
[ 2018-06-04T13:43:16+08:00 ][ info ] [ PARAM ] array (
)
[ 2018-06-04T13:43:16+08:00 ][ info ] [ LANG ] /var/www/html/swoole-live/thinkphp/lang/zh-cn.php
[ info ] [ LOG ] INIT File
[ 2018-06-04T13:43:16+08:00 ][ info ] [ ROUTE ] array (
)
[ 2018-06-04T13:43:16+08:00 ][ info ] [ HEADER ] array (
)
[ 2018-06-04T13:43:16+08:00 ][ info ] [ PARAM ] array (
)
[ 2018-06-04T13:43:16+08:00 ][ info ] [ LANG ] /var/www/html/swoole-live/thinkphp/lang/zh-cn.php
[ info ] [ LOG ] INIT File
[ 2018-06-04T13:43:16+08:00 ][ info ] [ ROUTE ] array (
)
[ 2018-06-04T13:43:16+08:00 ][ info ] [ HEADER ] array (
)
[ 2018-06-04T13:43:16+08:00 ][ info ] [ PARAM ] array (
)
[ 2018-06-04T13:43:16+08:00 ][ info ] [ LANG ] /var/www/html/swoole-live/thinkphp/lang/zh-cn.php
[ info ] [ LOG ] INIT File
[ 2018-06-04T13:43:16+08:00 ][ info ] [ ROUTE ] array (
)
[ 2018-06-04T13:43:16+08:00 ][ info ] [ HEADER ] array (
)
[ 2018-06-04T13:43:16+08:00 ][ info ] [ PARAM ] array (
)
[ 2018-06-04T13:43:16+08:00 ][ info ] [ LANG ] /var/www/html/swoole-live/thinkphp/lang/zh-cn.php
[ info ] [ LOG ] INIT File
[ 2018-06-04T13:43:16+08:00 ][ info ] [ ROUTE ] array (
)
[ 2018-06-04T13:43:16+08:00 ][ info ] [ HEADER ] array (
)
[ 2018-06-04T13:43:16+08:00 ][ info ] [ PARAM ] array (
)
[ 2018-06-04T13:43:16+08:00 ][ info ] [ LANG ] /var/www/html/swoole-live/thinkphp/lang/zh-cn.php
[ info ] [ LOG ] INIT File
[ 2018-06-04T13:43:16+08:00 ][ info ] [ ROUTE ] array (
)
[ 2018-06-04T13:43:16+08:00 ][ info ] [ HEADER ] array (
)
[ 2018-06-04T13:43:16+08:00 ][ info ] [ PARAM ] array (
)
[ 2018-06-04T13:43:16+08:00 ][ info ] [ LANG ] /var/www/html/swoole-live/thinkphp/lang/zh-cn.php
[ info ] [ LOG ] INIT File
[ 2018-06-04T13:43:16+08:00 ][ info ] [ ROUTE ] array (
)
[ 2018-06-04T13:43:16+08:00 ][ info ] [ HEADER ] array (
)
[ 2018-06-04T13:43:16+08:00 ][ info ] [ PARAM ] array (
)
[ 2018-06-04T13:43:16+08:00 ][ info ] [ LANG ] /var/www/html/swoole-live/thinkphp/lang/zh-cn.php
[ info ] [ LOG ] INIT File
[ 2018-06-04T13:43:16+08:00 ][ info ] [ ROUTE ] array (
)
[ 2018-06-04T13:43:16+08:00 ][ info ] [ HEADER ] array (
)
[ 2018-06-04T13:43:16+08:00 ][ info ] [ PARAM ] array (
)
[ 2018-06-04T13:43:16+08:00 ][ info ] [ LANG ] /var/www/html/swoole-live/thinkphp/lang/zh-cn.php
[ info ] [ LOG ] INIT File
[ 2018-06-04T13:43:16+08:00 ][ info ] [ ROUTE ] array (
)
[ 2018-06-04T13:43:16+08:00 ][ info ] [ HEADER ] array (
)
[ 2018-06-04T13:43:16+08:00 ][ info ] [ PARAM ] array (
)
[ 2018-06-04T13:43:16+08:00 ][ info ] [ ROUTE ] array (
)
[ 2018-06-04T13:43:16+08:00 ][ info ] [ HEADER ] array (
)
[ 2018-06-04T13:43:16+08:00 ][ info ] [ PARAM ] array (
)
[ 2018-06-04T13:43:19+08:00 ][ info ] [ LANG ] /var/www/html/swoole-live/thinkphp/lang/zh-cn.php
[ 2018-06-04T13:43:19+08:00 ][ info ] [ ROUTE ] array (
)
[ 2018-06-04T13:43:19+08:00 ][ info ] [ HEADER ] array (
)
[ 2018-06-04T13:43:19+08:00 ][ info ] [ PARAM ] array (
)
[ 2018-06-04T13:43:30+08:00 ][ info ] [ LANG ] /var/www/html/swoole-live/thinkphp/lang/zh-cn.php
[ 2018-06-04T13:43:30+08:00 ][ info ] [ ROUTE ] array (
)
[ 2018-06-04T13:43:30+08:00 ][ info ] [ HEADER ] array (
)
[ 2018-06-04T13:43:30+08:00 ][ info ] [ PARAM ] array (
)
[ 2018-06-04T13:43:49+08:00 ][ info ] [ LANG ] /var/www/html/swoole-live/thinkphp/lang/zh-cn.php
[ 2018-06-04T13:43:49+08:00 ][ info ] [ ROUTE ] array (
)
[ 2018-06-04T13:43:49+08:00 ][ info ] [ HEADER ] array (
)
[ 2018-06-04T13:43:49+08:00 ][ info ] [ PARAM ] array (
  'type' => '1',
  'team_id' => '0',
  'content' => '46',
)
[ 2018-06-04T13:43:49+08:00 ][ error ] [1]Uncaught think\exception\ErrorException: Swoole\WebSocket\Server::push(): the connected client of connection[2] is not a websocket client. in /var/www/html/swoole-live/application/admin/controller/Live.php:13
Stack trace:
#0 [internal function]: think\Error::appError(2, 'Swoole\\WebSocke...', '/var/www/swoole...', 13, Array)
#1 /var/www/html/swoole-live/application/admin/controller/Live.php(13): Swoole\WebSocket\Server->push(2, 'hello, push dat...')
#2 [internal function]: app\admin\controller\Live->push()
#3 /var/www/html/swoole-live/thinkphp/library/think/Container.php(186): ReflectionMethod->invokeArgs(Object(app\admin\controller\Live), Array)
#4 /var/www/html/swoole-live/thinkphp/library/think/route/dispatch/Module.php(126): think\Container->invokeMethod(Array, Array)
#5 /var/www/html/swoole-live/thinkphp/library/think/route/dispatch/Url.php(26): think\route\dispatch\Module->run()
#6 /var/www/html/swoole-live/thinkphp/library/think/App.php(309): think\route\dispatch\Url->run()
#7 /var/www/html/swoole-live/server/ws.php(75): think\App->run([/var/www/html/swoole-live/application/admin/controller/Live.php:13]
[ 2018-06-04T13:43:49+08:00 ][ info ] [ LANG ] /var/www/html/swoole-live/thinkphp/lang/zh-cn.php
[ info ] [ LOG ] INIT File
[ 2018-06-04T13:43:49+08:00 ][ info ] [ ROUTE ] array (
)
[ 2018-06-04T13:43:49+08:00 ][ info ] [ HEADER ] array (
)
[ 2018-06-04T13:43:49+08:00 ][ info ] [ PARAM ] array (
)
