[ 2018-06-08T20:28:40+08:00 ][ info ] [ LANG ] /var/www/swoole-live/thinkphp/lang/zh-cn.php
[ info ] [ LOG ] INIT File
[ 2018-06-08T20:28:40+08:00 ][ info ] [ LANG ] /var/www/swoole-live/thinkphp/lang/zh-cn.php
[ info ] [ LOG ] INIT File
[ 2018-06-08T20:28:40+08:00 ][ info ] [ LANG ] /var/www/swoole-live/thinkphp/lang/zh-cn.php
[ info ] [ LOG ] INIT File
[ 2018-06-08T20:28:40+08:00 ][ info ] [ LANG ] /var/www/swoole-live/thinkphp/lang/zh-cn.php
[ info ] [ LOG ] INIT File
[ 2018-06-08T20:28:40+08:00 ][ info ] [ LANG ] /var/www/swoole-live/thinkphp/lang/zh-cn.php
[ info ] [ LOG ] INIT File
[ 2018-06-08T20:28:40+08:00 ][ info ] [ ROUTE ] array (
)
[ 2018-06-08T20:28:40+08:00 ][ info ] [ HEADER ] array (
)
[ 2018-06-08T20:28:40+08:00 ][ info ] [ PARAM ] array (
)
[ 2018-06-08T20:28:40+08:00 ][ info ] [ LANG ] /var/www/swoole-live/thinkphp/lang/zh-cn.php
[ info ] [ LOG ] INIT File
[ 2018-06-08T20:28:40+08:00 ][ info ] [ ROUTE ] array (
)
[ 2018-06-08T20:28:40+08:00 ][ info ] [ HEADER ] array (
)
[ 2018-06-08T20:28:40+08:00 ][ info ] [ PARAM ] array (
)
[ 2018-06-08T20:28:40+08:00 ][ info ] [ ROUTE ] array (
)
[ 2018-06-08T20:28:40+08:00 ][ info ] [ HEADER ] array (
)
[ 2018-06-08T20:28:40+08:00 ][ info ] [ PARAM ] array (
)
[ 2018-06-08T20:28:40+08:00 ][ info ] [ LANG ] /var/www/swoole-live/thinkphp/lang/zh-cn.php
[ info ] [ LOG ] INIT File
[ 2018-06-08T20:28:40+08:00 ][ info ] [ ROUTE ] array (
)
[ 2018-06-08T20:28:40+08:00 ][ info ] [ HEADER ] array (
)
[ 2018-06-08T20:28:40+08:00 ][ info ] [ PARAM ] array (
)
[ 2018-06-08T20:28:40+08:00 ][ info ] [ ROUTE ] array (
)
[ 2018-06-08T20:28:40+08:00 ][ info ] [ HEADER ] array (
)
[ 2018-06-08T20:28:40+08:00 ][ info ] [ PARAM ] array (
)
[ 2018-06-08T20:28:40+08:00 ][ info ] [ LANG ] /var/www/swoole-live/thinkphp/lang/zh-cn.php
[ info ] [ LOG ] INIT File
[ 2018-06-08T20:28:40+08:00 ][ info ] [ LANG ] /var/www/swoole-live/thinkphp/lang/zh-cn.php
[ info ] [ LOG ] INIT File
[ 2018-06-08T20:28:40+08:00 ][ info ] [ ROUTE ] array (
)
[ 2018-06-08T20:28:40+08:00 ][ info ] [ HEADER ] array (
)
[ 2018-06-08T20:28:40+08:00 ][ info ] [ PARAM ] array (
)
[ 2018-06-08T20:28:40+08:00 ][ info ] [ ROUTE ] array (
)
[ 2018-06-08T20:28:40+08:00 ][ info ] [ HEADER ] array (
)
[ 2018-06-08T20:28:40+08:00 ][ info ] [ PARAM ] array (
)
[ 2018-06-08T20:28:40+08:00 ][ info ] [ ROUTE ] array (
)
[ 2018-06-08T20:28:40+08:00 ][ info ] [ HEADER ] array (
)
[ 2018-06-08T20:28:40+08:00 ][ info ] [ PARAM ] array (
)
[ 2018-06-08T20:28:40+08:00 ][ info ] [ LANG ] /var/www/swoole-live/thinkphp/lang/zh-cn.php
[ info ] [ LOG ] INIT File
[ 2018-06-08T20:28:40+08:00 ][ info ] [ ROUTE ] array (
)
[ 2018-06-08T20:28:40+08:00 ][ info ] [ HEADER ] array (
)
[ 2018-06-08T20:28:40+08:00 ][ info ] [ PARAM ] array (
)
[ 2018-06-08T20:28:40+08:00 ][ info ] [ ROUTE ] array (
)
[ 2018-06-08T20:28:40+08:00 ][ info ] [ HEADER ] array (
)
[ 2018-06-08T20:28:40+08:00 ][ info ] [ PARAM ] array (
)
[ 2018-06-08T20:29:31+08:00 ][ info ] [ LANG ] /var/www/swoole-live/thinkphp/lang/zh-cn.php
[ 2018-06-08T20:29:31+08:00 ][ info ] [ ROUTE ] array (
)
[ 2018-06-08T20:29:31+08:00 ][ info ] [ HEADER ] array (
)
[ 2018-06-08T20:29:31+08:00 ][ info ] [ PARAM ] array (
)
[ 2018-06-08T20:33:42+08:00 ][ info ] [ LANG ] /var/www/swoole-live/thinkphp/lang/zh-cn.php
[ info ] [ LOG ] INIT File
[ 2018-06-08T20:33:42+08:00 ][ info ] [ LANG ] /var/www/swoole-live/thinkphp/lang/zh-cn.php
[ info ] [ LOG ] INIT File
[ 2018-06-08T20:33:42+08:00 ][ info ] [ LANG ] /var/www/swoole-live/thinkphp/lang/zh-cn.php
[ info ] [ LOG ] INIT File
[ 2018-06-08T20:33:42+08:00 ][ info ] [ LANG ] /var/www/swoole-live/thinkphp/lang/zh-cn.php
[ info ] [ LOG ] INIT File
[ 2018-06-08T20:33:42+08:00 ][ info ] [ LANG ] /var/www/swoole-live/thinkphp/lang/zh-cn.php
[ info ] [ LOG ] INIT File
[ 2018-06-08T20:33:42+08:00 ][ info ] [ LANG ] /var/www/swoole-live/thinkphp/lang/zh-cn.php
[ info ] [ LOG ] INIT File
[ 2018-06-08T20:33:42+08:00 ][ info ] [ LANG ] /var/www/swoole-live/thinkphp/lang/zh-cn.php
[ info ] [ LOG ] INIT File
[ 2018-06-08T20:33:42+08:00 ][ info ] [ ROUTE ] array (
)
[ 2018-06-08T20:33:42+08:00 ][ info ] [ HEADER ] array (
)
[ 2018-06-08T20:33:42+08:00 ][ info ] [ PARAM ] array (
)
[ 2018-06-08T20:33:42+08:00 ][ info ] [ ROUTE ] array (
)
[ 2018-06-08T20:33:42+08:00 ][ info ] [ HEADER ] array (
)
[ 2018-06-08T20:33:42+08:00 ][ info ] [ PARAM ] array (
)
[ 2018-06-08T20:33:42+08:00 ][ info ] [ LANG ] /var/www/swoole-live/thinkphp/lang/zh-cn.php
[ info ] [ LOG ] INIT File
[ 2018-06-08T20:33:42+08:00 ][ info ] [ ROUTE ] array (
)
[ 2018-06-08T20:33:42+08:00 ][ info ] [ HEADER ] array (
)
[ 2018-06-08T20:33:42+08:00 ][ info ] [ PARAM ] array (
)
[ 2018-06-08T20:33:42+08:00 ][ info ] [ LANG ] /var/www/swoole-live/thinkphp/lang/zh-cn.php
[ info ] [ LOG ] INIT File
[ 2018-06-08T20:33:42+08:00 ][ info ] [ ROUTE ] array (
)
[ 2018-06-08T20:33:42+08:00 ][ info ] [ HEADER ] array (
)
[ 2018-06-08T20:33:42+08:00 ][ info ] [ PARAM ] array (
)
[ 2018-06-08T20:33:42+08:00 ][ info ] [ ROUTE ] array (
)
[ 2018-06-08T20:33:42+08:00 ][ info ] [ HEADER ] array (
)
[ 2018-06-08T20:33:42+08:00 ][ info ] [ PARAM ] array (
)
[ 2018-06-08T20:33:42+08:00 ][ info ] [ ROUTE ] array (
)
[ 2018-06-08T20:33:42+08:00 ][ info ] [ HEADER ] array (
)
[ 2018-06-08T20:33:42+08:00 ][ info ] [ PARAM ] array (
)
[ 2018-06-08T20:33:42+08:00 ][ info ] [ ROUTE ] array (
)
[ 2018-06-08T20:33:42+08:00 ][ info ] [ HEADER ] array (
)
[ 2018-06-08T20:33:42+08:00 ][ info ] [ PARAM ] array (
)
[ 2018-06-08T20:33:42+08:00 ][ info ] [ ROUTE ] array (
)
[ 2018-06-08T20:33:42+08:00 ][ info ] [ HEADER ] array (
)
[ 2018-06-08T20:33:42+08:00 ][ info ] [ PARAM ] array (
)
[ 2018-06-08T20:33:42+08:00 ][ info ] [ ROUTE ] array (
)
[ 2018-06-08T20:33:42+08:00 ][ info ] [ HEADER ] array (
)
[ 2018-06-08T20:33:42+08:00 ][ info ] [ PARAM ] array (
)
[ 2018-06-08T20:33:42+08:00 ][ info ] [ LANG ] /var/www/swoole-live/thinkphp/lang/zh-cn.php
[ info ] [ LOG ] INIT File
[ 2018-06-08T20:33:42+08:00 ][ info ] [ ROUTE ] array (
)
[ 2018-06-08T20:33:42+08:00 ][ info ] [ HEADER ] array (
)
[ 2018-06-08T20:33:42+08:00 ][ info ] [ PARAM ] array (
)
[ 2018-06-08T20:33:44+08:00 ][ info ] [ LANG ] /var/www/swoole-live/thinkphp/lang/zh-cn.php
[ 2018-06-08T20:33:44+08:00 ][ info ] [ ROUTE ] array (
)
[ 2018-06-08T20:33:44+08:00 ][ info ] [ HEADER ] array (
)
[ 2018-06-08T20:33:44+08:00 ][ info ] [ PARAM ] array (
)
[ 2018-06-08T20:34:12+08:00 ][ info ] [ LANG ] /var/www/swoole-live/thinkphp/lang/zh-cn.php
[ 2018-06-08T20:34:12+08:00 ][ info ] [ ROUTE ] array (
)
[ 2018-06-08T20:34:12+08:00 ][ info ] [ HEADER ] array (
)
[ 2018-06-08T20:34:12+08:00 ][ info ] [ PARAM ] array (
)
[ 2018-06-08T20:34:19+08:00 ][ info ] [ LANG ] /var/www/swoole-live/thinkphp/lang/zh-cn.php
[ 2018-06-08T20:34:19+08:00 ][ info ] [ ROUTE ] array (
)
[ 2018-06-08T20:34:19+08:00 ][ info ] [ HEADER ] array (
)
[ 2018-06-08T20:34:19+08:00 ][ info ] [ PARAM ] array (
  'type' => '1',
  'team_id' => '0',
  'content' => '4',
)
[ 2018-06-08T20:34:19+08:00 ][ error ] [1]Uncaught think\exception\HttpException: method not exists:app\admin\controller\Live->push() in /var/www/swoole-live/thinkphp/library/think/route/dispatch/Module.php:121
Stack trace:
#0 /var/www/swoole-live/thinkphp/library/think/route/dispatch/Url.php(26): think\route\dispatch\Module->run()
#1 /var/www/swoole-live/thinkphp/library/think/App.php(309): think\route\dispatch\Url->run()
#2 /var/www/swoole-live/server/ws.php(75): think\App->run()
#3 {main}
  thrown[/var/www/swoole-live/thinkphp/library/think/route/dispatch/Module.php:121]
[ 2018-06-08T20:34:19+08:00 ][ info ] [ LANG ] /var/www/swoole-live/thinkphp/lang/zh-cn.php
[ info ] [ LOG ] INIT File
[ 2018-06-08T20:34:19+08:00 ][ info ] [ ROUTE ] array (
)
[ 2018-06-08T20:34:19+08:00 ][ info ] [ HEADER ] array (
)
[ 2018-06-08T20:34:19+08:00 ][ info ] [ PARAM ] array (
)
[ 2018-06-08T20:36:11+08:00 ][ info ] [ LANG ] /var/www/swoole-live/thinkphp/lang/zh-cn.php
[ 2018-06-08T20:36:11+08:00 ][ info ] [ ROUTE ] array (
)
[ 2018-06-08T20:36:11+08:00 ][ info ] [ HEADER ] array (
)
[ 2018-06-08T20:36:11+08:00 ][ info ] [ PARAM ] array (
)
[ 2018-06-08T20:36:14+08:00 ][ info ] [ LANG ] /var/www/swoole-live/thinkphp/lang/zh-cn.php
[ info ] [ LOG ] INIT File
[ 2018-06-08T20:36:14+08:00 ][ info ] [ LANG ] /var/www/swoole-live/thinkphp/lang/zh-cn.php
[ info ] [ LOG ] INIT File
[ 2018-06-08T20:36:14+08:00 ][ info ] [ LANG ] /var/www/swoole-live/thinkphp/lang/zh-cn.php
[ info ] [ LOG ] INIT File
[ 2018-06-08T20:36:14+08:00 ][ info ] [ ROUTE ] array (
)
[ 2018-06-08T20:36:14+08:00 ][ info ] [ HEADER ] array (
)
[ 2018-06-08T20:36:14+08:00 ][ info ] [ PARAM ] array (
)
[ 2018-06-08T20:36:14+08:00 ][ info ] [ LANG ] /var/www/swoole-live/thinkphp/lang/zh-cn.php
[ info ] [ LOG ] INIT File
[ 2018-06-08T20:36:14+08:00 ][ info ] [ ROUTE ] array (
)
[ 2018-06-08T20:36:14+08:00 ][ info ] [ HEADER ] array (
)
[ 2018-06-08T20:36:14+08:00 ][ info ] [ PARAM ] array (
)
[ 2018-06-08T20:36:14+08:00 ][ info ] [ LANG ] /var/www/swoole-live/thinkphp/lang/zh-cn.php
[ info ] [ LOG ] INIT File
[ 2018-06-08T20:36:14+08:00 ][ info ] [ ROUTE ] array (
)
[ 2018-06-08T20:36:14+08:00 ][ info ] [ HEADER ] array (
)
[ 2018-06-08T20:36:14+08:00 ][ info ] [ PARAM ] array (
)
[ 2018-06-08T20:36:14+08:00 ][ info ] [ LANG ] /var/www/swoole-live/thinkphp/lang/zh-cn.php
[ info ] [ LOG ] INIT File
[ 2018-06-08T20:36:14+08:00 ][ info ] [ ROUTE ] array (
)
[ 2018-06-08T20:36:14+08:00 ][ info ] [ HEADER ] array (
)
[ 2018-06-08T20:36:14+08:00 ][ info ] [ PARAM ] array (
)
[ 2018-06-08T20:36:14+08:00 ][ info ] [ LANG ] /var/www/swoole-live/thinkphp/lang/zh-cn.php
[ info ] [ LOG ] INIT File
[ 2018-06-08T20:36:14+08:00 ][ info ] [ ROUTE ] array (
)
[ 2018-06-08T20:36:14+08:00 ][ info ] [ HEADER ] array (
)
[ 2018-06-08T20:36:14+08:00 ][ info ] [ PARAM ] array (
)
[ 2018-06-08T20:36:14+08:00 ][ info ] [ LANG ] /var/www/swoole-live/thinkphp/lang/zh-cn.php
[ info ] [ LOG ] INIT File
[ 2018-06-08T20:36:14+08:00 ][ info ] [ ROUTE ] array (
)
[ 2018-06-08T20:36:14+08:00 ][ info ] [ HEADER ] array (
)
[ 2018-06-08T20:36:14+08:00 ][ info ] [ PARAM ] array (
)
[ 2018-06-08T20:36:14+08:00 ][ info ] [ LANG ] /var/www/swoole-live/thinkphp/lang/zh-cn.php
[ info ] [ LOG ] INIT File
[ 2018-06-08T20:36:14+08:00 ][ info ] [ ROUTE ] array (
)
[ 2018-06-08T20:36:14+08:00 ][ info ] [ HEADER ] array (
)
[ 2018-06-08T20:36:14+08:00 ][ info ] [ PARAM ] array (
)
[ 2018-06-08T20:36:14+08:00 ][ info ] [ ROUTE ] array (
)
[ 2018-06-08T20:36:14+08:00 ][ info ] [ HEADER ] array (
)
[ 2018-06-08T20:36:14+08:00 ][ info ] [ PARAM ] array (
)
[ 2018-06-08T20:36:14+08:00 ][ info ] [ LANG ] /var/www/swoole-live/thinkphp/lang/zh-cn.php
[ info ] [ LOG ] INIT File
[ 2018-06-08T20:36:14+08:00 ][ info ] [ ROUTE ] array (
)
[ 2018-06-08T20:36:14+08:00 ][ info ] [ HEADER ] array (
)
[ 2018-06-08T20:36:14+08:00 ][ info ] [ PARAM ] array (
)
[ 2018-06-08T20:36:14+08:00 ][ info ] [ ROUTE ] array (
)
[ 2018-06-08T20:36:14+08:00 ][ info ] [ HEADER ] array (
)
[ 2018-06-08T20:36:14+08:00 ][ info ] [ PARAM ] array (
)
[ 2018-06-08T20:36:17+08:00 ][ info ] [ LANG ] /var/www/swoole-live/thinkphp/lang/zh-cn.php
[ 2018-06-08T20:36:17+08:00 ][ info ] [ ROUTE ] array (
)
[ 2018-06-08T20:36:17+08:00 ][ info ] [ HEADER ] array (
)
[ 2018-06-08T20:36:17+08:00 ][ info ] [ PARAM ] array (
  'type' => '1',
  'team_id' => '0',
  'content' => '4',
)
[ 2018-06-08T20:36:17+08:00 ][ error ] [1]Uncaught think\exception\HttpException: method not exists:app\admin\controller\Live->push() in /var/www/swoole-live/thinkphp/library/think/route/dispatch/Module.php:121
Stack trace:
#0 /var/www/swoole-live/thinkphp/library/think/route/dispatch/Url.php(26): think\route\dispatch\Module->run()
#1 /var/www/swoole-live/thinkphp/library/think/App.php(309): think\route\dispatch\Url->run()
#2 /var/www/swoole-live/server/ws.php(75): think\App->run()
#3 {main}
  thrown[/var/www/swoole-live/thinkphp/library/think/route/dispatch/Module.php:121]
[ 2018-06-08T20:36:17+08:00 ][ info ] [ LANG ] /var/www/swoole-live/thinkphp/lang/zh-cn.php
[ info ] [ LOG ] INIT File
[ 2018-06-08T20:36:17+08:00 ][ info ] [ ROUTE ] array (
)
[ 2018-06-08T20:36:17+08:00 ][ info ] [ HEADER ] array (
)
[ 2018-06-08T20:36:17+08:00 ][ info ] [ PARAM ] array (
)
[ 2018-06-08T20:36:40+08:00 ][ info ] [ LANG ] /var/www/swoole-live/thinkphp/lang/zh-cn.php
[ 2018-06-08T20:36:40+08:00 ][ info ] [ ROUTE ] array (
)
[ 2018-06-08T20:36:40+08:00 ][ info ] [ HEADER ] array (
)
[ 2018-06-08T20:36:40+08:00 ][ info ] [ PARAM ] array (
  'type' => '1',
  'team_id' => '0',
  'content' => '4',
)
[ 2018-06-08T20:36:40+08:00 ][ error ] [1]Uncaught think\exception\HttpException: method not exists:app\admin\controller\Live->push() in /var/www/swoole-live/thinkphp/library/think/route/dispatch/Module.php:121
Stack trace:
#0 /var/www/swoole-live/thinkphp/library/think/route/dispatch/Url.php(26): think\route\dispatch\Module->run()
#1 /var/www/swoole-live/thinkphp/library/think/App.php(309): think\route\dispatch\Url->run()
#2 /var/www/swoole-live/server/ws.php(75): think\App->run()
#3 {main}
  thrown[/var/www/swoole-live/thinkphp/library/think/route/dispatch/Module.php:121]
[ 2018-06-08T20:36:40+08:00 ][ info ] [ LANG ] /var/www/swoole-live/thinkphp/lang/zh-cn.php
[ info ] [ LOG ] INIT File
[ 2018-06-08T20:36:40+08:00 ][ info ] [ ROUTE ] array (
)
[ 2018-06-08T20:36:40+08:00 ][ info ] [ HEADER ] array (
)
[ 2018-06-08T20:36:40+08:00 ][ info ] [ PARAM ] array (
)
[ 2018-06-08T20:36:51+08:00 ][ info ] [ LANG ] /var/www/swoole-live/thinkphp/lang/zh-cn.php
[ 2018-06-08T20:36:51+08:00 ][ info ] [ ROUTE ] array (
)
[ 2018-06-08T20:36:51+08:00 ][ info ] [ HEADER ] array (
)
[ 2018-06-08T20:36:51+08:00 ][ info ] [ PARAM ] array (
)
[ 2018-06-08T20:36:53+08:00 ][ info ] [ LANG ] /var/www/swoole-live/thinkphp/lang/zh-cn.php
[ info ] [ LOG ] INIT File
[ 2018-06-08T20:36:53+08:00 ][ info ] [ LANG ] /var/www/swoole-live/thinkphp/lang/zh-cn.php
[ info ] [ LOG ] INIT File
[ 2018-06-08T20:36:53+08:00 ][ info ] [ LANG ] /var/www/swoole-live/thinkphp/lang/zh-cn.php
[ info ] [ LOG ] INIT File
[ 2018-06-08T20:36:53+08:00 ][ info ] [ LANG ] /var/www/swoole-live/thinkphp/lang/zh-cn.php
[ info ] [ LOG ] INIT File
[ 2018-06-08T20:36:53+08:00 ][ info ] [ ROUTE ] array (
)
[ 2018-06-08T20:36:53+08:00 ][ info ] [ HEADER ] array (
)
[ 2018-06-08T20:36:53+08:00 ][ info ] [ PARAM ] array (
)
[ 2018-06-08T20:36:53+08:00 ][ info ] [ LANG ] /var/www/swoole-live/thinkphp/lang/zh-cn.php
[ info ] [ LOG ] INIT File
[ 2018-06-08T20:36:53+08:00 ][ info ] [ ROUTE ] array (
)
[ 2018-06-08T20:36:53+08:00 ][ info ] [ HEADER ] array (
)
[ 2018-06-08T20:36:53+08:00 ][ info ] [ PARAM ] array (
)
[ 2018-06-08T20:36:53+08:00 ][ info ] [ LANG ] /var/www/swoole-live/thinkphp/lang/zh-cn.php
[ info ] [ LOG ] INIT File
[ 2018-06-08T20:36:53+08:00 ][ info ] [ ROUTE ] array (
)
[ 2018-06-08T20:36:53+08:00 ][ info ] [ HEADER ] array (
)
[ 2018-06-08T20:36:53+08:00 ][ info ] [ PARAM ] array (
)
[ 2018-06-08T20:36:53+08:00 ][ info ] [ LANG ] /var/www/swoole-live/thinkphp/lang/zh-cn.php
[ info ] [ LOG ] INIT File
[ 2018-06-08T20:36:53+08:00 ][ info ] [ ROUTE ] array (
)
[ 2018-06-08T20:36:53+08:00 ][ info ] [ HEADER ] array (
)
[ 2018-06-08T20:36:53+08:00 ][ info ] [ PARAM ] array (
)
[ 2018-06-08T20:36:53+08:00 ][ info ] [ LANG ] /var/www/swoole-live/thinkphp/lang/zh-cn.php
[ info ] [ LOG ] INIT File
[ 2018-06-08T20:36:53+08:00 ][ info ] [ ROUTE ] array (
)
[ 2018-06-08T20:36:53+08:00 ][ info ] [ HEADER ] array (
)
[ 2018-06-08T20:36:53+08:00 ][ info ] [ PARAM ] array (
)
[ 2018-06-08T20:36:53+08:00 ][ info ] [ ROUTE ] array (
)
[ 2018-06-08T20:36:53+08:00 ][ info ] [ HEADER ] array (
)
[ 2018-06-08T20:36:53+08:00 ][ info ] [ PARAM ] array (
)
[ 2018-06-08T20:36:53+08:00 ][ info ] [ LANG ] /var/www/swoole-live/thinkphp/lang/zh-cn.php
[ info ] [ LOG ] INIT File
[ 2018-06-08T20:36:53+08:00 ][ info ] [ ROUTE ] array (
)
[ 2018-06-08T20:36:53+08:00 ][ info ] [ HEADER ] array (
)
[ 2018-06-08T20:36:53+08:00 ][ info ] [ PARAM ] array (
)
[ 2018-06-08T20:36:53+08:00 ][ info ] [ LANG ] /var/www/swoole-live/thinkphp/lang/zh-cn.php
[ info ] [ LOG ] INIT File
[ 2018-06-08T20:36:53+08:00 ][ info ] [ ROUTE ] array (
)
[ 2018-06-08T20:36:53+08:00 ][ info ] [ HEADER ] array (
)
[ 2018-06-08T20:36:53+08:00 ][ info ] [ PARAM ] array (
)
[ 2018-06-08T20:36:53+08:00 ][ info ] [ ROUTE ] array (
)
[ 2018-06-08T20:36:53+08:00 ][ info ] [ HEADER ] array (
)
[ 2018-06-08T20:36:53+08:00 ][ info ] [ PARAM ] array (
)
[ 2018-06-08T20:36:53+08:00 ][ info ] [ ROUTE ] array (
)
[ 2018-06-08T20:36:53+08:00 ][ info ] [ HEADER ] array (
)
[ 2018-06-08T20:36:53+08:00 ][ info ] [ PARAM ] array (
)
[ 2018-06-08T20:36:56+08:00 ][ info ] [ LANG ] /var/www/swoole-live/thinkphp/lang/zh-cn.php
[ 2018-06-08T20:36:56+08:00 ][ info ] [ ROUTE ] array (
)
[ 2018-06-08T20:36:56+08:00 ][ info ] [ HEADER ] array (
)
[ 2018-06-08T20:36:56+08:00 ][ info ] [ PARAM ] array (
  'type' => '1',
  'team_id' => '0',
  'content' => '42',
)
[ 2018-06-08T20:36:56+08:00 ][ error ] [1]Uncaught think\exception\HttpException: method not exists:app\admin\controller\Live->push() in /var/www/swoole-live/thinkphp/library/think/route/dispatch/Module.php:121
Stack trace:
#0 /var/www/swoole-live/thinkphp/library/think/route/dispatch/Url.php(26): think\route\dispatch\Module->run()
#1 /var/www/swoole-live/thinkphp/library/think/App.php(309): think\route\dispatch\Url->run()
#2 /var/www/swoole-live/server/ws.php(75): think\App->run()
#3 {main}
  thrown[/var/www/swoole-live/thinkphp/library/think/route/dispatch/Module.php:121]
[ 2018-06-08T20:36:56+08:00 ][ info ] [ LANG ] /var/www/swoole-live/thinkphp/lang/zh-cn.php
[ info ] [ LOG ] INIT File
[ 2018-06-08T20:36:56+08:00 ][ info ] [ ROUTE ] array (
)
[ 2018-06-08T20:36:56+08:00 ][ info ] [ HEADER ] array (
)
[ 2018-06-08T20:36:56+08:00 ][ info ] [ PARAM ] array (
)
