---------------------------------------------------------------
[ 2018-05-25T21:19:39+08:00 ] 172.16.16.10 218.104.225.2 GET /swoole-live/public/
[ info ] ltfnevergiveup.cn/swoole-live/public/ [运行时间：0.013716s][吞吐率：72.91req/s] [内存消耗：278.04kb] [文件加载：43]
[ info ] [ LANG ] /var/www/swoole-live/thinkphp/lang/zh-cn.php
[ info ] [ ROUTE ] array (
)
[ info ] [ HEADER ] array (
  'host' => 'ltfnevergiveup.cn',
  'connection' => 'keep-alive',
  'upgrade-insecure-requests' => '1',
  'user-agent' => 'Mozilla/5.0 (Windows NT 10.0; Win64; x64) AppleWebKit/537.36 (KHTML, like Gecko) Chrome/65.0.3325.181 Safari/537.36',
  'accept' => 'text/html,application/xhtml+xml,application/xml;q=0.9,image/webp,image/apng,*/*;q=0.8',
  'referer' => 'http://ltfnevergiveup.cn/swoole-live/',
  'accept-encoding' => 'gzip, deflate',
  'accept-language' => 'zh-CN,zh;q=0.9',
  'cookie' => 'SL_G_WPT_TO=zh-CN; SL_GWPT_Show_Hide_tmp=1; SL_wptGlobTipTmp=1',
)
[ info ] [ PARAM ] array (
)
[ info ] [ LOG ] INIT File
