[ 2018-05-25T22:21:21+08:00 ][ info ] [ LANG ] /var/www/swoole-live/thinkphp/lang/zh-cn.php
[ info ] [ LOG ] INIT File
[ 2018-05-25T22:21:21+08:00 ][ info ] [ ROUTE ] array (
)
[ 2018-05-25T22:21:21+08:00 ][ info ] [ HEADER ] array (
)
[ 2018-05-25T22:21:21+08:00 ][ info ] [ PARAM ] array (
)
[ 2018-05-25T22:21:22+08:00 ][ info ] [ LANG ] /var/www/swoole-live/thinkphp/lang/zh-cn.php
[ 2018-05-25T22:21:22+08:00 ][ info ] [ ROUTE ] array (
)
[ 2018-05-25T22:21:22+08:00 ][ info ] [ HEADER ] array (
)
[ 2018-05-25T22:21:22+08:00 ][ info ] [ PARAM ] array (
)
[ 2018-05-25T22:21:24+08:00 ][ info ] [ LANG ] /var/www/swoole-live/thinkphp/lang/zh-cn.php
[ 2018-05-25T22:21:24+08:00 ][ info ] [ ROUTE ] array (
)
[ 2018-05-25T22:21:24+08:00 ][ info ] [ HEADER ] array (
)
[ 2018-05-25T22:21:24+08:00 ][ info ] [ PARAM ] array (
)
[ 2018-05-25T22:21:24+08:00 ][ info ] [ LANG ] /var/www/swoole-live/thinkphp/lang/zh-cn.php
[ 2018-05-25T22:21:24+08:00 ][ info ] [ ROUTE ] array (
)
[ 2018-05-25T22:21:24+08:00 ][ info ] [ HEADER ] array (
)
[ 2018-05-25T22:21:24+08:00 ][ info ] [ PARAM ] array (
)
[ 2018-05-25T22:23:42+08:00 ][ info ] [ LANG ] /var/www/swoole-live/thinkphp/lang/zh-cn.php
[ 2018-05-25T22:23:42+08:00 ][ info ] [ ROUTE ] array (
)
[ 2018-05-25T22:23:42+08:00 ][ info ] [ HEADER ] array (
)
[ 2018-05-25T22:23:42+08:00 ][ info ] [ PARAM ] array (
)
[ 2018-05-25T22:23:43+08:00 ][ info ] [ LANG ] /var/www/swoole-live/thinkphp/lang/zh-cn.php
[ 2018-05-25T22:23:43+08:00 ][ info ] [ ROUTE ] array (
)
[ 2018-05-25T22:23:43+08:00 ][ info ] [ HEADER ] array (
)
[ 2018-05-25T22:23:43+08:00 ][ info ] [ PARAM ] array (
)
[ 2018-05-25T22:23:45+08:00 ][ info ] [ LANG ] /var/www/swoole-live/thinkphp/lang/zh-cn.php
[ 2018-05-25T22:23:45+08:00 ][ info ] [ ROUTE ] array (
)
[ 2018-05-25T22:23:45+08:00 ][ info ] [ HEADER ] array (
)
[ 2018-05-25T22:23:45+08:00 ][ info ] [ PARAM ] array (
  'a' => '1',
)
[ 2018-05-25T22:23:45+08:00 ][ info ] [ LANG ] /var/www/swoole-live/thinkphp/lang/zh-cn.php
[ 2018-05-25T22:23:45+08:00 ][ info ] [ ROUTE ] array (
)
[ 2018-05-25T22:23:45+08:00 ][ info ] [ HEADER ] array (
)
[ 2018-05-25T22:23:45+08:00 ][ info ] [ PARAM ] array (
  'a' => '1',
)
[ 2018-05-25T22:23:51+08:00 ][ info ] [ LANG ] /var/www/swoole-live/thinkphp/lang/zh-cn.php
[ info ] [ LOG ] INIT File
[ 2018-05-25T22:23:51+08:00 ][ info ] [ ROUTE ] array (
)
[ 2018-05-25T22:23:51+08:00 ][ info ] [ HEADER ] array (
)
[ 2018-05-25T22:23:51+08:00 ][ info ] [ PARAM ] array (
  'a' => '1',
)
[ 2018-05-25T22:23:51+08:00 ][ info ] [ LANG ] /var/www/swoole-live/thinkphp/lang/zh-cn.php
[ 2018-05-25T22:23:51+08:00 ][ info ] [ ROUTE ] array (
)
[ 2018-05-25T22:23:51+08:00 ][ info ] [ HEADER ] array (
)
[ 2018-05-25T22:23:51+08:00 ][ info ] [ PARAM ] array (
  'a' => '1',
)
[ 2018-05-25T22:24:11+08:00 ][ info ] [ LANG ] /var/www/swoole-live/thinkphp/lang/zh-cn.php
[ 2018-05-25T22:24:11+08:00 ][ info ] [ ROUTE ] array (
)
[ 2018-05-25T22:24:11+08:00 ][ info ] [ HEADER ] array (
)
[ 2018-05-25T22:24:11+08:00 ][ info ] [ PARAM ] array (
  'a' => '1',
)
[ 2018-05-25T22:24:11+08:00 ][ info ] [ LANG ] /var/www/swoole-live/thinkphp/lang/zh-cn.php
[ 2018-05-25T22:24:11+08:00 ][ info ] [ ROUTE ] array (
)
[ 2018-05-25T22:24:11+08:00 ][ info ] [ HEADER ] array (
)
[ 2018-05-25T22:24:11+08:00 ][ info ] [ PARAM ] array (
  'a' => '1',
)
[ 2018-05-25T22:24:23+08:00 ][ info ] [ LANG ] /var/www/swoole-live/thinkphp/lang/zh-cn.php
[ 2018-05-25T22:24:23+08:00 ][ info ] [ ROUTE ] array (
)
[ 2018-05-25T22:24:23+08:00 ][ info ] [ HEADER ] array (
)
[ 2018-05-25T22:24:23+08:00 ][ info ] [ PARAM ] array (
  'a' => '1',
)
[ 2018-05-25T22:24:23+08:00 ][ info ] [ LANG ] /var/www/swoole-live/thinkphp/lang/zh-cn.php
[ 2018-05-25T22:24:23+08:00 ][ info ] [ ROUTE ] array (
)
[ 2018-05-25T22:24:23+08:00 ][ info ] [ HEADER ] array (
)
[ 2018-05-25T22:24:23+08:00 ][ info ] [ PARAM ] array (
  'a' => '1',
)
[ 2018-05-25T22:24:33+08:00 ][ info ] [ LANG ] /var/www/swoole-live/thinkphp/lang/zh-cn.php
[ 2018-05-25T22:24:33+08:00 ][ info ] [ ROUTE ] array (
)
[ 2018-05-25T22:24:33+08:00 ][ info ] [ HEADER ] array (
)
[ 2018-05-25T22:24:33+08:00 ][ info ] [ PARAM ] array (
  'a' => '1',
)
[ 2018-05-25T22:24:33+08:00 ][ info ] [ LANG ] /var/www/swoole-live/thinkphp/lang/zh-cn.php
[ 2018-05-25T22:24:33+08:00 ][ info ] [ ROUTE ] array (
)
[ 2018-05-25T22:24:33+08:00 ][ info ] [ HEADER ] array (
)
[ 2018-05-25T22:24:33+08:00 ][ info ] [ PARAM ] array (
  'a' => '1',
)
[ 2018-05-25T22:24:40+08:00 ][ info ] [ LANG ] /var/www/swoole-live/thinkphp/lang/zh-cn.php
[ 2018-05-25T22:24:40+08:00 ][ info ] [ ROUTE ] array (
)
[ 2018-05-25T22:24:40+08:00 ][ info ] [ HEADER ] array (
)
[ 2018-05-25T22:24:40+08:00 ][ info ] [ PARAM ] array (
  'a' => '1',
)
[ 2018-05-25T22:24:41+08:00 ][ info ] [ LANG ] /var/www/swoole-live/thinkphp/lang/zh-cn.php
[ 2018-05-25T22:24:41+08:00 ][ info ] [ ROUTE ] array (
)
[ 2018-05-25T22:24:41+08:00 ][ info ] [ HEADER ] array (
)
[ 2018-05-25T22:24:41+08:00 ][ info ] [ PARAM ] array (
  'a' => '1',
)
[ 2018-05-25T22:25:13+08:00 ][ info ] [ LANG ] /var/www/swoole-live/thinkphp/lang/zh-cn.php
[ info ] [ LOG ] INIT File
[ 2018-05-25T22:25:13+08:00 ][ info ] [ ROUTE ] array (
)
[ 2018-05-25T22:25:13+08:00 ][ info ] [ HEADER ] array (
)
[ 2018-05-25T22:25:13+08:00 ][ info ] [ PARAM ] array (
  0 => '1',
)
[ 2018-05-25T22:25:13+08:00 ][ info ] [ LANG ] /var/www/swoole-live/thinkphp/lang/zh-cn.php
[ 2018-05-25T22:25:13+08:00 ][ info ] [ ROUTE ] array (
)
[ 2018-05-25T22:25:13+08:00 ][ info ] [ HEADER ] array (
)
[ 2018-05-25T22:25:13+08:00 ][ info ] [ PARAM ] array (
  0 => '1',
)
[ 2018-05-25T22:25:13+08:00 ][ error ] [1]Uncaught think\exception\ErrorException: Undefined variable: res in /var/www/swoole-live/server/http-server.php:53
Stack trace:
#0 /var/www/swoole-live/server/http-server.php(53): think\Error::appError(8, 'Undefined varia...', '/var/www/swoole...', 53, Array)
#1 {main}
  thrown[/var/www/swoole-live/server/http-server.php:53]
[ 2018-05-25T22:25:13+08:00 ][ info ] [ LANG ] /var/www/swoole-live/thinkphp/lang/zh-cn.php
[ info ] [ LOG ] INIT File
[ 2018-05-25T22:25:13+08:00 ][ info ] [ ROUTE ] array (
)
[ 2018-05-25T22:25:13+08:00 ][ info ] [ HEADER ] array (
)
[ 2018-05-25T22:25:13+08:00 ][ info ] [ PARAM ] array (
  0 => '1',
)
[ 2018-05-25T22:25:14+08:00 ][ info ] [ LANG ] /var/www/swoole-live/thinkphp/lang/zh-cn.php
[ 2018-05-25T22:25:14+08:00 ][ info ] [ ROUTE ] array (
)
[ 2018-05-25T22:25:14+08:00 ][ info ] [ HEADER ] array (
)
[ 2018-05-25T22:25:14+08:00 ][ info ] [ PARAM ] array (
  0 => '1',
)
[ 2018-05-25T22:25:14+08:00 ][ error ] [1]Uncaught think\exception\ErrorException: Undefined variable: res in /var/www/swoole-live/server/http-server.php:53
Stack trace:
#0 /var/www/swoole-live/server/http-server.php(53): think\Error::appError(8, 'Undefined varia...', '/var/www/swoole...', 53, Array)
#1 {main}
  thrown[/var/www/swoole-live/server/http-server.php:53]
[ 2018-05-25T22:25:14+08:00 ][ info ] [ LANG ] /var/www/swoole-live/thinkphp/lang/zh-cn.php
[ info ] [ LOG ] INIT File
[ 2018-05-25T22:25:14+08:00 ][ info ] [ ROUTE ] array (
)
[ 2018-05-25T22:25:14+08:00 ][ info ] [ HEADER ] array (
)
[ 2018-05-25T22:25:14+08:00 ][ info ] [ PARAM ] array (
  0 => '1',
)
[ 2018-05-25T22:25:14+08:00 ][ info ] [ LANG ] /var/www/swoole-live/thinkphp/lang/zh-cn.php
[ 2018-05-25T22:25:14+08:00 ][ info ] [ ROUTE ] array (
)
[ 2018-05-25T22:25:14+08:00 ][ info ] [ HEADER ] array (
)
[ 2018-05-25T22:25:14+08:00 ][ info ] [ PARAM ] array (
  0 => '1',
)
[ 2018-05-25T22:25:14+08:00 ][ info ] [ LANG ] /var/www/swoole-live/thinkphp/lang/zh-cn.php
[ 2018-05-25T22:25:14+08:00 ][ info ] [ ROUTE ] array (
)
[ 2018-05-25T22:25:14+08:00 ][ info ] [ HEADER ] array (
)
[ 2018-05-25T22:25:14+08:00 ][ info ] [ PARAM ] array (
  0 => '1',
)
[ 2018-05-25T22:25:14+08:00 ][ error ] [1]Uncaught think\exception\ErrorException: Undefined variable: res in /var/www/swoole-live/server/http-server.php:53
Stack trace:
#0 /var/www/swoole-live/server/http-server.php(53): think\Error::appError(8, 'Undefined varia...', '/var/www/swoole...', 53, Array)
#1 {main}
  thrown[/var/www/swoole-live/server/http-server.php:53]
[ 2018-05-25T22:25:19+08:00 ][ info ] [ LANG ] /var/www/swoole-live/thinkphp/lang/zh-cn.php
[ info ] [ LOG ] INIT File
[ 2018-05-25T22:25:19+08:00 ][ info ] [ ROUTE ] array (
)
[ 2018-05-25T22:25:19+08:00 ][ info ] [ HEADER ] array (
)
[ 2018-05-25T22:25:19+08:00 ][ info ] [ PARAM ] array (
  'a' => '1',
)
[ 2018-05-25T22:25:19+08:00 ][ info ] [ LANG ] /var/www/swoole-live/thinkphp/lang/zh-cn.php
[ 2018-05-25T22:25:19+08:00 ][ info ] [ ROUTE ] array (
)
[ 2018-05-25T22:25:19+08:00 ][ info ] [ HEADER ] array (
)
[ 2018-05-25T22:25:19+08:00 ][ info ] [ PARAM ] array (
  'a' => '1',
)
[ 2018-05-25T22:25:19+08:00 ][ error ] [1]Uncaught think\exception\ErrorException: Undefined variable: res in /var/www/swoole-live/server/http-server.php:53
Stack trace:
#0 /var/www/swoole-live/server/http-server.php(53): think\Error::appError(8, 'Undefined varia...', '/var/www/swoole...', 53, Array)
#1 {main}
  thrown[/var/www/swoole-live/server/http-server.php:53]
[ 2018-05-25T22:55:19+08:00 ][ info ] [ LANG ] /var/www/swoole-live/thinkphp/lang/zh-cn.php
[ info ] [ LOG ] INIT File
[ 2018-05-25T22:55:19+08:00 ][ info ] [ ROUTE ] array (
)
[ 2018-05-25T22:55:19+08:00 ][ info ] [ HEADER ] array (
)
[ 2018-05-25T22:55:19+08:00 ][ info ] [ PARAM ] array (
  'a' => '1',
)
[ 2018-05-25T22:55:19+08:00 ][ error ] [1]Uncaught Error: Call to undefined method Swoole\Http\Request::action() in /var/www/swoole-live/server/http-server.php:49
Stack trace:
#0 {main}
  thrown[/var/www/swoole-live/server/http-server.php:49]
[ 2018-05-25T22:56:18+08:00 ][ info ] [ LANG ] /var/www/swoole-live/thinkphp/lang/zh-cn.php
[ info ] [ LOG ] INIT File
[ 2018-05-25T22:56:18+08:00 ][ info ] [ ROUTE ] array (
)
[ 2018-05-25T22:56:18+08:00 ][ info ] [ HEADER ] array (
)
[ 2018-05-25T22:56:18+08:00 ][ info ] [ PARAM ] array (
  'a' => '1',
)
[ 2018-05-25T22:56:18+08:00 ][ info ] [ LANG ] /var/www/swoole-live/thinkphp/lang/zh-cn.php
[ 2018-05-25T22:56:18+08:00 ][ info ] [ ROUTE ] array (
)
[ 2018-05-25T22:56:18+08:00 ][ info ] [ HEADER ] array (
)
[ 2018-05-25T22:56:18+08:00 ][ info ] [ PARAM ] array (
  'a' => '1',
)
[ 2018-05-25T22:56:25+08:00 ][ info ] [ LANG ] /var/www/swoole-live/thinkphp/lang/zh-cn.php
[ 2018-05-25T22:56:25+08:00 ][ info ] [ ROUTE ] array (
)
[ 2018-05-25T22:56:25+08:00 ][ info ] [ HEADER ] array (
)
[ 2018-05-25T22:56:25+08:00 ][ info ] [ PARAM ] array (
  'a' => '1',
)
[ 2018-05-25T22:56:26+08:00 ][ info ] [ LANG ] /var/www/swoole-live/thinkphp/lang/zh-cn.php
[ 2018-05-25T22:56:26+08:00 ][ info ] [ ROUTE ] array (
)
[ 2018-05-25T22:56:26+08:00 ][ info ] [ HEADER ] array (
)
[ 2018-05-25T22:56:26+08:00 ][ info ] [ PARAM ] array (
  'a' => '1',
)
[ 2018-05-25T22:56:28+08:00 ][ info ] [ LANG ] /var/www/swoole-live/thinkphp/lang/zh-cn.php
[ 2018-05-25T22:56:28+08:00 ][ info ] [ ROUTE ] array (
)
[ 2018-05-25T22:56:28+08:00 ][ info ] [ HEADER ] array (
)
[ 2018-05-25T22:56:28+08:00 ][ info ] [ PARAM ] array (
  'a' => '1',
)
[ 2018-05-25T22:56:29+08:00 ][ info ] [ LANG ] /var/www/swoole-live/thinkphp/lang/zh-cn.php
[ 2018-05-25T22:56:29+08:00 ][ info ] [ ROUTE ] array (
)
[ 2018-05-25T22:56:29+08:00 ][ info ] [ HEADER ] array (
)
[ 2018-05-25T22:56:29+08:00 ][ info ] [ PARAM ] array (
  'a' => '1',
)
[ 2018-05-25T22:56:57+08:00 ][ info ] [ LANG ] /var/www/swoole-live/thinkphp/lang/zh-cn.php
[ 2018-05-25T22:56:57+08:00 ][ info ] [ ROUTE ] array (
)
[ 2018-05-25T22:56:57+08:00 ][ info ] [ HEADER ] array (
)
[ 2018-05-25T22:56:57+08:00 ][ info ] [ PARAM ] array (
  'a' => '1',
)
[ 2018-05-25T22:56:57+08:00 ][ info ] [ LANG ] /var/www/swoole-live/thinkphp/lang/zh-cn.php
[ 2018-05-25T22:56:57+08:00 ][ info ] [ ROUTE ] array (
)
[ 2018-05-25T22:56:57+08:00 ][ info ] [ HEADER ] array (
)
[ 2018-05-25T22:56:57+08:00 ][ info ] [ PARAM ] array (
  'a' => '1',
)
[ 2018-05-25T22:57:06+08:00 ][ info ] [ LANG ] /var/www/swoole-live/thinkphp/lang/zh-cn.php
[ 2018-05-25T22:57:06+08:00 ][ info ] [ ROUTE ] array (
)
[ 2018-05-25T22:57:06+08:00 ][ info ] [ HEADER ] array (
)
[ 2018-05-25T22:57:06+08:00 ][ info ] [ PARAM ] array (
  'a' => '1',
)
[ 2018-05-25T22:57:06+08:00 ][ info ] [ LANG ] /var/www/swoole-live/thinkphp/lang/zh-cn.php
[ 2018-05-25T22:57:06+08:00 ][ info ] [ ROUTE ] array (
)
[ 2018-05-25T22:57:06+08:00 ][ info ] [ HEADER ] array (
)
[ 2018-05-25T22:57:06+08:00 ][ info ] [ PARAM ] array (
  'a' => '1',
)
[ 2018-05-25T22:58:44+08:00 ][ info ] [ LANG ] /var/www/swoole-live/thinkphp/lang/zh-cn.php
[ info ] [ LOG ] INIT File
[ 2018-05-25T22:58:44+08:00 ][ info ] [ ROUTE ] array (
)
[ 2018-05-25T22:58:44+08:00 ][ info ] [ HEADER ] array (
)
[ 2018-05-25T22:58:44+08:00 ][ info ] [ PARAM ] array (
)
[ 2018-05-25T22:58:44+08:00 ][ info ] [ LANG ] /var/www/swoole-live/thinkphp/lang/zh-cn.php
[ 2018-05-25T22:58:44+08:00 ][ info ] [ ROUTE ] array (
)
[ 2018-05-25T22:58:44+08:00 ][ info ] [ HEADER ] array (
)
[ 2018-05-25T22:58:44+08:00 ][ info ] [ PARAM ] array (
)
[ 2018-05-25T23:18:26+08:00 ][ info ] [ LANG ] /var/www/swoole-live/thinkphp/lang/zh-cn.php
[ info ] [ LOG ] INIT File
[ 2018-05-25T23:18:26+08:00 ][ info ] [ ROUTE ] array (
)
[ 2018-05-25T23:18:26+08:00 ][ info ] [ HEADER ] array (
)
[ 2018-05-25T23:18:26+08:00 ][ info ] [ PARAM ] array (
)
[ 2018-05-25T23:18:26+08:00 ][ info ] [ LANG ] /var/www/swoole-live/thinkphp/lang/zh-cn.php
[ 2018-05-25T23:18:26+08:00 ][ info ] [ ROUTE ] array (
)
[ 2018-05-25T23:18:26+08:00 ][ info ] [ HEADER ] array (
)
[ 2018-05-25T23:18:26+08:00 ][ info ] [ PARAM ] array (
)
[ 2018-05-25T23:39:22+08:00 ][ info ] [ LANG ] /var/www/swoole-live/thinkphp/lang/zh-cn.php
[ info ] [ LOG ] INIT File
[ 2018-05-25T23:39:22+08:00 ][ info ] [ ROUTE ] array (
)
[ 2018-05-25T23:39:22+08:00 ][ info ] [ HEADER ] array (
)
[ 2018-05-25T23:39:22+08:00 ][ info ] [ PARAM ] array (
)
[ 2018-05-25T23:39:22+08:00 ][ info ] [ LANG ] /var/www/swoole-live/thinkphp/lang/zh-cn.php
[ 2018-05-25T23:39:22+08:00 ][ info ] [ ROUTE ] array (
)
[ 2018-05-25T23:39:22+08:00 ][ info ] [ HEADER ] array (
)
[ 2018-05-25T23:39:22+08:00 ][ info ] [ PARAM ] array (
)
[ 2018-05-25T23:39:23+08:00 ][ info ] [ LANG ] /var/www/swoole-live/thinkphp/lang/zh-cn.php
[ 2018-05-25T23:39:23+08:00 ][ info ] [ ROUTE ] array (
)
[ 2018-05-25T23:39:23+08:00 ][ info ] [ HEADER ] array (
)
[ 2018-05-25T23:39:23+08:00 ][ info ] [ PARAM ] array (
  's' => 'index/index/index',
)
[ 2018-05-25T23:39:23+08:00 ][ info ] [ LANG ] /var/www/swoole-live/thinkphp/lang/zh-cn.php
[ 2018-05-25T23:39:23+08:00 ][ info ] [ ROUTE ] array (
)
[ 2018-05-25T23:39:23+08:00 ][ info ] [ HEADER ] array (
)
[ 2018-05-25T23:39:23+08:00 ][ info ] [ PARAM ] array (
  's' => 'index/index/index',
)
