[ 2018-05-29T08:53:09+08:00 ][ info ] [ LANG ] /var/www/html/swoole-live/thinkphp/lang/zh-cn.php
[ 2018-05-29T08:53:09+08:00 ][ info ] [ ROUTE ] array (
)
[ 2018-05-29T08:53:09+08:00 ][ info ] [ HEADER ] array (
)
[ 2018-05-29T08:53:09+08:00 ][ info ] [ PARAM ] array (
  's' => 'index/index/index',
)
[ 2018-05-29T08:53:10+08:00 ][ info ] [ LANG ] /var/www/html/swoole-live/thinkphp/lang/zh-cn.php
[ 2018-05-29T08:53:10+08:00 ][ info ] [ ROUTE ] array (
)
[ 2018-05-29T08:53:10+08:00 ][ info ] [ HEADER ] array (
)
[ 2018-05-29T08:53:10+08:00 ][ info ] [ PARAM ] array (
  's' => 'index/index/index',
)
[ 2018-05-29T11:30:34+08:00 ][ info ] [ LANG ] /var/www/html/swoole-live/thinkphp/lang/zh-cn.php
[ 2018-05-29T11:30:34+08:00 ][ info ] [ ROUTE ] array (
)
[ 2018-05-29T11:30:34+08:00 ][ info ] [ HEADER ] array (
)
[ 2018-05-29T11:30:34+08:00 ][ info ] [ PARAM ] array (
  's' => 'index/index/index',
)
[ 2018-05-29T16:10:11+08:00 ][ info ] [ LANG ] /var/www/html/swoole-live/thinkphp/lang/zh-cn.php
[ info ] [ LOG ] INIT File
[ 2018-05-29T16:10:11+08:00 ][ info ] [ ROUTE ] array (
)
[ 2018-05-29T16:10:11+08:00 ][ info ] [ HEADER ] array (
)
[ 2018-05-29T16:10:11+08:00 ][ info ] [ PARAM ] array (
)
[ 2018-05-29T16:10:11+08:00 ][ info ] [ LANG ] /var/www/html/swoole-live/thinkphp/lang/zh-cn.php
[ 2018-05-29T16:10:11+08:00 ][ info ] [ ROUTE ] array (
)
[ 2018-05-29T16:10:11+08:00 ][ info ] [ HEADER ] array (
)
[ 2018-05-29T16:10:11+08:00 ][ info ] [ PARAM ] array (
)
[ 2018-05-29T16:10:20+08:00 ][ info ] [ LANG ] /var/www/html/swoole-live/thinkphp/lang/zh-cn.php
[ 2018-05-29T16:10:20+08:00 ][ info ] [ ROUTE ] array (
)
[ 2018-05-29T16:10:20+08:00 ][ info ] [ HEADER ] array (
)
[ 2018-05-29T16:10:20+08:00 ][ info ] [ PARAM ] array (
)
[ 2018-05-29T16:10:21+08:00 ][ info ] [ LANG ] /var/www/html/swoole-live/thinkphp/lang/zh-cn.php
[ 2018-05-29T16:10:21+08:00 ][ info ] [ ROUTE ] array (
)
[ 2018-05-29T16:10:21+08:00 ][ info ] [ HEADER ] array (
)
[ 2018-05-29T16:10:21+08:00 ][ info ] [ PARAM ] array (
)
[ 2018-05-29T16:13:07+08:00 ][ info ] [ LANG ] /var/www/html/swoole-live/thinkphp/lang/zh-cn.php
[ 2018-05-29T16:13:07+08:00 ][ info ] [ ROUTE ] array (
)
[ 2018-05-29T16:13:07+08:00 ][ info ] [ HEADER ] array (
)
[ 2018-05-29T16:13:07+08:00 ][ info ] [ PARAM ] array (
)
[ 2018-05-29T16:13:07+08:00 ][ info ] [ LANG ] /var/www/html/swoole-live/thinkphp/lang/zh-cn.php
[ 2018-05-29T16:13:07+08:00 ][ info ] [ ROUTE ] array (
)
[ 2018-05-29T16:13:07+08:00 ][ info ] [ HEADER ] array (
)
[ 2018-05-29T16:13:07+08:00 ][ info ] [ PARAM ] array (
)
[ 2018-05-29T16:13:09+08:00 ][ info ] [ LANG ] /var/www/html/swoole-live/thinkphp/lang/zh-cn.php
[ 2018-05-29T16:13:09+08:00 ][ info ] [ ROUTE ] array (
)
[ 2018-05-29T16:13:09+08:00 ][ info ] [ HEADER ] array (
)
[ 2018-05-29T16:13:09+08:00 ][ info ] [ PARAM ] array (
)
[ 2018-05-29T16:13:09+08:00 ][ info ] [ LANG ] /var/www/html/swoole-live/thinkphp/lang/zh-cn.php
[ 2018-05-29T16:13:09+08:00 ][ info ] [ ROUTE ] array (
)
[ 2018-05-29T16:13:09+08:00 ][ info ] [ HEADER ] array (
)
[ 2018-05-29T16:13:09+08:00 ][ info ] [ PARAM ] array (
)
[ 2018-05-29T16:13:11+08:00 ][ info ] [ LANG ] /var/www/html/swoole-live/thinkphp/lang/zh-cn.php
[ 2018-05-29T16:13:11+08:00 ][ info ] [ ROUTE ] array (
)
[ 2018-05-29T16:13:11+08:00 ][ info ] [ HEADER ] array (
)
[ 2018-05-29T16:13:11+08:00 ][ info ] [ PARAM ] array (
)
[ 2018-05-29T16:13:11+08:00 ][ info ] [ LANG ] /var/www/html/swoole-live/thinkphp/lang/zh-cn.php
[ 2018-05-29T16:13:11+08:00 ][ info ] [ ROUTE ] array (
)
[ 2018-05-29T16:13:11+08:00 ][ info ] [ HEADER ] array (
)
[ 2018-05-29T16:13:11+08:00 ][ info ] [ PARAM ] array (
)
[ 2018-05-29T16:13:27+08:00 ][ info ] [ LANG ] /var/www/html/swoole-live/thinkphp/lang/zh-cn.php
[ 2018-05-29T16:13:27+08:00 ][ info ] [ ROUTE ] array (
)
[ 2018-05-29T16:13:27+08:00 ][ info ] [ HEADER ] array (
)
[ 2018-05-29T16:13:27+08:00 ][ info ] [ PARAM ] array (
  's' => 'index/index/sms',
)
[ 2018-05-29T16:13:27+08:00 ][ info ] [ LANG ] /var/www/html/swoole-live/thinkphp/lang/zh-cn.php
[ 2018-05-29T16:13:27+08:00 ][ info ] [ ROUTE ] array (
)
[ 2018-05-29T16:13:27+08:00 ][ info ] [ HEADER ] array (
)
[ 2018-05-29T16:13:27+08:00 ][ info ] [ PARAM ] array (
  's' => 'index/index/sms',
)
[ 2018-05-29T16:13:39+08:00 ][ info ] [ LANG ] /var/www/html/swoole-live/thinkphp/lang/zh-cn.php
[ 2018-05-29T16:13:39+08:00 ][ info ] [ ROUTE ] array (
)
[ 2018-05-29T16:13:39+08:00 ][ info ] [ HEADER ] array (
)
[ 2018-05-29T16:13:39+08:00 ][ info ] [ PARAM ] array (
  's' => 'index/index/sms',
)
[ 2018-05-29T16:13:39+08:00 ][ info ] [ LANG ] /var/www/html/swoole-live/thinkphp/lang/zh-cn.php
[ 2018-05-29T16:13:39+08:00 ][ info ] [ ROUTE ] array (
)
[ 2018-05-29T16:13:39+08:00 ][ info ] [ HEADER ] array (
)
[ 2018-05-29T16:13:39+08:00 ][ info ] [ PARAM ] array (
  's' => 'index/index/sms',
)
[ 2018-05-29T16:13:55+08:00 ][ info ] [ LANG ] /var/www/html/swoole-live/thinkphp/lang/zh-cn.php
[ 2018-05-29T16:13:55+08:00 ][ info ] [ ROUTE ] array (
)
[ 2018-05-29T16:13:55+08:00 ][ info ] [ HEADER ] array (
)
[ 2018-05-29T16:13:55+08:00 ][ info ] [ PARAM ] array (
  's' => 'index/index/sms',
)
[ 2018-05-29T16:13:55+08:00 ][ info ] [ LANG ] /var/www/html/swoole-live/thinkphp/lang/zh-cn.php
[ 2018-05-29T16:13:55+08:00 ][ info ] [ ROUTE ] array (
)
[ 2018-05-29T16:13:55+08:00 ][ info ] [ HEADER ] array (
)
[ 2018-05-29T16:13:55+08:00 ][ info ] [ PARAM ] array (
  's' => 'index/index/sms',
)
[ 2018-05-29T16:14:02+08:00 ][ info ] [ LANG ] /var/www/html/swoole-live/thinkphp/lang/zh-cn.php
[ 2018-05-29T16:14:02+08:00 ][ info ] [ ROUTE ] array (
)
[ 2018-05-29T16:14:02+08:00 ][ info ] [ HEADER ] array (
)
[ 2018-05-29T16:14:02+08:00 ][ info ] [ PARAM ] array (
  's' => 'index/index/sms',
)
[ 2018-05-29T16:14:03+08:00 ][ info ] [ LANG ] /var/www/html/swoole-live/thinkphp/lang/zh-cn.php
[ 2018-05-29T16:14:03+08:00 ][ info ] [ ROUTE ] array (
)
[ 2018-05-29T16:14:03+08:00 ][ info ] [ HEADER ] array (
)
[ 2018-05-29T16:14:03+08:00 ][ info ] [ PARAM ] array (
  's' => 'index/index/sms',
)
[ 2018-05-29T16:14:08+08:00 ][ info ] [ LANG ] /var/www/html/swoole-live/thinkphp/lang/zh-cn.php
[ 2018-05-29T16:14:08+08:00 ][ info ] [ ROUTE ] array (
)
[ 2018-05-29T16:14:08+08:00 ][ info ] [ HEADER ] array (
)
[ 2018-05-29T16:14:08+08:00 ][ info ] [ PARAM ] array (
  's' => 'index/index/sms',
)
[ 2018-05-29T16:14:08+08:00 ][ info ] [ LANG ] /var/www/html/swoole-live/thinkphp/lang/zh-cn.php
[ 2018-05-29T16:14:08+08:00 ][ info ] [ ROUTE ] array (
)
[ 2018-05-29T16:14:08+08:00 ][ info ] [ HEADER ] array (
)
[ 2018-05-29T16:14:08+08:00 ][ info ] [ PARAM ] array (
  's' => 'index/index/sms',
)
[ 2018-05-29T16:14:13+08:00 ][ info ] [ LANG ] /var/www/html/swoole-live/thinkphp/lang/zh-cn.php
[ 2018-05-29T16:14:13+08:00 ][ info ] [ ROUTE ] array (
)
[ 2018-05-29T16:14:13+08:00 ][ info ] [ HEADER ] array (
)
[ 2018-05-29T16:14:13+08:00 ][ info ] [ PARAM ] array (
  's' => 'index/index/sms',
)
[ 2018-05-29T16:14:13+08:00 ][ info ] [ LANG ] /var/www/html/swoole-live/thinkphp/lang/zh-cn.php
[ 2018-05-29T16:14:13+08:00 ][ info ] [ ROUTE ] array (
)
[ 2018-05-29T16:14:13+08:00 ][ info ] [ HEADER ] array (
)
[ 2018-05-29T16:14:13+08:00 ][ info ] [ PARAM ] array (
  's' => 'index/index/sms',
)
[ 2018-05-29T16:14:14+08:00 ][ info ] [ LANG ] /var/www/html/swoole-live/thinkphp/lang/zh-cn.php
[ 2018-05-29T16:14:14+08:00 ][ info ] [ ROUTE ] array (
)
[ 2018-05-29T16:14:14+08:00 ][ info ] [ HEADER ] array (
)
[ 2018-05-29T16:14:14+08:00 ][ info ] [ PARAM ] array (
  's' => 'index/index/sms',
)
[ 2018-05-29T16:14:14+08:00 ][ info ] [ LANG ] /var/www/html/swoole-live/thinkphp/lang/zh-cn.php
[ 2018-05-29T16:14:14+08:00 ][ info ] [ ROUTE ] array (
)
[ 2018-05-29T16:14:14+08:00 ][ info ] [ HEADER ] array (
)
[ 2018-05-29T16:14:14+08:00 ][ info ] [ PARAM ] array (
  's' => 'index/index/sms',
)
[ 2018-05-29T16:14:15+08:00 ][ info ] [ LANG ] /var/www/html/swoole-live/thinkphp/lang/zh-cn.php
[ 2018-05-29T16:14:15+08:00 ][ info ] [ ROUTE ] array (
)
[ 2018-05-29T16:14:15+08:00 ][ info ] [ HEADER ] array (
)
[ 2018-05-29T16:14:15+08:00 ][ info ] [ PARAM ] array (
  's' => 'index/index/sms',
)
[ 2018-05-29T16:14:15+08:00 ][ info ] [ LANG ] /var/www/html/swoole-live/thinkphp/lang/zh-cn.php
[ 2018-05-29T16:14:15+08:00 ][ info ] [ ROUTE ] array (
)
[ 2018-05-29T16:14:15+08:00 ][ info ] [ HEADER ] array (
)
[ 2018-05-29T16:14:15+08:00 ][ info ] [ PARAM ] array (
  's' => 'index/index/sms',
)
[ 2018-05-29T16:14:15+08:00 ][ info ] [ LANG ] /var/www/html/swoole-live/thinkphp/lang/zh-cn.php
[ 2018-05-29T16:14:15+08:00 ][ info ] [ ROUTE ] array (
)
[ 2018-05-29T16:14:15+08:00 ][ info ] [ HEADER ] array (
)
[ 2018-05-29T16:14:15+08:00 ][ info ] [ PARAM ] array (
  's' => 'index/index/sms',
)
[ 2018-05-29T16:14:15+08:00 ][ info ] [ LANG ] /var/www/html/swoole-live/thinkphp/lang/zh-cn.php
[ 2018-05-29T16:14:15+08:00 ][ info ] [ ROUTE ] array (
)
[ 2018-05-29T16:14:15+08:00 ][ info ] [ HEADER ] array (
)
[ 2018-05-29T16:14:15+08:00 ][ info ] [ PARAM ] array (
  's' => 'index/index/sms',
)
[ 2018-05-29T16:15:15+08:00 ][ info ] [ LANG ] /var/www/html/swoole-live/thinkphp/lang/zh-cn.php
[ 2018-05-29T16:15:15+08:00 ][ info ] [ ROUTE ] array (
)
[ 2018-05-29T16:15:15+08:00 ][ info ] [ HEADER ] array (
)
[ 2018-05-29T16:15:15+08:00 ][ info ] [ PARAM ] array (
  's' => 'index/index/sms',
)
[ 2018-05-29T16:15:15+08:00 ][ info ] [ LANG ] /var/www/html/swoole-live/thinkphp/lang/zh-cn.php
[ 2018-05-29T16:15:15+08:00 ][ info ] [ ROUTE ] array (
)
[ 2018-05-29T16:15:15+08:00 ][ info ] [ HEADER ] array (
)
[ 2018-05-29T16:15:15+08:00 ][ info ] [ PARAM ] array (
  's' => 'index/index/sms',
)
[ 2018-05-29T16:15:20+08:00 ][ info ] [ LANG ] /var/www/html/swoole-live/thinkphp/lang/zh-cn.php
[ 2018-05-29T16:15:20+08:00 ][ info ] [ ROUTE ] array (
)
[ 2018-05-29T16:15:20+08:00 ][ info ] [ HEADER ] array (
)
[ 2018-05-29T16:15:20+08:00 ][ info ] [ PARAM ] array (
  's' => 'index/index/sms',
)
[ 2018-05-29T16:15:20+08:00 ][ info ] [ LANG ] /var/www/html/swoole-live/thinkphp/lang/zh-cn.php
[ 2018-05-29T16:15:20+08:00 ][ info ] [ ROUTE ] array (
)
[ 2018-05-29T16:15:20+08:00 ][ info ] [ HEADER ] array (
)
[ 2018-05-29T16:15:20+08:00 ][ info ] [ PARAM ] array (
  's' => 'index/index/sms',
)
[ 2018-05-29T16:15:24+08:00 ][ info ] [ LANG ] /var/www/html/swoole-live/thinkphp/lang/zh-cn.php
[ 2018-05-29T16:15:24+08:00 ][ info ] [ ROUTE ] array (
)
[ 2018-05-29T16:15:24+08:00 ][ info ] [ HEADER ] array (
)
[ 2018-05-29T16:15:24+08:00 ][ info ] [ PARAM ] array (
  's' => 'index/index/sms',
)
[ 2018-05-29T16:15:24+08:00 ][ info ] [ LANG ] /var/www/html/swoole-live/thinkphp/lang/zh-cn.php
[ 2018-05-29T16:15:24+08:00 ][ info ] [ ROUTE ] array (
)
[ 2018-05-29T16:15:24+08:00 ][ info ] [ HEADER ] array (
)
[ 2018-05-29T16:15:24+08:00 ][ info ] [ PARAM ] array (
  's' => 'index/index/sms',
)
[ 2018-05-29T16:15:25+08:00 ][ info ] [ LANG ] /var/www/html/swoole-live/thinkphp/lang/zh-cn.php
[ 2018-05-29T16:15:25+08:00 ][ info ] [ ROUTE ] array (
)
[ 2018-05-29T16:15:25+08:00 ][ info ] [ HEADER ] array (
)
[ 2018-05-29T16:15:25+08:00 ][ info ] [ PARAM ] array (
  's' => 'index/index/sms',
)
[ 2018-05-29T16:15:25+08:00 ][ info ] [ LANG ] /var/www/html/swoole-live/thinkphp/lang/zh-cn.php
[ 2018-05-29T16:15:25+08:00 ][ info ] [ ROUTE ] array (
)
[ 2018-05-29T16:15:25+08:00 ][ info ] [ HEADER ] array (
)
[ 2018-05-29T16:15:25+08:00 ][ info ] [ PARAM ] array (
  's' => 'index/index/sms',
)
[ 2018-05-29T16:15:26+08:00 ][ info ] [ LANG ] /var/www/html/swoole-live/thinkphp/lang/zh-cn.php
[ 2018-05-29T16:15:26+08:00 ][ info ] [ ROUTE ] array (
)
[ 2018-05-29T16:15:26+08:00 ][ info ] [ HEADER ] array (
)
[ 2018-05-29T16:15:26+08:00 ][ info ] [ PARAM ] array (
  's' => 'index/index/sms',
)
[ 2018-05-29T16:15:26+08:00 ][ info ] [ LANG ] /var/www/html/swoole-live/thinkphp/lang/zh-cn.php
[ 2018-05-29T16:15:26+08:00 ][ info ] [ ROUTE ] array (
)
[ 2018-05-29T16:15:26+08:00 ][ info ] [ HEADER ] array (
)
[ 2018-05-29T16:15:26+08:00 ][ info ] [ PARAM ] array (
  's' => 'index/index/sms',
)
[ 2018-05-29T16:15:34+08:00 ][ info ] [ LANG ] /var/www/html/swoole-live/thinkphp/lang/zh-cn.php
[ 2018-05-29T16:15:34+08:00 ][ info ] [ ROUTE ] array (
)
[ 2018-05-29T16:15:34+08:00 ][ info ] [ HEADER ] array (
)
[ 2018-05-29T16:15:34+08:00 ][ info ] [ PARAM ] array (
  's' => 'index/index/sms',
)
[ 2018-05-29T16:15:34+08:00 ][ info ] [ LANG ] /var/www/html/swoole-live/thinkphp/lang/zh-cn.php
[ 2018-05-29T16:15:34+08:00 ][ info ] [ ROUTE ] array (
)
[ 2018-05-29T16:15:34+08:00 ][ info ] [ HEADER ] array (
)
[ 2018-05-29T16:15:34+08:00 ][ info ] [ PARAM ] array (
  's' => 'index/index/sms',
)
[ 2018-05-29T16:15:35+08:00 ][ info ] [ LANG ] /var/www/html/swoole-live/thinkphp/lang/zh-cn.php
[ 2018-05-29T16:15:35+08:00 ][ info ] [ ROUTE ] array (
)
[ 2018-05-29T16:15:35+08:00 ][ info ] [ HEADER ] array (
)
[ 2018-05-29T16:15:35+08:00 ][ info ] [ PARAM ] array (
  's' => 'index/index/sms',
)
[ 2018-05-29T16:15:35+08:00 ][ info ] [ LANG ] /var/www/html/swoole-live/thinkphp/lang/zh-cn.php
[ 2018-05-29T16:15:35+08:00 ][ info ] [ ROUTE ] array (
)
[ 2018-05-29T16:15:35+08:00 ][ info ] [ HEADER ] array (
)
[ 2018-05-29T16:15:35+08:00 ][ info ] [ PARAM ] array (
  's' => 'index/index/sms',
)
[ 2018-05-29T16:15:51+08:00 ][ info ] [ LANG ] /var/www/html/swoole-live/thinkphp/lang/zh-cn.php
[ 2018-05-29T16:15:51+08:00 ][ info ] [ ROUTE ] array (
)
[ 2018-05-29T16:15:51+08:00 ][ info ] [ HEADER ] array (
)
[ 2018-05-29T16:15:51+08:00 ][ info ] [ PARAM ] array (
  's' => 'index/index/sms',
)
[ 2018-05-29T16:15:51+08:00 ][ info ] [ LANG ] /var/www/html/swoole-live/thinkphp/lang/zh-cn.php
[ 2018-05-29T16:15:51+08:00 ][ info ] [ ROUTE ] array (
)
[ 2018-05-29T16:15:51+08:00 ][ info ] [ HEADER ] array (
)
[ 2018-05-29T16:15:51+08:00 ][ info ] [ PARAM ] array (
  's' => 'index/index/sms',
)
[ 2018-05-29T16:15:52+08:00 ][ info ] [ LANG ] /var/www/html/swoole-live/thinkphp/lang/zh-cn.php
[ 2018-05-29T16:15:52+08:00 ][ info ] [ ROUTE ] array (
)
[ 2018-05-29T16:15:52+08:00 ][ info ] [ HEADER ] array (
)
[ 2018-05-29T16:15:52+08:00 ][ info ] [ PARAM ] array (
  's' => 'index/index/sms',
)
[ 2018-05-29T16:15:52+08:00 ][ info ] [ LANG ] /var/www/html/swoole-live/thinkphp/lang/zh-cn.php
[ 2018-05-29T16:15:52+08:00 ][ info ] [ ROUTE ] array (
)
[ 2018-05-29T16:15:52+08:00 ][ info ] [ HEADER ] array (
)
[ 2018-05-29T16:15:52+08:00 ][ info ] [ PARAM ] array (
  's' => 'index/index/sms',
)
[ 2018-05-29T16:16:03+08:00 ][ info ] [ LANG ] /var/www/html/swoole-live/thinkphp/lang/zh-cn.php
[ 2018-05-29T16:16:03+08:00 ][ info ] [ ROUTE ] array (
)
[ 2018-05-29T16:16:03+08:00 ][ info ] [ HEADER ] array (
)
[ 2018-05-29T16:16:03+08:00 ][ info ] [ PARAM ] array (
  's' => 'index/index/sms',
)
[ 2018-05-29T16:16:03+08:00 ][ info ] [ LANG ] /var/www/html/swoole-live/thinkphp/lang/zh-cn.php
[ 2018-05-29T16:16:03+08:00 ][ info ] [ ROUTE ] array (
)
[ 2018-05-29T16:16:03+08:00 ][ info ] [ HEADER ] array (
)
[ 2018-05-29T16:16:03+08:00 ][ info ] [ PARAM ] array (
  's' => 'index/index/sms',
)
[ 2018-05-29T16:16:04+08:00 ][ info ] [ LANG ] /var/www/html/swoole-live/thinkphp/lang/zh-cn.php
[ 2018-05-29T16:16:04+08:00 ][ info ] [ ROUTE ] array (
)
[ 2018-05-29T16:16:04+08:00 ][ info ] [ HEADER ] array (
)
[ 2018-05-29T16:16:04+08:00 ][ info ] [ PARAM ] array (
  's' => 'index/index/sms',
)
[ 2018-05-29T16:16:04+08:00 ][ info ] [ LANG ] /var/www/html/swoole-live/thinkphp/lang/zh-cn.php
[ 2018-05-29T16:16:04+08:00 ][ info ] [ ROUTE ] array (
)
[ 2018-05-29T16:16:04+08:00 ][ info ] [ HEADER ] array (
)
[ 2018-05-29T16:16:04+08:00 ][ info ] [ PARAM ] array (
  's' => 'index/index/sms',
)
[ 2018-05-29T16:16:06+08:00 ][ info ] [ LANG ] /var/www/html/swoole-live/thinkphp/lang/zh-cn.php
[ 2018-05-29T16:16:06+08:00 ][ info ] [ ROUTE ] array (
)
[ 2018-05-29T16:16:06+08:00 ][ info ] [ HEADER ] array (
)
[ 2018-05-29T16:16:06+08:00 ][ info ] [ PARAM ] array (
  's' => 'index/index/sms',
)
[ 2018-05-29T16:16:06+08:00 ][ info ] [ LANG ] /var/www/html/swoole-live/thinkphp/lang/zh-cn.php
[ 2018-05-29T16:16:06+08:00 ][ info ] [ ROUTE ] array (
)
[ 2018-05-29T16:16:06+08:00 ][ info ] [ HEADER ] array (
)
[ 2018-05-29T16:16:06+08:00 ][ info ] [ PARAM ] array (
  's' => 'index/index/sms',
)
[ 2018-05-29T16:16:07+08:00 ][ info ] [ LANG ] /var/www/html/swoole-live/thinkphp/lang/zh-cn.php
[ 2018-05-29T16:16:07+08:00 ][ info ] [ ROUTE ] array (
)
[ 2018-05-29T16:16:07+08:00 ][ info ] [ HEADER ] array (
)
[ 2018-05-29T16:16:07+08:00 ][ info ] [ PARAM ] array (
  's' => 'index/index/sms',
)
[ 2018-05-29T16:16:07+08:00 ][ info ] [ LANG ] /var/www/html/swoole-live/thinkphp/lang/zh-cn.php
[ 2018-05-29T16:16:07+08:00 ][ info ] [ ROUTE ] array (
)
[ 2018-05-29T16:16:07+08:00 ][ info ] [ HEADER ] array (
)
[ 2018-05-29T16:16:07+08:00 ][ info ] [ PARAM ] array (
  's' => 'index/index/sms',
)
[ 2018-05-29T16:16:07+08:00 ][ info ] [ LANG ] /var/www/html/swoole-live/thinkphp/lang/zh-cn.php
[ 2018-05-29T16:16:07+08:00 ][ info ] [ ROUTE ] array (
)
[ 2018-05-29T16:16:07+08:00 ][ info ] [ HEADER ] array (
)
[ 2018-05-29T16:16:07+08:00 ][ info ] [ PARAM ] array (
  's' => 'index/index/sms',
)
[ 2018-05-29T16:16:08+08:00 ][ info ] [ LANG ] /var/www/html/swoole-live/thinkphp/lang/zh-cn.php
[ 2018-05-29T16:16:08+08:00 ][ info ] [ ROUTE ] array (
)
[ 2018-05-29T16:16:08+08:00 ][ info ] [ HEADER ] array (
)
[ 2018-05-29T16:16:08+08:00 ][ info ] [ PARAM ] array (
  's' => 'index/index/sms',
)
[ 2018-05-29T16:16:24+08:00 ][ info ] [ LANG ] /var/www/html/swoole-live/thinkphp/lang/zh-cn.php
[ 2018-05-29T16:16:24+08:00 ][ info ] [ ROUTE ] array (
)
[ 2018-05-29T16:16:24+08:00 ][ info ] [ HEADER ] array (
)
[ 2018-05-29T16:16:24+08:00 ][ info ] [ PARAM ] array (
  's' => 'index/index/sms',
)
[ 2018-05-29T16:16:25+08:00 ][ info ] [ LANG ] /var/www/html/swoole-live/thinkphp/lang/zh-cn.php
[ 2018-05-29T16:16:25+08:00 ][ info ] [ ROUTE ] array (
)
[ 2018-05-29T16:16:25+08:00 ][ info ] [ HEADER ] array (
)
[ 2018-05-29T16:16:25+08:00 ][ info ] [ PARAM ] array (
  's' => 'index/index/sms',
)
[ 2018-05-29T16:16:26+08:00 ][ info ] [ LANG ] /var/www/html/swoole-live/thinkphp/lang/zh-cn.php
[ 2018-05-29T16:16:26+08:00 ][ info ] [ ROUTE ] array (
)
[ 2018-05-29T16:16:26+08:00 ][ info ] [ HEADER ] array (
)
[ 2018-05-29T16:16:26+08:00 ][ info ] [ PARAM ] array (
  's' => 'index/index/sms',
)
[ 2018-05-29T16:16:26+08:00 ][ info ] [ LANG ] /var/www/html/swoole-live/thinkphp/lang/zh-cn.php
[ 2018-05-29T16:16:26+08:00 ][ info ] [ ROUTE ] array (
)
[ 2018-05-29T16:16:26+08:00 ][ info ] [ HEADER ] array (
)
[ 2018-05-29T16:16:26+08:00 ][ info ] [ PARAM ] array (
  's' => 'index/index/sms',
)
[ 2018-05-29T16:16:27+08:00 ][ info ] [ LANG ] /var/www/html/swoole-live/thinkphp/lang/zh-cn.php
[ 2018-05-29T16:16:27+08:00 ][ info ] [ ROUTE ] array (
)
[ 2018-05-29T16:16:27+08:00 ][ info ] [ HEADER ] array (
)
[ 2018-05-29T16:16:27+08:00 ][ info ] [ PARAM ] array (
  's' => 'index/index/sms',
)
[ 2018-05-29T16:16:27+08:00 ][ info ] [ LANG ] /var/www/html/swoole-live/thinkphp/lang/zh-cn.php
[ 2018-05-29T16:16:27+08:00 ][ info ] [ ROUTE ] array (
)
[ 2018-05-29T16:16:27+08:00 ][ info ] [ HEADER ] array (
)
[ 2018-05-29T16:16:27+08:00 ][ info ] [ PARAM ] array (
  's' => 'index/index/sms',
)
[ 2018-05-29T16:25:40+08:00 ][ info ] [ LANG ] /var/www/html/swoole-live/thinkphp/lang/zh-cn.php
[ 2018-05-29T16:25:40+08:00 ][ info ] [ ROUTE ] array (
)
[ 2018-05-29T16:25:40+08:00 ][ info ] [ HEADER ] array (
)
[ 2018-05-29T16:25:40+08:00 ][ info ] [ PARAM ] array (
  's' => 'index/index/sms',
)
[ 2018-05-29T16:25:41+08:00 ][ info ] [ LANG ] /var/www/html/swoole-live/thinkphp/lang/zh-cn.php
[ 2018-05-29T16:25:41+08:00 ][ info ] [ ROUTE ] array (
)
[ 2018-05-29T16:25:41+08:00 ][ info ] [ HEADER ] array (
)
[ 2018-05-29T16:25:41+08:00 ][ info ] [ PARAM ] array (
  's' => 'index/index/sms',
)
[ 2018-05-29T16:25:41+08:00 ][ info ] [ LANG ] /var/www/html/swoole-live/thinkphp/lang/zh-cn.php
[ 2018-05-29T16:25:41+08:00 ][ info ] [ ROUTE ] array (
)
[ 2018-05-29T16:25:41+08:00 ][ info ] [ HEADER ] array (
)
[ 2018-05-29T16:25:41+08:00 ][ info ] [ PARAM ] array (
  's' => 'index/index/sms',
)
[ 2018-05-29T16:25:41+08:00 ][ info ] [ LANG ] /var/www/html/swoole-live/thinkphp/lang/zh-cn.php
[ 2018-05-29T16:25:41+08:00 ][ info ] [ ROUTE ] array (
)
[ 2018-05-29T16:25:41+08:00 ][ info ] [ HEADER ] array (
)
[ 2018-05-29T16:25:41+08:00 ][ info ] [ PARAM ] array (
  's' => 'index/index/sms',
)
[ 2018-05-29T16:25:45+08:00 ][ info ] [ LANG ] /var/www/html/swoole-live/thinkphp/lang/zh-cn.php
[ 2018-05-29T16:25:45+08:00 ][ info ] [ ROUTE ] array (
)
[ 2018-05-29T16:25:45+08:00 ][ info ] [ HEADER ] array (
)
[ 2018-05-29T16:25:45+08:00 ][ info ] [ PARAM ] array (
  's' => 'index/index/sms',
)
[ 2018-05-29T16:25:45+08:00 ][ info ] [ LANG ] /var/www/html/swoole-live/thinkphp/lang/zh-cn.php
[ 2018-05-29T16:25:45+08:00 ][ info ] [ ROUTE ] array (
)
[ 2018-05-29T16:25:45+08:00 ][ info ] [ HEADER ] array (
)
[ 2018-05-29T16:25:45+08:00 ][ info ] [ PARAM ] array (
  's' => 'index/index/sms',
)
[ 2018-05-29T16:26:10+08:00 ][ info ] [ LANG ] /var/www/html/swoole-live/thinkphp/lang/zh-cn.php
[ 2018-05-29T16:26:10+08:00 ][ info ] [ ROUTE ] array (
)
[ 2018-05-29T16:26:10+08:00 ][ info ] [ HEADER ] array (
)
[ 2018-05-29T16:26:10+08:00 ][ info ] [ PARAM ] array (
  's' => 'index/index/sms',
)
[ 2018-05-29T16:26:11+08:00 ][ info ] [ LANG ] /var/www/html/swoole-live/thinkphp/lang/zh-cn.php
[ 2018-05-29T16:26:11+08:00 ][ info ] [ ROUTE ] array (
)
[ 2018-05-29T16:26:11+08:00 ][ info ] [ HEADER ] array (
)
[ 2018-05-29T16:26:11+08:00 ][ info ] [ PARAM ] array (
  's' => 'index/index/sms',
)
[ 2018-05-29T16:26:12+08:00 ][ info ] [ LANG ] /var/www/html/swoole-live/thinkphp/lang/zh-cn.php
[ 2018-05-29T16:26:12+08:00 ][ info ] [ ROUTE ] array (
)
[ 2018-05-29T16:26:12+08:00 ][ info ] [ HEADER ] array (
)
[ 2018-05-29T16:26:12+08:00 ][ info ] [ PARAM ] array (
  's' => 'index/index/sms',
)
[ 2018-05-29T16:26:12+08:00 ][ info ] [ LANG ] /var/www/html/swoole-live/thinkphp/lang/zh-cn.php
[ 2018-05-29T16:26:12+08:00 ][ info ] [ ROUTE ] array (
)
[ 2018-05-29T16:26:12+08:00 ][ info ] [ HEADER ] array (
)
[ 2018-05-29T16:26:12+08:00 ][ info ] [ PARAM ] array (
  's' => 'index/index/sms',
)
[ 2018-05-29T16:26:24+08:00 ][ info ] [ LANG ] /var/www/html/swoole-live/thinkphp/lang/zh-cn.php
[ 2018-05-29T16:26:24+08:00 ][ info ] [ ROUTE ] array (
)
[ 2018-05-29T16:26:24+08:00 ][ info ] [ HEADER ] array (
)
[ 2018-05-29T16:26:24+08:00 ][ info ] [ PARAM ] array (
  's' => 'index/index/sms',
)
[ 2018-05-29T16:26:24+08:00 ][ info ] [ LANG ] /var/www/html/swoole-live/thinkphp/lang/zh-cn.php
[ 2018-05-29T16:26:24+08:00 ][ info ] [ ROUTE ] array (
)
[ 2018-05-29T16:26:24+08:00 ][ info ] [ HEADER ] array (
)
[ 2018-05-29T16:26:24+08:00 ][ info ] [ PARAM ] array (
  's' => 'index/index/sms',
)
[ 2018-05-29T16:26:40+08:00 ][ info ] [ LANG ] /var/www/html/swoole-live/thinkphp/lang/zh-cn.php
[ 2018-05-29T16:26:40+08:00 ][ info ] [ ROUTE ] array (
)
[ 2018-05-29T16:26:40+08:00 ][ info ] [ HEADER ] array (
)
[ 2018-05-29T16:26:40+08:00 ][ info ] [ PARAM ] array (
  's' => 'index/index/sms',
)
[ 2018-05-29T16:26:40+08:00 ][ info ] [ LANG ] /var/www/html/swoole-live/thinkphp/lang/zh-cn.php
[ 2018-05-29T16:26:40+08:00 ][ info ] [ ROUTE ] array (
)
[ 2018-05-29T16:26:40+08:00 ][ info ] [ HEADER ] array (
)
[ 2018-05-29T16:26:40+08:00 ][ info ] [ PARAM ] array (
  's' => 'index/index/sms',
)
[ 2018-05-29T16:26:42+08:00 ][ info ] [ LANG ] /var/www/html/swoole-live/thinkphp/lang/zh-cn.php
[ 2018-05-29T16:26:42+08:00 ][ info ] [ ROUTE ] array (
)
[ 2018-05-29T16:26:42+08:00 ][ info ] [ HEADER ] array (
)
[ 2018-05-29T16:26:42+08:00 ][ info ] [ PARAM ] array (
  's' => 'index/index/sms',
)
[ 2018-05-29T16:26:42+08:00 ][ info ] [ LANG ] /var/www/html/swoole-live/thinkphp/lang/zh-cn.php
[ 2018-05-29T16:26:42+08:00 ][ info ] [ ROUTE ] array (
)
[ 2018-05-29T16:26:42+08:00 ][ info ] [ HEADER ] array (
)
[ 2018-05-29T16:26:42+08:00 ][ info ] [ PARAM ] array (
  's' => 'index/index/sms',
)
[ 2018-05-29T16:27:49+08:00 ][ info ] [ LANG ] /var/www/html/swoole-live/thinkphp/lang/zh-cn.php
[ 2018-05-29T16:27:49+08:00 ][ info ] [ ROUTE ] array (
)
[ 2018-05-29T16:27:49+08:00 ][ info ] [ HEADER ] array (
)
[ 2018-05-29T16:27:49+08:00 ][ info ] [ PARAM ] array (
  's' => 'index/index/sms',
)
[ 2018-05-29T16:27:49+08:00 ][ info ] [ LANG ] /var/www/html/swoole-live/thinkphp/lang/zh-cn.php
[ 2018-05-29T16:27:49+08:00 ][ info ] [ ROUTE ] array (
)
[ 2018-05-29T16:27:49+08:00 ][ info ] [ HEADER ] array (
)
[ 2018-05-29T16:27:49+08:00 ][ info ] [ PARAM ] array (
  's' => 'index/index/sms',
)
[ 2018-05-29T16:27:49+08:00 ][ info ] [ LANG ] /var/www/html/swoole-live/thinkphp/lang/zh-cn.php
[ 2018-05-29T16:27:49+08:00 ][ info ] [ ROUTE ] array (
)
[ 2018-05-29T16:27:49+08:00 ][ info ] [ HEADER ] array (
)
[ 2018-05-29T16:27:49+08:00 ][ info ] [ PARAM ] array (
  's' => 'index/index/sms',
)
[ 2018-05-29T16:27:50+08:00 ][ info ] [ LANG ] /var/www/html/swoole-live/thinkphp/lang/zh-cn.php
[ 2018-05-29T16:27:50+08:00 ][ info ] [ ROUTE ] array (
)
[ 2018-05-29T16:27:50+08:00 ][ info ] [ HEADER ] array (
)
[ 2018-05-29T16:27:50+08:00 ][ info ] [ PARAM ] array (
  's' => 'index/index/sms',
)
[ 2018-05-29T16:27:50+08:00 ][ info ] [ LANG ] /var/www/html/swoole-live/thinkphp/lang/zh-cn.php
[ 2018-05-29T16:27:50+08:00 ][ info ] [ ROUTE ] array (
)
[ 2018-05-29T16:27:50+08:00 ][ info ] [ HEADER ] array (
)
[ 2018-05-29T16:27:50+08:00 ][ info ] [ PARAM ] array (
  's' => 'index/index/sms',
)
[ 2018-05-29T16:27:50+08:00 ][ info ] [ LANG ] /var/www/html/swoole-live/thinkphp/lang/zh-cn.php
[ 2018-05-29T16:27:50+08:00 ][ info ] [ ROUTE ] array (
)
[ 2018-05-29T16:27:50+08:00 ][ info ] [ HEADER ] array (
)
[ 2018-05-29T16:27:50+08:00 ][ info ] [ PARAM ] array (
  's' => 'index/index/sms',
)
[ 2018-05-29T16:27:50+08:00 ][ info ] [ LANG ] /var/www/html/swoole-live/thinkphp/lang/zh-cn.php
[ 2018-05-29T16:27:50+08:00 ][ info ] [ ROUTE ] array (
)
[ 2018-05-29T16:27:50+08:00 ][ info ] [ HEADER ] array (
)
[ 2018-05-29T16:27:50+08:00 ][ info ] [ PARAM ] array (
  's' => 'index/index/sms',
)
[ 2018-05-29T16:27:50+08:00 ][ info ] [ LANG ] /var/www/html/swoole-live/thinkphp/lang/zh-cn.php
[ 2018-05-29T16:27:50+08:00 ][ info ] [ ROUTE ] array (
)
[ 2018-05-29T16:27:50+08:00 ][ info ] [ HEADER ] array (
)
[ 2018-05-29T16:27:50+08:00 ][ info ] [ PARAM ] array (
  's' => 'index/index/sms',
)
[ 2018-05-29T16:27:54+08:00 ][ info ] [ LANG ] /var/www/html/swoole-live/thinkphp/lang/zh-cn.php
[ info ] [ LOG ] INIT File
[ 2018-05-29T16:27:54+08:00 ][ info ] [ ROUTE ] array (
)
[ 2018-05-29T16:27:54+08:00 ][ info ] [ HEADER ] array (
)
[ 2018-05-29T16:27:54+08:00 ][ info ] [ PARAM ] array (
)
[ 2018-05-29T16:27:54+08:00 ][ info ] [ LANG ] /var/www/html/swoole-live/thinkphp/lang/zh-cn.php
[ 2018-05-29T16:27:54+08:00 ][ info ] [ ROUTE ] array (
)
[ 2018-05-29T16:27:54+08:00 ][ info ] [ HEADER ] array (
)
[ 2018-05-29T16:27:54+08:00 ][ info ] [ PARAM ] array (
)
[ 2018-05-29T16:27:55+08:00 ][ info ] [ LANG ] /var/www/html/swoole-live/thinkphp/lang/zh-cn.php
[ 2018-05-29T16:27:55+08:00 ][ info ] [ ROUTE ] array (
)
[ 2018-05-29T16:27:55+08:00 ][ info ] [ HEADER ] array (
)
[ 2018-05-29T16:27:55+08:00 ][ info ] [ PARAM ] array (
)
[ 2018-05-29T16:27:55+08:00 ][ info ] [ LANG ] /var/www/html/swoole-live/thinkphp/lang/zh-cn.php
[ 2018-05-29T16:27:55+08:00 ][ info ] [ ROUTE ] array (
)
[ 2018-05-29T16:27:55+08:00 ][ info ] [ HEADER ] array (
)
[ 2018-05-29T16:27:55+08:00 ][ info ] [ PARAM ] array (
)
[ 2018-05-29T16:27:57+08:00 ][ info ] [ LANG ] /var/www/html/swoole-live/thinkphp/lang/zh-cn.php
[ 2018-05-29T16:27:57+08:00 ][ info ] [ ROUTE ] array (
)
[ 2018-05-29T16:27:57+08:00 ][ info ] [ HEADER ] array (
)
[ 2018-05-29T16:27:57+08:00 ][ info ] [ PARAM ] array (
)
[ 2018-05-29T16:27:57+08:00 ][ info ] [ LANG ] /var/www/html/swoole-live/thinkphp/lang/zh-cn.php
[ 2018-05-29T16:27:57+08:00 ][ info ] [ ROUTE ] array (
)
[ 2018-05-29T16:27:57+08:00 ][ info ] [ HEADER ] array (
)
[ 2018-05-29T16:27:57+08:00 ][ info ] [ PARAM ] array (
)
[ 2018-05-29T16:27:59+08:00 ][ info ] [ LANG ] /var/www/html/swoole-live/thinkphp/lang/zh-cn.php
[ 2018-05-29T16:27:59+08:00 ][ info ] [ ROUTE ] array (
)
[ 2018-05-29T16:27:59+08:00 ][ info ] [ HEADER ] array (
)
[ 2018-05-29T16:27:59+08:00 ][ info ] [ PARAM ] array (
)
[ 2018-05-29T16:27:59+08:00 ][ info ] [ LANG ] /var/www/html/swoole-live/thinkphp/lang/zh-cn.php
[ 2018-05-29T16:27:59+08:00 ][ info ] [ ROUTE ] array (
)
[ 2018-05-29T16:27:59+08:00 ][ info ] [ HEADER ] array (
)
[ 2018-05-29T16:27:59+08:00 ][ info ] [ PARAM ] array (
)
[ 2018-05-29T16:28:03+08:00 ][ info ] [ LANG ] /var/www/html/swoole-live/thinkphp/lang/zh-cn.php
[ 2018-05-29T16:28:03+08:00 ][ info ] [ ROUTE ] array (
)
[ 2018-05-29T16:28:03+08:00 ][ info ] [ HEADER ] array (
)
[ 2018-05-29T16:28:03+08:00 ][ info ] [ PARAM ] array (
)
[ 2018-05-29T16:28:03+08:00 ][ info ] [ LANG ] /var/www/html/swoole-live/thinkphp/lang/zh-cn.php
[ 2018-05-29T16:28:03+08:00 ][ info ] [ ROUTE ] array (
)
[ 2018-05-29T16:28:03+08:00 ][ info ] [ HEADER ] array (
)
[ 2018-05-29T16:28:03+08:00 ][ info ] [ PARAM ] array (
)
[ 2018-05-29T16:28:06+08:00 ][ info ] [ LANG ] /var/www/html/swoole-live/thinkphp/lang/zh-cn.php
[ 2018-05-29T16:28:06+08:00 ][ info ] [ ROUTE ] array (
)
[ 2018-05-29T16:28:06+08:00 ][ info ] [ HEADER ] array (
)
[ 2018-05-29T16:28:06+08:00 ][ info ] [ PARAM ] array (
)
[ 2018-05-29T16:28:06+08:00 ][ info ] [ LANG ] /var/www/html/swoole-live/thinkphp/lang/zh-cn.php
[ 2018-05-29T16:28:06+08:00 ][ info ] [ ROUTE ] array (
)
[ 2018-05-29T16:28:06+08:00 ][ info ] [ HEADER ] array (
)
[ 2018-05-29T16:28:06+08:00 ][ info ] [ PARAM ] array (
)
[ 2018-05-29T16:29:54+08:00 ][ info ] [ LANG ] /var/www/html/swoole-live/thinkphp/lang/zh-cn.php
[ info ] [ LOG ] INIT File
[ 2018-05-29T16:29:54+08:00 ][ info ] [ ROUTE ] array (
)
[ 2018-05-29T16:29:54+08:00 ][ info ] [ HEADER ] array (
)
[ 2018-05-29T16:29:54+08:00 ][ info ] [ PARAM ] array (
)
[ 2018-05-29T16:29:55+08:00 ][ info ] [ LANG ] /var/www/html/swoole-live/thinkphp/lang/zh-cn.php
[ 2018-05-29T16:29:55+08:00 ][ info ] [ ROUTE ] array (
)
[ 2018-05-29T16:29:55+08:00 ][ info ] [ HEADER ] array (
)
[ 2018-05-29T16:29:55+08:00 ][ info ] [ PARAM ] array (
)
[ 2018-05-29T16:30:11+08:00 ][ info ] [ LANG ] /var/www/html/swoole-live/thinkphp/lang/zh-cn.php
[ 2018-05-29T16:30:11+08:00 ][ info ] [ ROUTE ] array (
)
[ 2018-05-29T16:30:11+08:00 ][ info ] [ HEADER ] array (
)
[ 2018-05-29T16:30:11+08:00 ][ info ] [ PARAM ] array (
)
[ 2018-05-29T16:30:11+08:00 ][ info ] [ LANG ] /var/www/html/swoole-live/thinkphp/lang/zh-cn.php
[ 2018-05-29T16:30:11+08:00 ][ info ] [ ROUTE ] array (
)
[ 2018-05-29T16:30:11+08:00 ][ info ] [ HEADER ] array (
)
[ 2018-05-29T16:30:11+08:00 ][ info ] [ PARAM ] array (
)
[ 2018-05-29T16:32:46+08:00 ][ info ] [ LANG ] /var/www/html/swoole-live/thinkphp/lang/zh-cn.php
[ 2018-05-29T16:32:46+08:00 ][ info ] [ ROUTE ] array (
)
[ 2018-05-29T16:32:46+08:00 ][ info ] [ HEADER ] array (
)
[ 2018-05-29T16:32:46+08:00 ][ info ] [ PARAM ] array (
)
[ 2018-05-29T16:32:46+08:00 ][ info ] [ LANG ] /var/www/html/swoole-live/thinkphp/lang/zh-cn.php
[ 2018-05-29T16:32:46+08:00 ][ info ] [ ROUTE ] array (
)
[ 2018-05-29T16:32:46+08:00 ][ info ] [ HEADER ] array (
)
[ 2018-05-29T16:32:46+08:00 ][ info ] [ PARAM ] array (
)
[ 2018-05-29T16:32:47+08:00 ][ info ] [ LANG ] /var/www/html/swoole-live/thinkphp/lang/zh-cn.php
[ 2018-05-29T16:32:47+08:00 ][ info ] [ ROUTE ] array (
)
[ 2018-05-29T16:32:47+08:00 ][ info ] [ HEADER ] array (
)
[ 2018-05-29T16:32:47+08:00 ][ info ] [ PARAM ] array (
)
[ 2018-05-29T16:32:47+08:00 ][ info ] [ LANG ] /var/www/html/swoole-live/thinkphp/lang/zh-cn.php
[ 2018-05-29T16:32:47+08:00 ][ info ] [ ROUTE ] array (
)
[ 2018-05-29T16:32:47+08:00 ][ info ] [ HEADER ] array (
)
[ 2018-05-29T16:32:47+08:00 ][ info ] [ PARAM ] array (
)
[ 2018-05-29T16:32:47+08:00 ][ info ] [ LANG ] /var/www/html/swoole-live/thinkphp/lang/zh-cn.php
[ 2018-05-29T16:32:47+08:00 ][ info ] [ ROUTE ] array (
)
[ 2018-05-29T16:32:47+08:00 ][ info ] [ HEADER ] array (
)
[ 2018-05-29T16:32:47+08:00 ][ info ] [ PARAM ] array (
)
[ 2018-05-29T16:32:47+08:00 ][ info ] [ LANG ] /var/www/html/swoole-live/thinkphp/lang/zh-cn.php
[ 2018-05-29T16:32:47+08:00 ][ info ] [ ROUTE ] array (
)
[ 2018-05-29T16:32:47+08:00 ][ info ] [ HEADER ] array (
)
[ 2018-05-29T16:32:47+08:00 ][ info ] [ PARAM ] array (
)
[ 2018-05-29T16:36:56+08:00 ][ info ] [ LANG ] /var/www/html/swoole-live/thinkphp/lang/zh-cn.php
[ info ] [ LOG ] INIT File
[ 2018-05-29T16:36:56+08:00 ][ info ] [ ROUTE ] array (
)
[ 2018-05-29T16:36:56+08:00 ][ info ] [ HEADER ] array (
)
[ 2018-05-29T16:36:56+08:00 ][ info ] [ PARAM ] array (
)
[ 2018-05-29T16:36:56+08:00 ][ info ] [ LANG ] /var/www/html/swoole-live/thinkphp/lang/zh-cn.php
[ 2018-05-29T16:36:56+08:00 ][ info ] [ ROUTE ] array (
)
[ 2018-05-29T16:36:56+08:00 ][ info ] [ HEADER ] array (
)
[ 2018-05-29T16:36:56+08:00 ][ info ] [ PARAM ] array (
)
[ 2018-05-29T16:37:00+08:00 ][ info ] [ LANG ] /var/www/html/swoole-live/thinkphp/lang/zh-cn.php
[ 2018-05-29T16:37:00+08:00 ][ info ] [ ROUTE ] array (
)
[ 2018-05-29T16:37:00+08:00 ][ info ] [ HEADER ] array (
)
[ 2018-05-29T16:37:00+08:00 ][ info ] [ PARAM ] array (
)
[ 2018-05-29T16:37:00+08:00 ][ info ] [ LANG ] /var/www/html/swoole-live/thinkphp/lang/zh-cn.php
[ 2018-05-29T16:37:00+08:00 ][ info ] [ ROUTE ] array (
)
[ 2018-05-29T16:37:00+08:00 ][ info ] [ HEADER ] array (
)
[ 2018-05-29T16:37:00+08:00 ][ info ] [ PARAM ] array (
)
[ 2018-05-29T16:37:00+08:00 ][ info ] [ LANG ] /var/www/html/swoole-live/thinkphp/lang/zh-cn.php
[ 2018-05-29T16:37:00+08:00 ][ info ] [ ROUTE ] array (
)
[ 2018-05-29T16:37:00+08:00 ][ info ] [ HEADER ] array (
)
[ 2018-05-29T16:37:00+08:00 ][ info ] [ PARAM ] array (
)
[ 2018-05-29T16:37:01+08:00 ][ info ] [ LANG ] /var/www/html/swoole-live/thinkphp/lang/zh-cn.php
[ 2018-05-29T16:37:01+08:00 ][ info ] [ ROUTE ] array (
)
[ 2018-05-29T16:37:01+08:00 ][ info ] [ HEADER ] array (
)
[ 2018-05-29T16:37:01+08:00 ][ info ] [ PARAM ] array (
)
[ 2018-05-29T16:37:01+08:00 ][ info ] [ LANG ] /var/www/html/swoole-live/thinkphp/lang/zh-cn.php
[ 2018-05-29T16:37:01+08:00 ][ info ] [ ROUTE ] array (
)
[ 2018-05-29T16:37:01+08:00 ][ info ] [ HEADER ] array (
)
[ 2018-05-29T16:37:01+08:00 ][ info ] [ PARAM ] array (
)
[ 2018-05-29T16:37:01+08:00 ][ info ] [ LANG ] /var/www/html/swoole-live/thinkphp/lang/zh-cn.php
[ 2018-05-29T16:37:01+08:00 ][ info ] [ ROUTE ] array (
)
[ 2018-05-29T16:37:01+08:00 ][ info ] [ HEADER ] array (
)
[ 2018-05-29T16:37:01+08:00 ][ info ] [ PARAM ] array (
)
[ 2018-05-29T16:43:53+08:00 ][ info ] [ LANG ] /var/www/html/swoole-live/thinkphp/lang/zh-cn.php
[ info ] [ LOG ] INIT File
[ 2018-05-29T16:43:53+08:00 ][ info ] [ ROUTE ] array (
)
[ 2018-05-29T16:43:53+08:00 ][ info ] [ HEADER ] array (
)
[ 2018-05-29T16:43:53+08:00 ][ info ] [ PARAM ] array (
)
[ 2018-05-29T16:43:53+08:00 ][ info ] [ LANG ] /var/www/html/swoole-live/thinkphp/lang/zh-cn.php
[ 2018-05-29T16:43:53+08:00 ][ info ] [ ROUTE ] array (
)
[ 2018-05-29T16:43:53+08:00 ][ info ] [ HEADER ] array (
)
[ 2018-05-29T16:43:53+08:00 ][ info ] [ PARAM ] array (
)
[ 2018-05-29T16:43:58+08:00 ][ info ] [ LANG ] /var/www/html/swoole-live/thinkphp/lang/zh-cn.php
[ 2018-05-29T16:43:58+08:00 ][ info ] [ ROUTE ] array (
)
[ 2018-05-29T16:43:58+08:00 ][ info ] [ HEADER ] array (
)
[ 2018-05-29T16:43:58+08:00 ][ info ] [ PARAM ] array (
)
[ 2018-05-29T16:43:58+08:00 ][ info ] [ LANG ] /var/www/html/swoole-live/thinkphp/lang/zh-cn.php
[ 2018-05-29T16:43:58+08:00 ][ info ] [ ROUTE ] array (
)
[ 2018-05-29T16:43:58+08:00 ][ info ] [ HEADER ] array (
)
[ 2018-05-29T16:43:58+08:00 ][ info ] [ PARAM ] array (
)
[ 2018-05-29T16:44:01+08:00 ][ info ] [ LANG ] /var/www/html/swoole-live/thinkphp/lang/zh-cn.php
[ 2018-05-29T16:44:01+08:00 ][ info ] [ ROUTE ] array (
)
[ 2018-05-29T16:44:01+08:00 ][ info ] [ HEADER ] array (
)
[ 2018-05-29T16:44:01+08:00 ][ info ] [ PARAM ] array (
)
[ 2018-05-29T16:44:01+08:00 ][ info ] [ LANG ] /var/www/html/swoole-live/thinkphp/lang/zh-cn.php
[ 2018-05-29T16:44:01+08:00 ][ info ] [ ROUTE ] array (
)
[ 2018-05-29T16:44:01+08:00 ][ info ] [ HEADER ] array (
)
[ 2018-05-29T16:44:01+08:00 ][ info ] [ PARAM ] array (
)
[ 2018-05-29T16:46:09+08:00 ][ info ] [ LANG ] /var/www/html/swoole-live/thinkphp/lang/zh-cn.php
[ info ] [ LOG ] INIT File
[ 2018-05-29T16:46:09+08:00 ][ info ] [ ROUTE ] array (
)
[ 2018-05-29T16:46:09+08:00 ][ info ] [ HEADER ] array (
)
[ 2018-05-29T16:46:09+08:00 ][ info ] [ PARAM ] array (
)
[ 2018-05-29T16:46:09+08:00 ][ info ] [ LANG ] /var/www/html/swoole-live/thinkphp/lang/zh-cn.php
[ 2018-05-29T16:46:09+08:00 ][ info ] [ ROUTE ] array (
)
[ 2018-05-29T16:46:09+08:00 ][ info ] [ HEADER ] array (
)
[ 2018-05-29T16:46:09+08:00 ][ info ] [ PARAM ] array (
)
[ 2018-05-29T16:46:41+08:00 ][ info ] [ LANG ] /var/www/html/swoole-live/thinkphp/lang/zh-cn.php
[ info ] [ LOG ] INIT File
[ 2018-05-29T16:46:41+08:00 ][ info ] [ ROUTE ] array (
)
[ 2018-05-29T16:46:41+08:00 ][ info ] [ HEADER ] array (
)
[ 2018-05-29T16:46:41+08:00 ][ info ] [ PARAM ] array (
)
[ 2018-05-29T16:46:41+08:00 ][ info ] [ LANG ] /var/www/html/swoole-live/thinkphp/lang/zh-cn.php
[ 2018-05-29T16:46:41+08:00 ][ info ] [ ROUTE ] array (
)
[ 2018-05-29T16:46:41+08:00 ][ info ] [ HEADER ] array (
)
[ 2018-05-29T16:46:41+08:00 ][ info ] [ PARAM ] array (
)
[ 2018-05-29T16:46:42+08:00 ][ info ] [ LANG ] /var/www/html/swoole-live/thinkphp/lang/zh-cn.php
[ 2018-05-29T16:46:42+08:00 ][ info ] [ ROUTE ] array (
)
[ 2018-05-29T16:46:42+08:00 ][ info ] [ HEADER ] array (
)
[ 2018-05-29T16:46:42+08:00 ][ info ] [ PARAM ] array (
)
[ 2018-05-29T16:46:42+08:00 ][ info ] [ LANG ] /var/www/html/swoole-live/thinkphp/lang/zh-cn.php
[ 2018-05-29T16:46:42+08:00 ][ info ] [ ROUTE ] array (
)
[ 2018-05-29T16:46:42+08:00 ][ info ] [ HEADER ] array (
)
[ 2018-05-29T16:46:42+08:00 ][ info ] [ PARAM ] array (
)
[ 2018-05-29T16:46:43+08:00 ][ info ] [ LANG ] /var/www/html/swoole-live/thinkphp/lang/zh-cn.php
[ 2018-05-29T16:46:43+08:00 ][ info ] [ ROUTE ] array (
)
[ 2018-05-29T16:46:43+08:00 ][ info ] [ HEADER ] array (
)
[ 2018-05-29T16:46:43+08:00 ][ info ] [ PARAM ] array (
)
[ 2018-05-29T16:46:43+08:00 ][ info ] [ LANG ] /var/www/html/swoole-live/thinkphp/lang/zh-cn.php
[ 2018-05-29T16:46:43+08:00 ][ info ] [ ROUTE ] array (
)
[ 2018-05-29T16:46:43+08:00 ][ info ] [ HEADER ] array (
)
[ 2018-05-29T16:46:43+08:00 ][ info ] [ PARAM ] array (
)
[ 2018-05-29T16:46:43+08:00 ][ info ] [ LANG ] /var/www/html/swoole-live/thinkphp/lang/zh-cn.php
[ 2018-05-29T16:46:43+08:00 ][ info ] [ ROUTE ] array (
)
[ 2018-05-29T16:46:43+08:00 ][ info ] [ HEADER ] array (
)
[ 2018-05-29T16:46:43+08:00 ][ info ] [ PARAM ] array (
)
[ 2018-05-29T16:46:43+08:00 ][ info ] [ LANG ] /var/www/html/swoole-live/thinkphp/lang/zh-cn.php
[ 2018-05-29T16:46:43+08:00 ][ info ] [ ROUTE ] array (
)
[ 2018-05-29T16:46:43+08:00 ][ info ] [ HEADER ] array (
)
[ 2018-05-29T16:46:43+08:00 ][ info ] [ PARAM ] array (
)
[ 2018-05-29T16:46:44+08:00 ][ info ] [ LANG ] /var/www/html/swoole-live/thinkphp/lang/zh-cn.php
[ 2018-05-29T16:46:44+08:00 ][ info ] [ ROUTE ] array (
)
[ 2018-05-29T16:46:44+08:00 ][ info ] [ HEADER ] array (
)
[ 2018-05-29T16:46:44+08:00 ][ info ] [ PARAM ] array (
)
[ 2018-05-29T16:46:44+08:00 ][ info ] [ LANG ] /var/www/html/swoole-live/thinkphp/lang/zh-cn.php
[ 2018-05-29T16:46:44+08:00 ][ info ] [ ROUTE ] array (
)
[ 2018-05-29T16:46:44+08:00 ][ info ] [ HEADER ] array (
)
[ 2018-05-29T16:46:44+08:00 ][ info ] [ PARAM ] array (
)
[ 2018-05-29T16:46:46+08:00 ][ info ] [ LANG ] /var/www/html/swoole-live/thinkphp/lang/zh-cn.php
[ 2018-05-29T16:46:46+08:00 ][ info ] [ ROUTE ] array (
)
[ 2018-05-29T16:46:46+08:00 ][ info ] [ HEADER ] array (
)
[ 2018-05-29T16:46:46+08:00 ][ info ] [ PARAM ] array (
)
[ 2018-05-29T16:46:46+08:00 ][ info ] [ LANG ] /var/www/html/swoole-live/thinkphp/lang/zh-cn.php
[ 2018-05-29T16:46:46+08:00 ][ info ] [ ROUTE ] array (
)
[ 2018-05-29T16:46:46+08:00 ][ info ] [ HEADER ] array (
)
[ 2018-05-29T16:46:46+08:00 ][ info ] [ PARAM ] array (
)
[ 2018-05-29T16:47:31+08:00 ][ info ] [ LANG ] /var/www/html/swoole-live/thinkphp/lang/zh-cn.php
[ 2018-05-29T16:47:31+08:00 ][ info ] [ ROUTE ] array (
)
[ 2018-05-29T16:47:31+08:00 ][ info ] [ HEADER ] array (
)
[ 2018-05-29T16:47:31+08:00 ][ info ] [ PARAM ] array (
)
[ 2018-05-29T16:47:31+08:00 ][ info ] [ LANG ] /var/www/html/swoole-live/thinkphp/lang/zh-cn.php
[ 2018-05-29T16:47:31+08:00 ][ info ] [ ROUTE ] array (
)
[ 2018-05-29T16:47:31+08:00 ][ info ] [ HEADER ] array (
)
[ 2018-05-29T16:47:31+08:00 ][ info ] [ PARAM ] array (
)
[ 2018-05-29T16:47:38+08:00 ][ info ] [ LANG ] /var/www/html/swoole-live/thinkphp/lang/zh-cn.php
[ 2018-05-29T16:47:38+08:00 ][ info ] [ ROUTE ] array (
)
[ 2018-05-29T16:47:38+08:00 ][ info ] [ HEADER ] array (
)
[ 2018-05-29T16:47:38+08:00 ][ info ] [ PARAM ] array (
)
[ 2018-05-29T16:47:39+08:00 ][ info ] [ LANG ] /var/www/html/swoole-live/thinkphp/lang/zh-cn.php
[ 2018-05-29T16:47:39+08:00 ][ info ] [ ROUTE ] array (
)
[ 2018-05-29T16:47:39+08:00 ][ info ] [ HEADER ] array (
)
[ 2018-05-29T16:47:39+08:00 ][ info ] [ PARAM ] array (
)
[ 2018-05-29T16:47:42+08:00 ][ info ] [ LANG ] /var/www/html/swoole-live/thinkphp/lang/zh-cn.php
[ 2018-05-29T16:47:42+08:00 ][ info ] [ ROUTE ] array (
)
[ 2018-05-29T16:47:42+08:00 ][ info ] [ HEADER ] array (
)
[ 2018-05-29T16:47:42+08:00 ][ info ] [ PARAM ] array (
)
[ 2018-05-29T16:47:58+08:00 ][ info ] [ LANG ] /var/www/html/swoole-live/thinkphp/lang/zh-cn.php
[ 2018-05-29T16:47:58+08:00 ][ info ] [ ROUTE ] array (
)
[ 2018-05-29T16:47:58+08:00 ][ info ] [ HEADER ] array (
)
[ 2018-05-29T16:47:58+08:00 ][ info ] [ PARAM ] array (
)
[ 2018-05-29T16:47:58+08:00 ][ error ] [1]Uncaught Error: Call to undefined function Aliyun\Core\Http\curl_init() in /var/www/html/swoole-live/extend/ali/lib/Core/Http/HttpHelper.php:13
Stack trace:
#0 /var/www/html/swoole-live/extend/ali/lib/Core/DefaultAcsClient.php(60): Aliyun\Core\Http\HttpHelper::curl('http://dysmsapi...', 'POST', Array, Array)
#1 /var/www/html/swoole-live/extend/ali/lib/Core/DefaultAcsClient.php(22): Aliyun\Core\DefaultAcsClient->doActionImpl(Object(Aliyun\Api\Sms\Request\V20170525\SendSmsRequest), Object(Aliyun\Core\Auth\ShaHmac1Signer), Object(Aliyun\Core\Auth\Credential), true, 3)
#2 /var/www/html/swoole-live/application/common/lib/ali/Sms.php(99): Aliyun\Core\DefaultAcsClient->getAcsResponse(Object(Aliyun\Api\Sms\Request\V20170525\SendSmsRequest))
#3 /var/www/html/swoole-live/application/index/controller/Index.php(20): app\common\lib\ali\Sms::sendSms(15606073818, 1234)
#4 [internal function]: app\index\controller\Index->sms()
#5 /var/www/html/swoole-live/thinkphp/library/think/Container.php(186): ReflectionMethod->invokeArgs(Object(app\index\controller\[/var/www/html/swoole-live/extend/ali/lib/Core/Http/HttpHelper.php:13]
[ 2018-05-29T16:52:16+08:00 ][ info ] [ LANG ] /var/www/html/swoole-live/thinkphp/lang/zh-cn.php
[ info ] [ LOG ] INIT File
[ 2018-05-29T16:52:16+08:00 ][ info ] [ ROUTE ] array (
)
[ 2018-05-29T16:52:16+08:00 ][ info ] [ HEADER ] array (
)
[ 2018-05-29T16:52:16+08:00 ][ info ] [ PARAM ] array (
)
[ 2018-05-29T16:52:16+08:00 ][ error ] [1]Uncaught Error: Call to undefined function Aliyun\Core\Http\curl_init() in /var/www/html/swoole-live/extend/ali/lib/Core/Http/HttpHelper.php:13
Stack trace:
#0 /var/www/html/swoole-live/extend/ali/lib/Core/DefaultAcsClient.php(60): Aliyun\Core\Http\HttpHelper::curl('http://dysmsapi...', 'POST', Array, Array)
#1 /var/www/html/swoole-live/extend/ali/lib/Core/DefaultAcsClient.php(22): Aliyun\Core\DefaultAcsClient->doActionImpl(Object(Aliyun\Api\Sms\Request\V20170525\SendSmsRequest), Object(Aliyun\Core\Auth\ShaHmac1Signer), Object(Aliyun\Core\Auth\Credential), true, 3)
#2 /var/www/html/swoole-live/application/common/lib/ali/Sms.php(99): Aliyun\Core\DefaultAcsClient->getAcsResponse(Object(Aliyun\Api\Sms\Request\V20170525\SendSmsRequest))
#3 /var/www/html/swoole-live/application/index/controller/Index.php(20): app\common\lib\ali\Sms::sendSms(15606073818, 1234)
#4 [internal function]: app\index\controller\Index->sms()
#5 /var/www/html/swoole-live/thinkphp/library/think/Container.php(186): ReflectionMethod->invokeArgs(Object(app\index\controller\[/var/www/html/swoole-live/extend/ali/lib/Core/Http/HttpHelper.php:13]
[ 2018-05-29T16:53:06+08:00 ][ info ] [ LANG ] /var/www/html/swoole-live/thinkphp/lang/zh-cn.php
[ info ] [ LOG ] INIT File
[ 2018-05-29T16:53:06+08:00 ][ info ] [ ROUTE ] array (
)
[ 2018-05-29T16:53:06+08:00 ][ info ] [ HEADER ] array (
)
[ 2018-05-29T16:53:06+08:00 ][ info ] [ PARAM ] array (
)
[ 2018-05-29T16:53:06+08:00 ][ info ] [ LANG ] /var/www/html/swoole-live/thinkphp/lang/zh-cn.php
[ 2018-05-29T16:53:06+08:00 ][ info ] [ ROUTE ] array (
)
[ 2018-05-29T16:53:06+08:00 ][ info ] [ HEADER ] array (
)
[ 2018-05-29T16:53:06+08:00 ][ info ] [ PARAM ] array (
)
[ 2018-05-29T16:57:31+08:00 ][ info ] [ LANG ] /var/www/html/swoole-live/thinkphp/lang/zh-cn.php
[ info ] [ LOG ] INIT File
[ 2018-05-29T16:57:31+08:00 ][ info ] [ ROUTE ] array (
)
[ 2018-05-29T16:57:31+08:00 ][ info ] [ HEADER ] array (
)
[ 2018-05-29T16:57:31+08:00 ][ info ] [ PARAM ] array (
)
[ 2018-05-29T16:57:31+08:00 ][ info ] [ LANG ] /var/www/html/swoole-live/thinkphp/lang/zh-cn.php
[ 2018-05-29T16:57:31+08:00 ][ info ] [ ROUTE ] array (
)
[ 2018-05-29T16:57:31+08:00 ][ info ] [ HEADER ] array (
)
[ 2018-05-29T16:57:31+08:00 ][ info ] [ PARAM ] array (
)
[ 2018-05-29T16:57:35+08:00 ][ info ] [ LANG ] /var/www/html/swoole-live/thinkphp/lang/zh-cn.php
[ 2018-05-29T16:57:35+08:00 ][ info ] [ ROUTE ] array (
)
[ 2018-05-29T16:57:35+08:00 ][ info ] [ HEADER ] array (
)
[ 2018-05-29T16:57:35+08:00 ][ info ] [ PARAM ] array (
)
[ 2018-05-29T16:57:35+08:00 ][ info ] [ LANG ] /var/www/html/swoole-live/thinkphp/lang/zh-cn.php
[ 2018-05-29T16:57:35+08:00 ][ info ] [ ROUTE ] array (
)
[ 2018-05-29T16:57:35+08:00 ][ info ] [ HEADER ] array (
)
[ 2018-05-29T16:57:35+08:00 ][ info ] [ PARAM ] array (
)
[ 2018-05-29T16:57:42+08:00 ][ info ] [ LANG ] /var/www/html/swoole-live/thinkphp/lang/zh-cn.php
[ 2018-05-29T16:57:42+08:00 ][ info ] [ ROUTE ] array (
)
[ 2018-05-29T16:57:42+08:00 ][ info ] [ HEADER ] array (
)
[ 2018-05-29T16:57:42+08:00 ][ info ] [ PARAM ] array (
)
[ 2018-05-29T16:57:42+08:00 ][ error ] [1]Uncaught Error: Call to undefined function Aliyun\Core\Http\curl_init() in /var/www/html/swoole-live/extend/ali/lib/Core/Http/HttpHelper.php:13
Stack trace:
#0 /var/www/html/swoole-live/extend/ali/lib/Core/DefaultAcsClient.php(60): Aliyun\Core\Http\HttpHelper::curl('http://dysmsapi...', 'POST', Array, Array)
#1 /var/www/html/swoole-live/extend/ali/lib/Core/DefaultAcsClient.php(22): Aliyun\Core\DefaultAcsClient->doActionImpl(Object(Aliyun\Api\Sms\Request\V20170525\SendSmsRequest), Object(Aliyun\Core\Auth\ShaHmac1Signer), Object(Aliyun\Core\Auth\Credential), true, 3)
#2 /var/www/html/swoole-live/application/common/lib/ali/Sms.php(99): Aliyun\Core\DefaultAcsClient->getAcsResponse(Object(Aliyun\Api\Sms\Request\V20170525\SendSmsRequest))
#3 /var/www/html/swoole-live/application/index/controller/Index.php(20): app\common\lib\ali\Sms::sendSms(15606073818, 1234)
#4 [internal function]: app\index\controller\Index->sms()
#5 /var/www/html/swoole-live/thinkphp/library/think/Container.php(186): ReflectionMethod->invokeArgs(Object(app\index\controller\[/var/www/html/swoole-live/extend/ali/lib/Core/Http/HttpHelper.php:13]
[ 2018-05-29T16:58:07+08:00 ][ info ] [ LANG ] /var/www/html/swoole-live/thinkphp/lang/zh-cn.php
[ info ] [ LOG ] INIT File
[ 2018-05-29T16:58:07+08:00 ][ info ] [ ROUTE ] array (
)
[ 2018-05-29T16:58:07+08:00 ][ info ] [ HEADER ] array (
)
[ 2018-05-29T16:58:07+08:00 ][ info ] [ PARAM ] array (
)
[ 2018-05-29T16:58:07+08:00 ][ error ] [1]Uncaught Error: Call to undefined function Aliyun\Core\Http\curl_init() in /var/www/html/swoole-live/extend/ali/lib/Core/Http/HttpHelper.php:13
Stack trace:
#0 /var/www/html/swoole-live/extend/ali/lib/Core/DefaultAcsClient.php(60): Aliyun\Core\Http\HttpHelper::curl('http://dysmsapi...', 'POST', Array, Array)
#1 /var/www/html/swoole-live/extend/ali/lib/Core/DefaultAcsClient.php(22): Aliyun\Core\DefaultAcsClient->doActionImpl(Object(Aliyun\Api\Sms\Request\V20170525\SendSmsRequest), Object(Aliyun\Core\Auth\ShaHmac1Signer), Object(Aliyun\Core\Auth\Credential), true, 3)
#2 /var/www/html/swoole-live/application/common/lib/ali/Sms.php(99): Aliyun\Core\DefaultAcsClient->getAcsResponse(Object(Aliyun\Api\Sms\Request\V20170525\SendSmsRequest))
#3 /var/www/html/swoole-live/application/index/controller/Index.php(20): app\common\lib\ali\Sms::sendSms(15606073818, 1234)
#4 [internal function]: app\index\controller\Index->sms()
#5 /var/www/html/swoole-live/thinkphp/library/think/Container.php(186): ReflectionMethod->invokeArgs(Object(app\index\controller\[/var/www/html/swoole-live/extend/ali/lib/Core/Http/HttpHelper.php:13]
[ 2018-05-29T16:59:05+08:00 ][ info ] [ LANG ] /var/www/html/swoole-live/thinkphp/lang/zh-cn.php
[ info ] [ LOG ] INIT File
[ 2018-05-29T16:59:05+08:00 ][ info ] [ ROUTE ] array (
)
[ 2018-05-29T16:59:05+08:00 ][ info ] [ HEADER ] array (
)
[ 2018-05-29T16:59:05+08:00 ][ info ] [ PARAM ] array (
)
[ 2018-05-29T16:59:05+08:00 ][ error ] [1]Uncaught Error: Call to undefined function Aliyun\Core\Http\curl_init() in /var/www/html/swoole-live/extend/ali/lib/Core/Http/HttpHelper.php:13
Stack trace:
#0 /var/www/html/swoole-live/extend/ali/lib/Core/DefaultAcsClient.php(60): Aliyun\Core\Http\HttpHelper::curl('http://dysmsapi...', 'POST', Array, Array)
#1 /var/www/html/swoole-live/extend/ali/lib/Core/DefaultAcsClient.php(22): Aliyun\Core\DefaultAcsClient->doActionImpl(Object(Aliyun\Api\Sms\Request\V20170525\SendSmsRequest), Object(Aliyun\Core\Auth\ShaHmac1Signer), Object(Aliyun\Core\Auth\Credential), true, 3)
#2 /var/www/html/swoole-live/application/common/lib/ali/Sms.php(99): Aliyun\Core\DefaultAcsClient->getAcsResponse(Object(Aliyun\Api\Sms\Request\V20170525\SendSmsRequest))
#3 /var/www/html/swoole-live/application/index/controller/Index.php(20): app\common\lib\ali\Sms::sendSms(15606073818, 1234)
#4 [internal function]: app\index\controller\Index->sms()
#5 /var/www/html/swoole-live/thinkphp/library/think/Container.php(186): ReflectionMethod->invokeArgs(Object(app\index\controller\[/var/www/html/swoole-live/extend/ali/lib/Core/Http/HttpHelper.php:13]
[ 2018-05-29T17:07:22+08:00 ][ info ] [ LANG ] /var/www/html/swoole-live/thinkphp/lang/zh-cn.php
[ info ] [ LOG ] INIT File
[ 2018-05-29T17:07:22+08:00 ][ info ] [ ROUTE ] array (
)
[ 2018-05-29T17:07:22+08:00 ][ info ] [ HEADER ] array (
)
[ 2018-05-29T17:07:22+08:00 ][ info ] [ PARAM ] array (
)
[ 2018-05-29T17:07:23+08:00 ][ info ] [ LANG ] /var/www/html/swoole-live/thinkphp/lang/zh-cn.php
[ 2018-05-29T17:07:23+08:00 ][ info ] [ ROUTE ] array (
)
[ 2018-05-29T17:07:23+08:00 ][ info ] [ HEADER ] array (
)
[ 2018-05-29T17:07:23+08:00 ][ info ] [ PARAM ] array (
)
[ 2018-05-29T17:07:23+08:00 ][ error ] [1]Uncaught Error: Call to undefined function Aliyun\Core\Http\curl_init() in /var/www/html/swoole-live/extend/ali/lib/Core/Http/HttpHelper.php:13
Stack trace:
#0 /var/www/html/swoole-live/extend/ali/lib/Core/DefaultAcsClient.php(60): Aliyun\Core\Http\HttpHelper::curl('http://dysmsapi...', 'POST', Array, Array)
#1 /var/www/html/swoole-live/extend/ali/lib/Core/DefaultAcsClient.php(22): Aliyun\Core\DefaultAcsClient->doActionImpl(Object(Aliyun\Api\Sms\Request\V20170525\SendSmsRequest), Object(Aliyun\Core\Auth\ShaHmac1Signer), Object(Aliyun\Core\Auth\Credential), true, 3)
#2 /var/www/html/swoole-live/application/common/lib/ali/Sms.php(99): Aliyun\Core\DefaultAcsClient->getAcsResponse(Object(Aliyun\Api\Sms\Request\V20170525\SendSmsRequest))
#3 /var/www/html/swoole-live/application/index/controller/Index.php(20): app\common\lib\ali\Sms::sendSms(15606073818, 1234)
#4 [internal function]: app\index\controller\Index->sms()
#5 /var/www/html/swoole-live/thinkphp/library/think/Container.php(186): ReflectionMethod->invokeArgs(Object(app\index\controller\[/var/www/html/swoole-live/extend/ali/lib/Core/Http/HttpHelper.php:13]
[ 2018-05-29T17:10:35+08:00 ][ info ] [ LANG ] /var/www/html/swoole-live/thinkphp/lang/zh-cn.php
[ info ] [ LOG ] INIT File
[ 2018-05-29T17:10:35+08:00 ][ info ] [ ROUTE ] array (
)
[ 2018-05-29T17:10:35+08:00 ][ info ] [ HEADER ] array (
)
[ 2018-05-29T17:10:35+08:00 ][ info ] [ PARAM ] array (
)
[ 2018-05-29T17:10:36+08:00 ][ info ] [ LANG ] /var/www/html/swoole-live/thinkphp/lang/zh-cn.php
[ 2018-05-29T17:10:36+08:00 ][ info ] [ ROUTE ] array (
)
[ 2018-05-29T17:10:36+08:00 ][ info ] [ HEADER ] array (
)
[ 2018-05-29T17:10:36+08:00 ][ info ] [ PARAM ] array (
)
[ 2018-05-29T17:11:26+08:00 ][ info ] [ LANG ] /var/www/html/swoole-live/thinkphp/lang/zh-cn.php
[ 2018-05-29T17:11:26+08:00 ][ info ] [ ROUTE ] array (
)
[ 2018-05-29T17:11:26+08:00 ][ info ] [ HEADER ] array (
)
[ 2018-05-29T17:11:26+08:00 ][ info ] [ PARAM ] array (
)
[ 2018-05-29T17:11:27+08:00 ][ info ] [ LANG ] /var/www/html/swoole-live/thinkphp/lang/zh-cn.php
[ 2018-05-29T17:11:27+08:00 ][ info ] [ ROUTE ] array (
)
[ 2018-05-29T17:11:27+08:00 ][ info ] [ HEADER ] array (
)
[ 2018-05-29T17:11:27+08:00 ][ info ] [ PARAM ] array (
)
[ 2018-05-29T17:11:33+08:00 ][ info ] [ LANG ] /var/www/html/swoole-live/thinkphp/lang/zh-cn.php
[ info ] [ LOG ] INIT File
[ 2018-05-29T17:11:33+08:00 ][ info ] [ ROUTE ] array (
)
[ 2018-05-29T17:11:33+08:00 ][ info ] [ HEADER ] array (
)
[ 2018-05-29T17:11:33+08:00 ][ info ] [ PARAM ] array (
)
[ 2018-05-29T17:11:34+08:00 ][ info ] [ LANG ] /var/www/html/swoole-live/thinkphp/lang/zh-cn.php
[ 2018-05-29T17:11:34+08:00 ][ info ] [ ROUTE ] array (
)
[ 2018-05-29T17:11:34+08:00 ][ info ] [ HEADER ] array (
)
[ 2018-05-29T17:11:34+08:00 ][ info ] [ PARAM ] array (
)
[ 2018-05-29T17:14:18+08:00 ][ info ] [ LANG ] /var/www/html/swoole-live/thinkphp/lang/zh-cn.php
[ info ] [ LOG ] INIT File
[ 2018-05-29T17:14:18+08:00 ][ info ] [ ROUTE ] array (
)
[ 2018-05-29T17:14:18+08:00 ][ info ] [ HEADER ] array (
)
[ 2018-05-29T17:14:18+08:00 ][ info ] [ PARAM ] array (
)
[ 2018-05-29T17:14:19+08:00 ][ info ] [ LANG ] /var/www/html/swoole-live/thinkphp/lang/zh-cn.php
[ 2018-05-29T17:14:19+08:00 ][ info ] [ ROUTE ] array (
)
[ 2018-05-29T17:14:19+08:00 ][ info ] [ HEADER ] array (
)
[ 2018-05-29T17:14:19+08:00 ][ info ] [ PARAM ] array (
)
[ 2018-05-29T17:18:52+08:00 ][ info ] [ LANG ] /var/www/html/swoole-live/thinkphp/lang/zh-cn.php
[ info ] [ LOG ] INIT File
[ 2018-05-29T17:18:52+08:00 ][ info ] [ ROUTE ] array (
)
[ 2018-05-29T17:18:52+08:00 ][ info ] [ HEADER ] array (
)
[ 2018-05-29T17:18:52+08:00 ][ info ] [ PARAM ] array (
)
[ 2018-05-29T17:18:52+08:00 ][ info ] [ LANG ] /var/www/html/swoole-live/thinkphp/lang/zh-cn.php
[ 2018-05-29T17:18:52+08:00 ][ info ] [ ROUTE ] array (
)
[ 2018-05-29T17:18:52+08:00 ][ info ] [ HEADER ] array (
)
[ 2018-05-29T17:18:52+08:00 ][ info ] [ PARAM ] array (
)
[ 2018-05-29T17:19:31+08:00 ][ info ] [ LANG ] /var/www/html/swoole-live/thinkphp/lang/zh-cn.php
[ 2018-05-29T17:19:31+08:00 ][ info ] [ ROUTE ] array (
)
[ 2018-05-29T17:19:31+08:00 ][ info ] [ HEADER ] array (
)
[ 2018-05-29T17:19:31+08:00 ][ info ] [ PARAM ] array (
)
[ 2018-05-29T17:19:31+08:00 ][ info ] [ LANG ] /var/www/html/swoole-live/thinkphp/lang/zh-cn.php
[ 2018-05-29T17:19:31+08:00 ][ info ] [ ROUTE ] array (
)
[ 2018-05-29T17:19:31+08:00 ][ info ] [ HEADER ] array (
)
[ 2018-05-29T17:19:31+08:00 ][ info ] [ PARAM ] array (
)
[ 2018-05-29T17:19:56+08:00 ][ info ] [ LANG ] /var/www/html/swoole-live/thinkphp/lang/zh-cn.php
[ info ] [ LOG ] INIT File
[ 2018-05-29T17:19:56+08:00 ][ info ] [ ROUTE ] array (
)
[ 2018-05-29T17:19:56+08:00 ][ info ] [ HEADER ] array (
)
[ 2018-05-29T17:19:56+08:00 ][ info ] [ PARAM ] array (
)
[ 2018-05-29T17:19:56+08:00 ][ info ] [ LANG ] /var/www/html/swoole-live/thinkphp/lang/zh-cn.php
[ 2018-05-29T17:19:56+08:00 ][ info ] [ ROUTE ] array (
)
[ 2018-05-29T17:19:56+08:00 ][ info ] [ HEADER ] array (
)
[ 2018-05-29T17:19:56+08:00 ][ info ] [ PARAM ] array (
)
[ 2018-05-29T17:20:29+08:00 ][ info ] [ LANG ] /var/www/html/swoole-live/thinkphp/lang/zh-cn.php
[ info ] [ LOG ] INIT File
[ 2018-05-29T17:20:29+08:00 ][ info ] [ ROUTE ] array (
)
[ 2018-05-29T17:20:29+08:00 ][ info ] [ HEADER ] array (
)
[ 2018-05-29T17:20:29+08:00 ][ info ] [ PARAM ] array (
)
[ 2018-05-29T17:20:29+08:00 ][ info ] [ LANG ] /var/www/html/swoole-live/thinkphp/lang/zh-cn.php
[ 2018-05-29T17:20:29+08:00 ][ info ] [ ROUTE ] array (
)
[ 2018-05-29T17:20:29+08:00 ][ info ] [ HEADER ] array (
)
[ 2018-05-29T17:20:29+08:00 ][ info ] [ PARAM ] array (
)
[ 2018-05-29T22:35:08+08:00 ][ info ] [ LANG ] /var/www/html/swoole-live/thinkphp/lang/zh-cn.php
[ info ] [ LOG ] INIT File
[ 2018-05-29T22:35:08+08:00 ][ info ] [ ROUTE ] array (
)
[ 2018-05-29T22:35:08+08:00 ][ info ] [ HEADER ] array (
)
[ 2018-05-29T22:35:08+08:00 ][ info ] [ PARAM ] array (
)
[ 2018-05-29T22:40:31+08:00 ][ info ] [ LANG ] /var/www/html/swoole-live/thinkphp/lang/zh-cn.php
[ 2018-05-29T22:40:31+08:00 ][ info ] [ ROUTE ] array (
)
[ 2018-05-29T22:40:31+08:00 ][ info ] [ HEADER ] array (
)
[ 2018-05-29T22:40:31+08:00 ][ info ] [ PARAM ] array (
  'phone_num' => '',
)
[ 2018-05-29T22:44:31+08:00 ][ info ] [ LANG ] /var/www/html/swoole-live/thinkphp/lang/zh-cn.php
[ 2018-05-29T22:44:31+08:00 ][ info ] [ ROUTE ] array (
)
[ 2018-05-29T22:44:31+08:00 ][ info ] [ HEADER ] array (
)
[ 2018-05-29T22:44:31+08:00 ][ info ] [ PARAM ] array (
  'phone_num' => '',
)
[ 2018-05-29T22:44:37+08:00 ][ info ] [ LANG ] /var/www/html/swoole-live/thinkphp/lang/zh-cn.php
[ 2018-05-29T22:44:37+08:00 ][ info ] [ ROUTE ] array (
)
[ 2018-05-29T22:44:37+08:00 ][ info ] [ HEADER ] array (
)
[ 2018-05-29T22:44:37+08:00 ][ info ] [ PARAM ] array (
  'phone_num' => '',
)
[ 2018-05-29T22:44:56+08:00 ][ info ] [ LANG ] /var/www/html/swoole-live/thinkphp/lang/zh-cn.php
[ 2018-05-29T22:44:56+08:00 ][ info ] [ ROUTE ] array (
)
[ 2018-05-29T22:44:56+08:00 ][ info ] [ HEADER ] array (
)
[ 2018-05-29T22:44:56+08:00 ][ info ] [ PARAM ] array (
  'phone_num' => '',
)
[ 2018-05-29T22:45:15+08:00 ][ info ] [ LANG ] /var/www/html/swoole-live/thinkphp/lang/zh-cn.php
[ 2018-05-29T22:45:15+08:00 ][ info ] [ ROUTE ] array (
)
[ 2018-05-29T22:45:15+08:00 ][ info ] [ HEADER ] array (
)
[ 2018-05-29T22:45:15+08:00 ][ info ] [ PARAM ] array (
  'phone_num' => '',
)
[ 2018-05-29T22:46:27+08:00 ][ info ] [ LANG ] /var/www/html/swoole-live/thinkphp/lang/zh-cn.php
[ 2018-05-29T22:46:27+08:00 ][ info ] [ ROUTE ] array (
)
[ 2018-05-29T22:46:27+08:00 ][ info ] [ HEADER ] array (
)
[ 2018-05-29T22:46:27+08:00 ][ info ] [ PARAM ] array (
  'phone_num' => '',
)
[ 2018-05-29T22:46:39+08:00 ][ info ] [ LANG ] /var/www/html/swoole-live/thinkphp/lang/zh-cn.php
[ 2018-05-29T22:46:39+08:00 ][ info ] [ ROUTE ] array (
)
[ 2018-05-29T22:46:39+08:00 ][ info ] [ HEADER ] array (
)
[ 2018-05-29T22:46:39+08:00 ][ info ] [ PARAM ] array (
  'phone_num' => '',
)
[ 2018-05-29T22:47:34+08:00 ][ info ] [ LANG ] /var/www/html/swoole-live/thinkphp/lang/zh-cn.php
[ 2018-05-29T22:47:34+08:00 ][ info ] [ ROUTE ] array (
)
[ 2018-05-29T22:47:34+08:00 ][ info ] [ HEADER ] array (
)
[ 2018-05-29T22:47:34+08:00 ][ info ] [ PARAM ] array (
  'phone_num' => '',
)
[ 2018-05-29T22:48:41+08:00 ][ info ] [ LANG ] /var/www/html/swoole-live/thinkphp/lang/zh-cn.php
[ info ] [ LOG ] INIT File
[ 2018-05-29T22:48:41+08:00 ][ info ] [ ROUTE ] array (
)
[ 2018-05-29T22:48:41+08:00 ][ info ] [ HEADER ] array (
)
[ 2018-05-29T22:48:41+08:00 ][ info ] [ PARAM ] array (
  'phone_num' => '',
)
[ 2018-05-29T23:05:27+08:00 ][ info ] [ LANG ] /var/www/html/swoole-live/thinkphp/lang/zh-cn.php
[ info ] [ LOG ] INIT File
[ 2018-05-29T23:05:27+08:00 ][ info ] [ ROUTE ] array (
)
[ 2018-05-29T23:05:27+08:00 ][ info ] [ HEADER ] array (
)
[ 2018-05-29T23:05:27+08:00 ][ info ] [ PARAM ] array (
  'phone_num' => '15606073818',
)
