[ 2018-05-31T10:51:25+08:00 ][ info ] [ LANG ] /var/www/html/swoole-live/thinkphp/lang/zh-cn.php
[ info ] [ LOG ] INIT File
[ 2018-05-31T10:51:25+08:00 ][ info ] [ LANG ] /var/www/html/swoole-live/thinkphp/lang/zh-cn.php
[ info ] [ LOG ] INIT File
[ 2018-05-31T10:51:25+08:00 ][ info ] [ LANG ] /var/www/html/swoole-live/thinkphp/lang/zh-cn.php
[ info ] [ LOG ] INIT File
[ 2018-05-31T10:51:25+08:00 ][ info ] [ ROUTE ] array (
)
[ 2018-05-31T10:51:25+08:00 ][ info ] [ HEADER ] array (
)
[ 2018-05-31T10:51:25+08:00 ][ info ] [ PARAM ] array (
)
[ 2018-05-31T10:51:25+08:00 ][ info ] [ LANG ] /var/www/html/swoole-live/thinkphp/lang/zh-cn.php
[ info ] [ LOG ] INIT File
[ 2018-05-31T10:51:25+08:00 ][ info ] [ ROUTE ] array (
)
[ 2018-05-31T10:51:25+08:00 ][ info ] [ HEADER ] array (
)
[ 2018-05-31T10:51:25+08:00 ][ info ] [ PARAM ] array (
)
[ 2018-05-31T10:51:25+08:00 ][ info ] [ LANG ] /var/www/html/swoole-live/thinkphp/lang/zh-cn.php
[ info ] [ LOG ] INIT File
[ 2018-05-31T10:51:25+08:00 ][ info ] [ ROUTE ] array (
)
[ 2018-05-31T10:51:25+08:00 ][ info ] [ HEADER ] array (
)
[ 2018-05-31T10:51:25+08:00 ][ info ] [ PARAM ] array (
)
[ 2018-05-31T10:51:25+08:00 ][ info ] [ LANG ] /var/www/html/swoole-live/thinkphp/lang/zh-cn.php
[ info ] [ LOG ] INIT File
[ 2018-05-31T10:51:25+08:00 ][ info ] [ ROUTE ] array (
)
[ 2018-05-31T10:51:25+08:00 ][ info ] [ HEADER ] array (
)
[ 2018-05-31T10:51:25+08:00 ][ info ] [ PARAM ] array (
)
[ 2018-05-31T10:51:25+08:00 ][ info ] [ LANG ] /var/www/html/swoole-live/thinkphp/lang/zh-cn.php
[ info ] [ LOG ] INIT File
[ 2018-05-31T10:51:25+08:00 ][ info ] [ ROUTE ] array (
)
[ 2018-05-31T10:51:25+08:00 ][ info ] [ HEADER ] array (
)
[ 2018-05-31T10:51:25+08:00 ][ info ] [ PARAM ] array (
)
[ 2018-05-31T10:51:25+08:00 ][ info ] [ LANG ] /var/www/html/swoole-live/thinkphp/lang/zh-cn.php
[ info ] [ LOG ] INIT File
[ 2018-05-31T10:51:25+08:00 ][ info ] [ ROUTE ] array (
)
[ 2018-05-31T10:51:25+08:00 ][ info ] [ HEADER ] array (
)
[ 2018-05-31T10:51:25+08:00 ][ info ] [ PARAM ] array (
)
[ 2018-05-31T10:51:25+08:00 ][ info ] [ LANG ] /var/www/html/swoole-live/thinkphp/lang/zh-cn.php
[ info ] [ LOG ] INIT File
[ 2018-05-31T10:51:25+08:00 ][ info ] [ ROUTE ] array (
)
[ 2018-05-31T10:51:25+08:00 ][ info ] [ HEADER ] array (
)
[ 2018-05-31T10:51:25+08:00 ][ info ] [ PARAM ] array (
)
[ 2018-05-31T10:51:25+08:00 ][ info ] [ LANG ] /var/www/html/swoole-live/thinkphp/lang/zh-cn.php
[ info ] [ LOG ] INIT File
[ 2018-05-31T10:51:25+08:00 ][ info ] [ ROUTE ] array (
)
[ 2018-05-31T10:51:25+08:00 ][ info ] [ HEADER ] array (
)
[ 2018-05-31T10:51:25+08:00 ][ info ] [ PARAM ] array (
)
[ 2018-05-31T10:51:25+08:00 ][ info ] [ ROUTE ] array (
)
[ 2018-05-31T10:51:25+08:00 ][ info ] [ HEADER ] array (
)
[ 2018-05-31T10:51:25+08:00 ][ info ] [ PARAM ] array (
)
[ 2018-05-31T10:51:25+08:00 ][ info ] [ ROUTE ] array (
)
[ 2018-05-31T10:51:25+08:00 ][ info ] [ HEADER ] array (
)
[ 2018-05-31T10:51:25+08:00 ][ info ] [ PARAM ] array (
)
[ 2018-05-31T10:58:30+08:00 ][ info ] [ LANG ] /var/www/html/swoole-live/thinkphp/lang/zh-cn.php
[ info ] [ LOG ] INIT File
[ 2018-05-31T10:58:30+08:00 ][ info ] [ LANG ] /var/www/html/swoole-live/thinkphp/lang/zh-cn.php
[ info ] [ LOG ] INIT File
[ 2018-05-31T10:58:30+08:00 ][ info ] [ LANG ] /var/www/html/swoole-live/thinkphp/lang/zh-cn.php
[ info ] [ LOG ] INIT File
[ 2018-05-31T10:58:30+08:00 ][ info ] [ LANG ] /var/www/html/swoole-live/thinkphp/lang/zh-cn.php
[ info ] [ LOG ] INIT File
[ 2018-05-31T10:58:30+08:00 ][ info ] [ LANG ] /var/www/html/swoole-live/thinkphp/lang/zh-cn.php
[ info ] [ LOG ] INIT File
[ 2018-05-31T10:58:30+08:00 ][ info ] [ LANG ] /var/www/html/swoole-live/thinkphp/lang/zh-cn.php
[ info ] [ LOG ] INIT File
[ 2018-05-31T10:58:30+08:00 ][ info ] [ LANG ] /var/www/html/swoole-live/thinkphp/lang/zh-cn.php
[ info ] [ LOG ] INIT File
[ 2018-05-31T10:58:30+08:00 ][ info ] [ LANG ] /var/www/html/swoole-live/thinkphp/lang/zh-cn.php
[ info ] [ LOG ] INIT File
[ 2018-05-31T10:58:30+08:00 ][ info ] [ ROUTE ] array (
)
[ 2018-05-31T10:58:30+08:00 ][ info ] [ HEADER ] array (
)
[ 2018-05-31T10:58:30+08:00 ][ info ] [ PARAM ] array (
)
[ 2018-05-31T10:58:30+08:00 ][ info ] [ ROUTE ] array (
)
[ 2018-05-31T10:58:30+08:00 ][ info ] [ HEADER ] array (
)
[ 2018-05-31T10:58:30+08:00 ][ info ] [ PARAM ] array (
)
[ 2018-05-31T10:58:30+08:00 ][ info ] [ ROUTE ] array (
)
[ 2018-05-31T10:58:30+08:00 ][ info ] [ HEADER ] array (
)
[ 2018-05-31T10:58:30+08:00 ][ info ] [ PARAM ] array (
)
[ 2018-05-31T10:58:30+08:00 ][ info ] [ ROUTE ] array (
)
[ 2018-05-31T10:58:30+08:00 ][ info ] [ HEADER ] array (
)
[ 2018-05-31T10:58:30+08:00 ][ info ] [ PARAM ] array (
)
[ 2018-05-31T10:58:30+08:00 ][ info ] [ LANG ] /var/www/html/swoole-live/thinkphp/lang/zh-cn.php
[ info ] [ LOG ] INIT File
[ 2018-05-31T10:58:30+08:00 ][ info ] [ ROUTE ] array (
)
[ 2018-05-31T10:58:30+08:00 ][ info ] [ HEADER ] array (
)
[ 2018-05-31T10:58:30+08:00 ][ info ] [ PARAM ] array (
)
[ 2018-05-31T10:58:30+08:00 ][ info ] [ ROUTE ] array (
)
[ 2018-05-31T10:58:30+08:00 ][ info ] [ HEADER ] array (
)
[ 2018-05-31T10:58:30+08:00 ][ info ] [ PARAM ] array (
)
[ 2018-05-31T10:58:30+08:00 ][ info ] [ ROUTE ] array (
)
[ 2018-05-31T10:58:30+08:00 ][ info ] [ HEADER ] array (
)
[ 2018-05-31T10:58:30+08:00 ][ info ] [ PARAM ] array (
)
[ 2018-05-31T10:58:30+08:00 ][ info ] [ ROUTE ] array (
)
[ 2018-05-31T10:58:30+08:00 ][ info ] [ HEADER ] array (
)
[ 2018-05-31T10:58:30+08:00 ][ info ] [ PARAM ] array (
)
[ 2018-05-31T10:58:30+08:00 ][ info ] [ ROUTE ] array (
)
[ 2018-05-31T10:58:30+08:00 ][ info ] [ HEADER ] array (
)
[ 2018-05-31T10:58:30+08:00 ][ info ] [ PARAM ] array (
)
[ 2018-05-31T10:58:30+08:00 ][ info ] [ LANG ] /var/www/html/swoole-live/thinkphp/lang/zh-cn.php
[ info ] [ LOG ] INIT File
[ 2018-05-31T10:58:30+08:00 ][ info ] [ ROUTE ] array (
)
[ 2018-05-31T10:58:30+08:00 ][ info ] [ HEADER ] array (
)
[ 2018-05-31T10:58:30+08:00 ][ info ] [ PARAM ] array (
)
[ 2018-05-31T11:19:00+08:00 ][ info ] [ LANG ] /var/www/html/swoole-live/thinkphp/lang/zh-cn.php
[ 2018-05-31T11:19:00+08:00 ][ info ] [ ROUTE ] array (
)
[ 2018-05-31T11:19:00+08:00 ][ info ] [ HEADER ] array (
)
[ 2018-05-31T11:19:00+08:00 ][ info ] [ PARAM ] array (
)
[ 2018-05-31T11:19:01+08:00 ][ info ] [ LANG ] /var/www/html/swoole-live/thinkphp/lang/zh-cn.php
[ 2018-05-31T11:19:01+08:00 ][ info ] [ ROUTE ] array (
)
[ 2018-05-31T11:19:01+08:00 ][ info ] [ HEADER ] array (
)
[ 2018-05-31T11:19:01+08:00 ][ info ] [ PARAM ] array (
)
[ 2018-05-31T11:21:05+08:00 ][ info ] [ LANG ] /var/www/html/swoole-live/thinkphp/lang/zh-cn.php
[ info ] [ LOG ] INIT File
[ 2018-05-31T11:21:05+08:00 ][ info ] [ ROUTE ] array (
)
[ 2018-05-31T11:21:05+08:00 ][ info ] [ HEADER ] array (
)
[ 2018-05-31T11:21:05+08:00 ][ info ] [ PARAM ] array (
)
[ 2018-05-31T22:24:13+08:00 ][ info ] [ LANG ] /var/www/html/swoole-live/thinkphp/lang/zh-cn.php
[ 2018-05-31T22:24:13+08:00 ][ info ] [ ROUTE ] array (
)
[ 2018-05-31T22:24:13+08:00 ][ info ] [ HEADER ] array (
)
[ 2018-05-31T22:24:13+08:00 ][ info ] [ PARAM ] array (
)
[ 2018-05-31T22:26:28+08:00 ][ info ] [ LANG ] /var/www/html/swoole-live/thinkphp/lang/zh-cn.php
[ info ] [ LOG ] INIT File
[ 2018-05-31T22:26:28+08:00 ][ info ] [ ROUTE ] array (
)
[ 2018-05-31T22:26:28+08:00 ][ info ] [ HEADER ] array (
)
[ 2018-05-31T22:26:28+08:00 ][ info ] [ PARAM ] array (
)
[ 2018-05-31T22:26:29+08:00 ][ info ] [ LANG ] /var/www/html/swoole-live/thinkphp/lang/zh-cn.php
[ info ] [ LOG ] INIT File
[ 2018-05-31T22:26:29+08:00 ][ info ] [ ROUTE ] array (
)
[ 2018-05-31T22:26:29+08:00 ][ info ] [ HEADER ] array (
)
[ 2018-05-31T22:26:29+08:00 ][ info ] [ PARAM ] array (
)
[ 2018-05-31T22:26:29+08:00 ][ info ] [ LANG ] /var/www/html/swoole-live/thinkphp/lang/zh-cn.php
[ info ] [ LOG ] INIT File
[ 2018-05-31T22:26:29+08:00 ][ info ] [ ROUTE ] array (
)
[ 2018-05-31T22:26:29+08:00 ][ info ] [ HEADER ] array (
)
[ 2018-05-31T22:26:29+08:00 ][ info ] [ PARAM ] array (
)
